#
# A fatal error has been detected by the Java Runtime Environment:
#
#  SIGSEGV (0xb) at pc=0x0000000000000000, pid=2084, tid=0x0000000000001b03
#
# JRE version:  (8.0_144-b01) (build )
# Java VM: Java HotSpot(TM) 64-Bit Server VM (25.144-b01 mixed mode bsd-amd64 compressed oops)
# Problematic frame:
# C  0x0000000000000000
#
# Failed to write core dump. Core dumps have been disabled. To enable core dumping, try "ulimit -c unlimited" before starting Java again
#
# If you would like to submit a bug report, please visit:
#   http://bugreport.java.com/bugreport/crash.jsp
#

---------------  T H R E A D  ---------------

Current thread (0x00007f939a00c000):  JavaThread "Unknown thread" [_thread_in_Java, id=6915, stack(0x0000700007ff2000,0x00007000080f2000)]

siginfo: si_signo: 11 (SIGSEGV), si_code: 1 (SEGV_MAPERR), si_addr: 0x0000000000000000

Registers:
RAX=0x0000000000000000, RBX=0x0000000112226960, RCX=0x0000000795580e00, RDX=0x0000000010500001
RSP=0x00007000080f0490, RBP=0x00007000080f04e0, RSI=0x0000000000000007, RDI=0x00007f939a00c000
R8 =0x0000000000000000, R9 =0x0000000000000000, R10=0x000000010ccf4fa0, R11=0x0000000000000310
R12=0x0000000000000000, R13=0x00007000080f0498, R14=0x00007000080f04e8, R15=0x00007f939a00c000
RIP=0x0000000000000000, EFLAGS=0x0000000000010246, ERR=0x0000000000000014
  TRAPNO=0x000000000000000e

Top of Stack: (sp=0x00007000080f0490)
0x00007000080f0490:   0000000119d6ea90 0000000795580e00
0x00007000080f04a0:   00007000080f04a0 0000000112235e82
0x00007000080f04b0:   00007000080f04e8 00000001122deee0
0x00007000080f04c0:   0000000000000000 0000000112235ec0
0x00007000080f04d0:   00007000080f0498 00007000080f04f0
0x00007000080f04e0:   00007000080f0550 0000000119d677a7
0x00007000080f04f0:   0000000100001fa0 000000000000000a
0x00007000080f0500:   00007f939a00c000 0000000000000000
0x00007000080f0510:   0000000119d6771f 0000000112235ec0
0x00007000080f0520:   00007000080f05e8 00007000080f0720
0x00007000080f0530:   000000010000000a 0000000112235ec0
0x00007000080f0540:   0000000119d79c80 00007000080f0730
0x00007000080f0550:   00007000080f0700 000000010c6ee70a
0x00007000080f0560:   0000700000000000 00007f939a00c000
0x00007000080f0570:   0000000000000005 00007000080f0720
0x00007000080f0580:   0000000000000000 0000000119d79c80
0x00007000080f0590:   00007000080f0a50 00007000080f0728
0x00007000080f05a0:   00007000080f0718 00007f939a00c000
0x00007000080f05b0:   00007f939a00c000 00007f9398d04ed0
0x00007000080f05c0:   00007f9398d04f10 00007f9398d04f78
0x00007000080f05d0:   00007f9398d04ff8 00000000000000d8
0x00007000080f05e0:   00007000080f0970 00007f939a00c000
0x00007000080f05f0:   00007f9398d10dc0 0000000112235ec0
0x00007000080f0600:   0000000000000000 00007000080f1640
0x00007000080f0610:   0000000119d7e9c8 00007000080f1680
0x00007000080f0620:   00007000080f0718 0000000000000050
0x00007000080f0630:   0000000100000008 0000000112235ec0
0x00007000080f0640:   00007f939a00c000 000000010c69c13d
0x00007000080f0650:   00007f9398d0b3c0 0000000000000012
0x00007000080f0660:   00007000080f0690 0000000112235ec0
0x00007000080f0670:   00007f939a00c000 000000010c6b51bf
0x00007000080f0680:   00000000080f06a0 0000000112235ec0 

Instructions: (pc=0x0000000000000000)
0xffffffffffffffe0:   

Register to memory mapping:

RAX=0x0000000000000000 is an unknown value
RBX={method} {0x0000000112226960} 'desiredAssertionStatus' '()Z' in 'java/lang/Class'
RCX=0x0000000795580e00 is an oop
java.lang.Class 
 - klass: 'java/lang/Class'
RDX=0x0000000010500001 is an unknown value
RSP=0x00007000080f0490 is pointing into the stack for thread: 0x00007f939a00c000
RBP=0x00007000080f04e0 is pointing into the stack for thread: 0x00007f939a00c000
RSI=0x0000000000000007 is an unknown value
RDI=0x00007f939a00c000 is a thread
R8 =0x0000000000000000 is an unknown value
R9 =0x0000000000000000 is an unknown value
R10=0x000000010ccf4fa0: _ZN19TemplateInterpreter20_invoke_return_entryE+0 in /Library/Java/JavaVirtualMachines/jdk1.8.0_144.jdk/Contents/Home/jre/lib/server/libjvm.dylib at 0x000000010c400000
R11=0x0000000000000310 is an unknown value
R12=0x0000000000000000 is an unknown value
R13=0x00007000080f0498 is pointing into the stack for thread: 0x00007f939a00c000
R14=0x00007000080f04e8 is pointing into the stack for thread: 0x00007f939a00c000
R15=0x00007f939a00c000 is a thread


Stack: [0x0000700007ff2000,0x00007000080f2000],  sp=0x00007000080f0490,  free space=1017k

---------------  P R O C E S S  ---------------

Java Threads: ( => current thread )
=>0x00007f939a00c000 JavaThread "Unknown thread" [_thread_in_Java, id=6915, stack(0x0000700007ff2000,0x00007000080f2000)]

Other Threads:
  0x00007f939a00b000 VMThread [stack: 0x0000700008501000,0x0000700008601000] [id=12035]

VM state:not at safepoint (normal execution)

VM Mutex/Monitor currently owned by a thread: None

Heap:
 PSYoungGen      total 38400K, used 665K [0x0000000795580000, 0x0000000798000000, 0x00000007c0000000)
  eden space 33280K, 2% used [0x0000000795580000,0x0000000795626670,0x0000000797600000)
  from space 5120K, 0% used [0x0000000797b00000,0x0000000797b00000,0x0000000798000000)
  to   space 5120K, 0% used [0x0000000797600000,0x0000000797600000,0x0000000797b00000)
 ParOldGen       total 87552K, used 0K [0x0000000740000000, 0x0000000745580000, 0x0000000795580000)
  object space 87552K, 0% used [0x0000000740000000,0x0000000740000000,0x0000000745580000)
 Metaspace       used 979K, capacity 4480K, committed 4480K, reserved 1056768K
  class space    used 95K, capacity 384K, committed 384K, reserved 1048576K

Card table byte_map: [0x000000010d767000,0x000000010db68000] byte_map_base: 0x0000000109d67000

Marking Bits: (ParMarkBitMap*) 0x000000010ccf35d0
 Begin Bits: [0x000000010de13000, 0x000000010fe13000)
 End Bits:   [0x000000010fe13000, 0x0000000111e13000)

Polling page: 0x000000010babe000

CodeCache: size=245760Kb used=391Kb max_used=391Kb free=245368Kb
 bounds [0x0000000119d67000, 0x0000000119fd7000, 0x0000000128d67000]
 total_blobs=78 nmethods=0 adapters=53
 compilation: enabled

Compilation events (0 events):
No events

GC Heap History (0 events):
No events

Deoptimization events (0 events):
No events

Internal exceptions (0 events):
No events

Events (10 events):
Event: 0.033 loading class com/zeroturnaround/jrebelbase/facade/al
Event: 0.033 loading class com/zeroturnaround/jrebelbase/facade/al done
Event: 0.033 loading class com/zeroturnaround/jrebelbase/facade/ap
Event: 0.033 loading class com/zeroturnaround/jrebelbase/facade/ap done
Event: 0.033 loading class com/zeroturnaround/jrebelbase/facade/a
Event: 0.033 loading class com/zeroturnaround/jrebelbase/facade/a done
Event: 0.034 loading class java/lang/NoSuchMethodError
Event: 0.034 loading class java/lang/IncompatibleClassChangeError
Event: 0.034 loading class java/lang/IncompatibleClassChangeError done
Event: 0.034 loading class java/lang/NoSuchMethodError done


Dynamic libraries:
0x0000000009bc1000 	/System/Library/Frameworks/Cocoa.framework/Versions/A/Cocoa
0x0000000009bc1000 	/System/Library/Frameworks/Security.framework/Versions/A/Security
0x0000000009bc1000 	/System/Library/Frameworks/ApplicationServices.framework/Versions/A/ApplicationServices
0x0000000009bc1000 	/usr/lib/libz.1.dylib
0x0000000009bc1000 	/usr/lib/libSystem.B.dylib
0x0000000009bc1000 	/usr/lib/libobjc.A.dylib
0x0000000009bc1000 	/System/Library/Frameworks/CoreFoundation.framework/Versions/A/CoreFoundation
0x0000000009bc1000 	/System/Library/Frameworks/Foundation.framework/Versions/C/Foundation
0x0000000009bc1000 	/System/Library/Frameworks/AppKit.framework/Versions/C/AppKit
0x0000000009bc1000 	/System/Library/Frameworks/CoreData.framework/Versions/A/CoreData
0x0000000009bc1000 	/System/Library/PrivateFrameworks/RemoteViewServices.framework/Versions/A/RemoteViewServices
0x0000000009bc1000 	/System/Library/PrivateFrameworks/UIFoundation.framework/Versions/A/UIFoundation
0x0000000009bc1000 	/System/Library/PrivateFrameworks/DFRFoundation.framework/Versions/A/DFRFoundation
0x0000000009bc1000 	/System/Library/Frameworks/Metal.framework/Versions/A/Metal
0x0000000009bc1000 	/System/Library/PrivateFrameworks/DesktopServicesPriv.framework/Versions/A/DesktopServicesPriv
0x0000000009bc1000 	/usr/lib/libenergytrace.dylib
0x0000000009bc1000 	/System/Library/PrivateFrameworks/SkyLight.framework/Versions/A/SkyLight
0x0000000009bc1000 	/System/Library/Frameworks/CoreGraphics.framework/Versions/A/CoreGraphics
0x0000000009bc1000 	/usr/lib/libScreenReader.dylib
0x0000000009bc1000 	/System/Library/Frameworks/Accelerate.framework/Versions/A/Accelerate
0x0000000009bc1000 	/System/Library/Frameworks/IOSurface.framework/Versions/A/IOSurface
0x0000000009bc1000 	/System/Library/Frameworks/AudioToolbox.framework/Versions/A/AudioToolbox
0x0000000009bc1000 	/System/Library/Frameworks/AudioUnit.framework/Versions/A/AudioUnit
0x0000000009bc1000 	/System/Library/PrivateFrameworks/DataDetectorsCore.framework/Versions/A/DataDetectorsCore
0x0000000009bc1000 	/System/Library/Frameworks/Carbon.framework/Versions/A/Frameworks/HIToolbox.framework/Versions/A/HIToolbox
0x0000000009bc1000 	/usr/lib/libicucore.A.dylib
0x0000000009bc1000 	/System/Library/Frameworks/QuartzCore.framework/Versions/A/QuartzCore
0x0000000009bc1000 	/System/Library/Frameworks/Carbon.framework/Versions/A/Frameworks/SpeechRecognition.framework/Versions/A/SpeechRecognition
0x0000000009bc1000 	/usr/lib/libauto.dylib
0x0000000009bc1000 	/usr/lib/libxml2.2.dylib
0x0000000009bc1000 	/System/Library/PrivateFrameworks/CoreUI.framework/Versions/A/CoreUI
0x0000000009bc1000 	/System/Library/Frameworks/CoreAudio.framework/Versions/A/CoreAudio
0x0000000009bc1000 	/System/Library/Frameworks/DiskArbitration.framework/Versions/A/DiskArbitration
0x0000000009bc1000 	/usr/lib/liblangid.dylib
0x0000000009bc1000 	/System/Library/PrivateFrameworks/MultitouchSupport.framework/Versions/A/MultitouchSupport
0x0000000009bc1000 	/System/Library/Frameworks/IOKit.framework/Versions/A/IOKit
0x0000000009bc1000 	/usr/lib/libDiagnosticMessagesClient.dylib
0x0000000009bc1000 	/System/Library/Frameworks/CoreServices.framework/Versions/A/CoreServices
0x0000000009bc1000 	/System/Library/PrivateFrameworks/PerformanceAnalysis.framework/Versions/A/PerformanceAnalysis
0x0000000009bc1000 	/System/Library/Frameworks/OpenGL.framework/Versions/A/OpenGL
0x0000000009bc1000 	/System/Library/Frameworks/ColorSync.framework/Versions/A/ColorSync
0x0000000009bc1000 	/System/Library/Frameworks/CoreImage.framework/Versions/A/CoreImage
0x0000000009bc1000 	/System/Library/Frameworks/CoreText.framework/Versions/A/CoreText
0x0000000009bc1000 	/System/Library/Frameworks/ImageIO.framework/Versions/A/ImageIO
0x0000000009bc1000 	/System/Library/PrivateFrameworks/Backup.framework/Versions/A/Backup
0x0000000009bc1000 	/usr/lib/libarchive.2.dylib
0x0000000009bc1000 	/System/Library/Frameworks/CFNetwork.framework/Versions/A/CFNetwork
0x0000000009bc1000 	/System/Library/Frameworks/SystemConfiguration.framework/Versions/A/SystemConfiguration
0x0000000009bc1000 	/usr/lib/libCRFSuite.dylib
0x0000000009bc1000 	/usr/lib/libc++.1.dylib
0x0000000009bc1000 	/usr/lib/libc++abi.dylib
0x0000000009bc1000 	/usr/lib/system/libcache.dylib
0x0000000009bc1000 	/usr/lib/system/libcommonCrypto.dylib
0x0000000009bc1000 	/usr/lib/system/libcompiler_rt.dylib
0x0000000009bc1000 	/usr/lib/system/libcopyfile.dylib
0x0000000009bc1000 	/usr/lib/system/libcorecrypto.dylib
0x0000000009bc1000 	/usr/lib/system/libdispatch.dylib
0x0000000009bc1000 	/usr/lib/system/libdyld.dylib
0x0000000009bc1000 	/usr/lib/system/libkeymgr.dylib
0x0000000009bc1000 	/usr/lib/system/liblaunch.dylib
0x0000000009bc1000 	/usr/lib/system/libmacho.dylib
0x0000000009bc1000 	/usr/lib/system/libquarantine.dylib
0x0000000009bc1000 	/usr/lib/system/libremovefile.dylib
0x0000000009bc1000 	/usr/lib/system/libsystem_asl.dylib
0x0000000009bc1000 	/usr/lib/system/libsystem_blocks.dylib
0x0000000009bc1000 	/usr/lib/system/libsystem_c.dylib
0x0000000009bc1000 	/usr/lib/system/libsystem_configuration.dylib
0x0000000009bc1000 	/usr/lib/system/libsystem_coreservices.dylib
0x0000000009bc1000 	/usr/lib/system/libsystem_darwin.dylib
0x0000000009bc1000 	/usr/lib/system/libsystem_dnssd.dylib
0x0000000009bc1000 	/usr/lib/system/libsystem_info.dylib
0x0000000009bc1000 	/usr/lib/system/libsystem_m.dylib
0x0000000009bc1000 	/usr/lib/system/libsystem_malloc.dylib
0x0000000009bc1000 	/usr/lib/system/libsystem_network.dylib
0x0000000009bc1000 	/usr/lib/system/libsystem_networkextension.dylib
0x0000000009bc1000 	/usr/lib/system/libsystem_notify.dylib
0x0000000009bc1000 	/usr/lib/system/libsystem_sandbox.dylib
0x0000000009bc1000 	/usr/lib/system/libsystem_secinit.dylib
0x0000000009bc1000 	/usr/lib/system/libsystem_kernel.dylib
0x0000000009bc1000 	/usr/lib/system/libsystem_platform.dylib
0x0000000009bc1000 	/usr/lib/system/libsystem_pthread.dylib
0x0000000009bc1000 	/usr/lib/system/libsystem_symptoms.dylib
0x0000000009bc1000 	/usr/lib/system/libsystem_trace.dylib
0x0000000009bc1000 	/usr/lib/system/libunwind.dylib
0x0000000009bc1000 	/usr/lib/system/libxpc.dylib
0x0000000009bc1000 	/usr/lib/closure/libclosured.dylib
0x0000000009bc1000 	/usr/lib/libbsm.0.dylib
0x0000000009bc1000 	/usr/lib/system/libkxld.dylib
0x0000000009bc1000 	/usr/lib/libOpenScriptingUtil.dylib
0x0000000009bc1000 	/usr/lib/libcoretls.dylib
0x0000000009bc1000 	/usr/lib/libcoretls_cfhelpers.dylib
0x0000000009bc1000 	/usr/lib/libpam.2.dylib
0x0000000009bc1000 	/usr/lib/libsqlite3.dylib
0x0000000009bc1000 	/usr/lib/libxar.1.dylib
0x0000000009bc1000 	/usr/lib/libbz2.1.0.dylib
0x0000000009bc1000 	/usr/lib/liblzma.5.dylib
0x0000000009bc1000 	/usr/lib/libnetwork.dylib
0x0000000009bc1000 	/usr/lib/libapple_nghttp2.dylib
0x0000000009bc1000 	/usr/lib/libpcap.A.dylib
0x0000000009bc1000 	/usr/lib/libboringssl.dylib
0x0000000009bc1000 	/usr/lib/libusrtcp.dylib
0x0000000009bc1000 	/usr/lib/libapple_crypto.dylib
0x0000000009bc1000 	/System/Library/Frameworks/CoreServices.framework/Versions/A/Frameworks/FSEvents.framework/Versions/A/FSEvents
0x0000000009bc1000 	/System/Library/Frameworks/CoreServices.framework/Versions/A/Frameworks/CarbonCore.framework/Versions/A/CarbonCore
0x0000000009bc1000 	/System/Library/Frameworks/CoreServices.framework/Versions/A/Frameworks/Metadata.framework/Versions/A/Metadata
0x0000000009bc1000 	/System/Library/Frameworks/CoreServices.framework/Versions/A/Frameworks/OSServices.framework/Versions/A/OSServices
0x0000000009bc1000 	/System/Library/Frameworks/CoreServices.framework/Versions/A/Frameworks/SearchKit.framework/Versions/A/SearchKit
0x0000000009bc1000 	/System/Library/Frameworks/CoreServices.framework/Versions/A/Frameworks/AE.framework/Versions/A/AE
0x0000000009bc1000 	/System/Library/Frameworks/CoreServices.framework/Versions/A/Frameworks/LaunchServices.framework/Versions/A/LaunchServices
0x0000000009bc1000 	/System/Library/Frameworks/CoreServices.framework/Versions/A/Frameworks/DictionaryServices.framework/Versions/A/DictionaryServices
0x0000000009bc1000 	/System/Library/Frameworks/CoreServices.framework/Versions/A/Frameworks/SharedFileList.framework/Versions/A/SharedFileList
0x0000000009bc1000 	/System/Library/Frameworks/NetFS.framework/Versions/A/NetFS
0x0000000009bc1000 	/System/Library/PrivateFrameworks/NetAuth.framework/Versions/A/NetAuth
0x0000000009bc1000 	/System/Library/PrivateFrameworks/login.framework/Versions/A/Frameworks/loginsupport.framework/Versions/A/loginsupport
0x0000000009bc1000 	/System/Library/PrivateFrameworks/TCC.framework/Versions/A/TCC
0x0000000009bc1000 	/usr/lib/libmecabra.dylib
0x0000000009bc1000 	/System/Library/Frameworks/ApplicationServices.framework/Versions/A/Frameworks/ATS.framework/Versions/A/ATS
0x0000000009bc1000 	/System/Library/Frameworks/ApplicationServices.framework/Versions/A/Frameworks/ColorSyncLegacy.framework/Versions/A/ColorSyncLegacy
0x0000000009bc1000 	/System/Library/Frameworks/ApplicationServices.framework/Versions/A/Frameworks/HIServices.framework/Versions/A/HIServices
0x0000000009bc1000 	/System/Library/Frameworks/ApplicationServices.framework/Versions/A/Frameworks/LangAnalysis.framework/Versions/A/LangAnalysis
0x0000000009bc1000 	/System/Library/Frameworks/ApplicationServices.framework/Versions/A/Frameworks/PrintCore.framework/Versions/A/PrintCore
0x0000000009bc1000 	/System/Library/Frameworks/ApplicationServices.framework/Versions/A/Frameworks/QD.framework/Versions/A/QD
0x0000000009bc1000 	/System/Library/Frameworks/ApplicationServices.framework/Versions/A/Frameworks/SpeechSynthesis.framework/Versions/A/SpeechSynthesis
0x0000000009bc1000 	/System/Library/Frameworks/CoreDisplay.framework/Versions/A/CoreDisplay
0x0000000009bc1000 	/System/Library/Frameworks/Accelerate.framework/Versions/A/Frameworks/vImage.framework/Versions/A/vImage
0x0000000009bc1000 	/System/Library/Frameworks/Accelerate.framework/Versions/A/Frameworks/vecLib.framework/Versions/A/vecLib
0x0000000009bc1000 	/System/Library/Frameworks/Accelerate.framework/Versions/A/Frameworks/vecLib.framework/Versions/A/libvDSP.dylib
0x0000000009bc1000 	/System/Library/Frameworks/Accelerate.framework/Versions/A/Frameworks/vecLib.framework/Versions/A/libBNNS.dylib
0x0000000009bc1000 	/System/Library/Frameworks/Accelerate.framework/Versions/A/Frameworks/vecLib.framework/Versions/A/libQuadrature.dylib
0x0000000009bc1000 	/System/Library/Frameworks/Accelerate.framework/Versions/A/Frameworks/vecLib.framework/Versions/A/libvMisc.dylib
0x0000000009bc1000 	/System/Library/Frameworks/Accelerate.framework/Versions/A/Frameworks/vecLib.framework/Versions/A/libLAPACK.dylib
0x0000000009bc1000 	/System/Library/Frameworks/Accelerate.framework/Versions/A/Frameworks/vecLib.framework/Versions/A/libBLAS.dylib
0x0000000009bc1000 	/System/Library/Frameworks/Accelerate.framework/Versions/A/Frameworks/vecLib.framework/Versions/A/libLinearAlgebra.dylib
0x0000000009bc1000 	/System/Library/Frameworks/Accelerate.framework/Versions/A/Frameworks/vecLib.framework/Versions/A/libSparse.dylib
0x0000000009bc1000 	/System/Library/Frameworks/Accelerate.framework/Versions/A/Frameworks/vecLib.framework/Versions/A/libSparseBLAS.dylib
0x0000000009bc1000 	/System/Library/PrivateFrameworks/IOAccelerator.framework/Versions/A/IOAccelerator
0x0000000009bc1000 	/System/Library/PrivateFrameworks/IOPresentment.framework/Versions/A/IOPresentment
0x0000000009bc1000 	/System/Library/PrivateFrameworks/DSExternalDisplay.framework/Versions/A/DSExternalDisplay
0x0000000009bc1000 	/System/Library/Frameworks/OpenGL.framework/Versions/A/Libraries/libCoreFSCache.dylib
0x0000000009bc1000 	/System/Library/Frameworks/CoreVideo.framework/Versions/A/CoreVideo
0x0000000009bc1000 	/System/Library/PrivateFrameworks/GraphVisualizer.framework/Versions/A/GraphVisualizer
0x0000000009bc1000 	/System/Library/Frameworks/MetalPerformanceShaders.framework/Versions/A/MetalPerformanceShaders
0x0000000009bc1000 	/usr/lib/libFosl_dynamic.dylib
0x0000000009bc1000 	/System/Library/PrivateFrameworks/FaceCore.framework/Versions/A/FaceCore
0x0000000009bc1000 	/System/Library/Frameworks/OpenCL.framework/Versions/A/OpenCL
0x0000000009bc1000 	/usr/lib/libcompression.dylib
0x0000000009bc1000 	/System/Library/Frameworks/ApplicationServices.framework/Versions/A/Frameworks/ATS.framework/Versions/A/Resources/libFontParser.dylib
0x0000000009bc1000 	/System/Library/Frameworks/ApplicationServices.framework/Versions/A/Frameworks/ATS.framework/Versions/A/Resources/libFontRegistry.dylib
0x0000000009bc1000 	/System/Library/Frameworks/ImageIO.framework/Versions/A/Resources/libJPEG.dylib
0x0000000009bc1000 	/System/Library/Frameworks/ImageIO.framework/Versions/A/Resources/libTIFF.dylib
0x0000000009bc1000 	/System/Library/Frameworks/ImageIO.framework/Versions/A/Resources/libPng.dylib
0x0000000009bc1000 	/System/Library/Frameworks/ImageIO.framework/Versions/A/Resources/libGIF.dylib
0x0000000009bc1000 	/System/Library/Frameworks/ImageIO.framework/Versions/A/Resources/libJP2.dylib
0x0000000009bc1000 	/System/Library/Frameworks/ImageIO.framework/Versions/A/Resources/libRadiance.dylib
0x0000000009bc1000 	/System/Library/PrivateFrameworks/AppleJPEG.framework/Versions/A/AppleJPEG
0x0000000009bc1000 	/System/Library/PrivateFrameworks/MetalTools.framework/Versions/A/MetalTools
0x0000000009bc1000 	/System/Library/Frameworks/MetalPerformanceShaders.framework/Frameworks/MPSCore.framework/Versions/A/MPSCore
0x0000000009bc1000 	/System/Library/Frameworks/MetalPerformanceShaders.framework/Frameworks/MPSImage.framework/Versions/A/MPSImage
0x0000000009bc1000 	/System/Library/Frameworks/MetalPerformanceShaders.framework/Frameworks/MPSMatrix.framework/Versions/A/MPSMatrix
0x0000000009bc1000 	/System/Library/Frameworks/MetalPerformanceShaders.framework/Frameworks/MPSNeuralNetwork.framework/Versions/A/MPSNeuralNetwork
0x0000000009bc1000 	/System/Library/Frameworks/OpenGL.framework/Versions/A/Libraries/libGLU.dylib
0x0000000009bc1000 	/System/Library/Frameworks/OpenGL.framework/Versions/A/Libraries/libGFXShared.dylib
0x0000000009bc1000 	/System/Library/Frameworks/OpenGL.framework/Versions/A/Libraries/libGL.dylib
0x0000000009bc1000 	/System/Library/Frameworks/OpenGL.framework/Versions/A/Libraries/libGLImage.dylib
0x0000000009bc1000 	/System/Library/Frameworks/OpenGL.framework/Versions/A/Libraries/libCVMSPluginSupport.dylib
0x0000000009bc1000 	/System/Library/Frameworks/OpenGL.framework/Versions/A/Libraries/libCoreVMClient.dylib
0x0000000009bc1000 	/usr/lib/libcups.2.dylib
0x0000000009bc1000 	/System/Library/Frameworks/Kerberos.framework/Versions/A/Kerberos
0x0000000009bc1000 	/System/Library/Frameworks/GSS.framework/Versions/A/GSS
0x0000000009bc1000 	/usr/lib/libresolv.9.dylib
0x0000000009bc1000 	/usr/lib/libiconv.2.dylib
0x0000000009bc1000 	/System/Library/PrivateFrameworks/Heimdal.framework/Versions/A/Heimdal
0x0000000009bc1000 	/usr/lib/libheimdal-asn1.dylib
0x0000000009bc1000 	/System/Library/Frameworks/OpenDirectory.framework/Versions/A/OpenDirectory
0x0000000009bc1000 	/System/Library/PrivateFrameworks/CommonAuth.framework/Versions/A/CommonAuth
0x0000000009bc1000 	/System/Library/Frameworks/OpenDirectory.framework/Versions/A/Frameworks/CFOpenDirectory.framework/Versions/A/CFOpenDirectory
0x0000000009bc1000 	/System/Library/Frameworks/SecurityFoundation.framework/Versions/A/SecurityFoundation
0x0000000009bc1000 	/System/Library/PrivateFrameworks/APFS.framework/Versions/A/APFS
0x0000000009bc1000 	/usr/lib/libutil.dylib
0x0000000009bc1000 	/System/Library/PrivateFrameworks/AppleSauce.framework/Versions/A/AppleSauce
0x0000000009bc1000 	/System/Library/PrivateFrameworks/LinguisticData.framework/Versions/A/LinguisticData
0x0000000009bc1000 	/usr/lib/libmarisa.dylib
0x0000000009bc1000 	/System/Library/PrivateFrameworks/Lexicon.framework/Versions/A/Lexicon
0x0000000009bc1000 	/usr/lib/libChineseTokenizer.dylib
0x0000000009bc1000 	/usr/lib/libcmph.dylib
0x0000000009bc1000 	/System/Library/PrivateFrameworks/LanguageModeling.framework/Versions/A/LanguageModeling
0x0000000009bc1000 	/System/Library/PrivateFrameworks/CoreEmoji.framework/Versions/A/CoreEmoji
0x0000000009bc1000 	/System/Library/Frameworks/ServiceManagement.framework/Versions/A/ServiceManagement
0x0000000009bc1000 	/System/Library/PrivateFrameworks/BackgroundTaskManagement.framework/Versions/A/BackgroundTaskManagement
0x0000000009bc1000 	/usr/lib/libxslt.1.dylib
0x0000000009bc1000 	/System/Library/Frameworks/Carbon.framework/Versions/A/Frameworks/Ink.framework/Versions/A/Ink
0x0000000009bc1000 	/System/Library/PrivateFrameworks/TextureIO.framework/Versions/A/TextureIO
0x0000000009bc1000 	/usr/lib/libate.dylib
0x0000000009bc1000 	/System/Library/PrivateFrameworks/CrashReporterSupport.framework/Versions/A/CrashReporterSupport
0x0000000009bc1000 	/System/Library/PrivateFrameworks/Sharing.framework/Versions/A/Sharing
0x0000000009bc1000 	/System/Library/PrivateFrameworks/IconServices.framework/Versions/A/IconServices
0x0000000009bc1000 	/System/Library/PrivateFrameworks/ProtocolBuffer.framework/Versions/A/ProtocolBuffer
0x0000000009bc1000 	/System/Library/PrivateFrameworks/Apple80211.framework/Versions/A/Apple80211
0x0000000009bc1000 	/System/Library/Frameworks/CoreWLAN.framework/Versions/A/CoreWLAN
0x0000000009bc1000 	/System/Library/PrivateFrameworks/CoreUtils.framework/Versions/A/CoreUtils
0x0000000009bc1000 	/System/Library/Frameworks/IOBluetooth.framework/Versions/A/IOBluetooth
0x0000000009bc1000 	/System/Library/PrivateFrameworks/CoreWiFi.framework/Versions/A/CoreWiFi
0x0000000009bc1000 	/System/Library/Frameworks/CoreBluetooth.framework/Versions/A/CoreBluetooth
0x0000000009bc1000 	/System/Library/PrivateFrameworks/SignpostNotification.framework/Versions/A/SignpostNotification
0x0000000009bc1000 	/System/Library/PrivateFrameworks/DebugSymbols.framework/Versions/A/DebugSymbols
0x0000000009bc1000 	/System/Library/PrivateFrameworks/CoreSymbolication.framework/Versions/A/CoreSymbolication
0x0000000009bc1000 	/System/Library/PrivateFrameworks/Symbolication.framework/Versions/A/Symbolication
0x0000000009bc1000 	/System/Library/PrivateFrameworks/AppleFSCompression.framework/Versions/A/AppleFSCompression
0x0000000009bc1000 	/System/Library/PrivateFrameworks/SpeechRecognitionCore.framework/Versions/A/SpeechRecognitionCore
0x0000000009bc1000 	/System/Library/CoreServices/Encodings/libSimplifiedChineseConverter.dylib
0x000000010c400000 	/Library/Java/JavaVirtualMachines/jdk1.8.0_144.jdk/Contents/Home/jre/lib/server/libjvm.dylib
0x0000000009bc1000 	/usr/lib/libstdc++.6.0.9.dylib
0x000000010ba7b000 	/Library/Java/JavaVirtualMachines/jdk1.8.0_144.jdk/Contents/Home/jre/lib/libverify.dylib
0x000000010ba89000 	/Library/Java/JavaVirtualMachines/jdk1.8.0_144.jdk/Contents/Home/jre/lib/libjava.dylib
0x000000010babf000 	/Library/Java/JavaVirtualMachines/jdk1.8.0_144.jdk/Contents/Home/jre/lib/libinstrument.dylib
0x000000010bb5d000 	/Library/Java/JavaVirtualMachines/jdk1.8.0_144.jdk/Contents/Home/jre/lib/libzip.dylib

VM Arguments:
jvm_args: -XX:TieredStopAtLevel=1 -Djava.ext.dirs=/Users/kzysure/Library/Java/Extensions:/Library/Java/JavaVirtualMachines/jdk1.8.0_144.jdk/Contents/Home/jre/lib/ext:/Library/Java/Extensions:/Network/Library/Java/Extensions:/System/Library/Java/Extensions:/usr/lib/java -Djava.endorsed.dirs=/Library/Java/JavaVirtualMachines/jdk1.8.0_144.jdk/Contents/Home/jre/lib/endorsed -Djava.library.path=/Users/kzysure/Library/Java/Extensions:/Library/Java/Extensions:/Network/Library/Java/Extensions:/System/Library/Java/Extensions:/usr/lib/java:. -Drebel.base=/Users/kzysure/.jrebel -Drebel.env.ide.plugin.version=7.1.3 -Drebel.env.ide.version=2017.2.4 -Drebel.env.ide.product=IU -Drebel.env.ide=intellij -Dspring.output.ansi.enabled=always -Dcom.sun.management.jmxremote= -Dcom.sun.management.jmxremote.port=53968 -Dcom.sun.management.jmxremote.authenticate=false -Dcom.sun.management.jmxremote.ssl=false -Dspring.liveBeansView.mbeanDomain= -Dspring.application.admin.enabled=true -Dfile.encoding=UTF-8 -Drebel.griffin.bootstrap_run=true -Drebel.griffin.bootstrap_single_jar=true -Drebel.griffin.bootstrap_path=/Users/kzysure/.jrebel/bootcache/jrebel-bootstrap-852e55ec0ed9aa254309db8d29f8b003.jar -javaagent:/Users/kzysure/jrebel/jrebel.jar -Xbootclasspath:/Users/kzysure/.jrebel/bootcache/jrebel-bootstrap-2422b17a2ec476d7a48f1ea3b631cec2.jar:/Library/Java/JavaVirtualMachines/jdk1.8.0_144.jdk/Contents/Home/jre/lib/resources.jar:/Library/Java/JavaVirtualMachines/jdk1.8.0_144.jdk/Contents/Home/jre/lib/rt.jar:/Library/Java/JavaVirtualMachines/jdk1.8.0_144.jdk/Contents/Home/jre/lib/sunrsasign.jar:/Library/Java/JavaVirtualMachines/jdk1.8.0_144.jdk/Contents/Home/jre/lib/jsse.jar:/Library/Java/JavaVirtualMachines/jdk1.8.0_144.jdk/Contents/Home/jre/lib/jce.jar:/Library/Java/JavaVirtualMachines/jdk1.8.0_144.jdk/Contents/Home/jre/lib/charsets.jar:/Library/Java/JavaVirtualMachines/jdk1.8.0_144.jdk/Contents/Home/jre/lib/jfr.jar:/Library/Java/JavaVirtualMachines/jdk1.8.0_144.jdk/Contents/Home/jre/classes:/var/folders/w1/y0d_jct96hd45t75xf07f9yc0000gn/T/jrebel6-temp/jrebel.jar -Drebel.log.file=/Users/kzysure/.jrebel/bootcache/jrebel-bootstrap-852e55ec0ed9aa254309db8d29f8b003.jar.log -Drebel.log=trace -Drebel.no.native.mess=true 
java_command: com.zeroturnaround.javarebel.Install
java_class_path (initial): /Library/Java/JavaVirtualMachines/jdk1.8.0_144.jdk/Contents/Home/jre/lib/charsets.jar:/Library/Java/JavaVirtualMachines/jdk1.8.0_144.jdk/Contents/Home/jre/lib/deploy.jar:/Library/Java/JavaVirtualMachines/jdk1.8.0_144.jdk/Contents/Home/jre/lib/ext/cldrdata.jar:/Library/Java/JavaVirtualMachines/jdk1.8.0_144.jdk/Contents/Home/jre/lib/ext/dnsns.jar:/Library/Java/JavaVirtualMachines/jdk1.8.0_144.jdk/Contents/Home/jre/lib/ext/jaccess.jar:/Library/Java/JavaVirtualMachines/jdk1.8.0_144.jdk/Contents/Home/jre/lib/ext/jfxrt.jar:/Library/Java/JavaVirtualMachines/jdk1.8.0_144.jdk/Contents/Home/jre/lib/ext/localedata.jar:/Library/Java/JavaVirtualMachines/jdk1.8.0_144.jdk/Contents/Home/jre/lib/ext/nashorn.jar:/Library/Java/JavaVirtualMachines/jdk1.8.0_144.jdk/Contents/Home/jre/lib/ext/sunec.jar:/Library/Java/JavaVirtualMachines/jdk1.8.0_144.jdk/Contents/Home/jre/lib/ext/sunjce_provider.jar:/Library/Java/JavaVirtualMachines/jdk1.8.0_144.jdk/Contents/Home/jre/lib/ext/sunpkcs11.jar:/Library/Java/JavaVirtualMachines/jdk1.8.0_144.jdk/Contents/Home/jre/lib/ext/zipfs.jar:/Library/Java/JavaVirtualMachines/jdk1.8.0_144.jdk/Contents/Home/jre/lib/javaws.jar:/Library/Java/JavaVirtualMachines/jdk1.8.0_144.jdk/Contents/Home/jre/lib/jce.jar:/Library/Java/JavaVirtualMachines/jdk1.8.0_144.jdk/Contents/Home/jre/lib/jfr.jar:/Library/Java/JavaVirtualMachines/jdk1.8.0_144.jdk/Contents/Home/jre/lib/jfxswt.jar:/Library/Java/JavaVirtualMachines/jdk1.8.0_144.jdk/Contents/Home/jre/lib/jsse.jar:/Library/Java/JavaVirtualMachines/jdk1.8.0_144.jdk/Contents/Home/jre/lib/management-agent.jar:/Library/Java/JavaVirtualMachines/jdk1.8.0_144.jdk/Contents/Home/jre/lib/plugin.jar:/Library/Java/JavaVirtualMachines/jdk1.8.0_144.jdk/Contents/Home/jre/lib/resources.jar:/Library/Java/JavaVirtualMachines/jdk1.8.0_144.jdk/Contents/Home/jre/lib/rt.jar:/Library/Java/JavaVirtualMachines/jdk1.8.0_144.jdk/Contents/Home/lib/ant-javafx.jar:/Library/Java/JavaVirtualMachines/jdk1.8.0_144.jdk/Contents/Home
Launcher Type: SUN_STANDARD

Environment Variables:
PATH=/Users/kzysure/.sdkman/candidates/maven/current/bin:/usr/local/bin:/usr/bin:/bin:/usr/sbin:/sbin
SHELL=/bin/zsh

Signal Handlers:
SIGSEGV: [libjvm.dylib+0x5b26e5], sa_mask[0]=11111111011111110111111111111111, sa_flags=SA_ONSTACK|SA_RESTART|SA_SIGINFO
SIGBUS: [libjvm.dylib+0x5b26e5], sa_mask[0]=11111111011111110111111111111111, sa_flags=SA_RESTART|SA_SIGINFO
SIGFPE: [libjvm.dylib+0x489100], sa_mask[0]=11111111011111110111111111111111, sa_flags=SA_RESTART|SA_SIGINFO
SIGPIPE: [libjvm.dylib+0x489100], sa_mask[0]=11111111011111110111111111111111, sa_flags=SA_RESTART|SA_SIGINFO
SIGXFSZ: [libjvm.dylib+0x489100], sa_mask[0]=11111111011111110111111111111111, sa_flags=SA_RESTART|SA_SIGINFO
SIGILL: [libjvm.dylib+0x489100], sa_mask[0]=11111111011111110111111111111111, sa_flags=SA_RESTART|SA_SIGINFO
SIGUSR1: SIG_DFL, sa_mask[0]=00000000000000000000000000000000, sa_flags=none
SIGUSR2: [libjvm.dylib+0x488c1e], sa_mask[0]=00100000000000000000000000000000, sa_flags=SA_RESTART|SA_SIGINFO
SIGHUP: SIG_DFL, sa_mask[0]=11111111011111110111111111111111, sa_flags=SA_RESTART|SA_SIGINFO
SIGINT: SIG_DFL, sa_mask[0]=11111111011111110111111111111111, sa_flags=SA_RESTART|SA_SIGINFO
SIGTERM: SIG_DFL, sa_mask[0]=11111111011111110111111111111111, sa_flags=SA_RESTART|SA_SIGINFO
SIGQUIT: SIG_DFL, sa_mask[0]=11111111011111110111111111111111, sa_flags=SA_RESTART|SA_SIGINFO


---------------  S Y S T E M  ---------------

OS:Bsduname:Darwin 17.2.0 Darwin Kernel Version 17.2.0: Fri Sep 29 18:27:05 PDT 2017; root:xnu-4570.20.62~3/RELEASE_X86_64 x86_64
rlimit: STACK 8192k, CORE 0k, NPROC 709, NOFILE 10240, AS infinity
load average:7.15 4.36 3.62

CPU:total 4 (initial active 4) (2 cores per cpu, 2 threads per core) family 6 model 61 stepping 4, cmov, cx8, fxsr, mmx, sse, sse2, sse3, ssse3, sse4.1, sse4.2, popcnt, avx, avx2, aes, clmul, erms, 3dnowpref, lzcnt, ht, tsc, tscinvbit, bmi1, bmi2, adx

Memory: 4k page, physical 8388608k(363276k free)

/proc/meminfo:


vm_info: Java HotSpot(TM) 64-Bit Server VM (25.144-b01) for bsd-amd64 JRE (1.8.0_144-b01), built on Jul 21 2017 22:07:42 by "java_re" with gcc 4.2.1 (Based on Apple Inc. build 5658) (LLVM build 2336.11.00)

time: Sat Mar 10 15:39:22 2018
elapsed time: 0 seconds (0d 0h 0m 0s)

