

Found multiple occurrences of org.json.JSONObject on the class path:

	jar:file:/Users/kzysure/.m2/repository/com/vaadin/external/google/android-json/0.0.20131108.vaadin1/android-json-0.0.20131108.vaadin1.jar!/org/json/JSONObject.class
	jar:file:/Users/kzysure/.m2/repository/org/json/json/20140107/json-20140107.jar!/org/json/JSONObject.class

You may wish to exclude one of them to ensure predictable runtime behaviour

Starting OrderMasterRepositoryTest on bogon with PID 8481 (started by kzysure in /Users/kzysure/workspace/Test/sell)
No active profile set, falling back to default profiles: default
Refreshing org.springframework.web.context.support.GenericWebApplicationContext@9cb8225: startup date [Fri Apr 06 13:49:53 CST 2018]; root of context hierarchy
HV000001: Hibernate Validator 5.3.5.Final
Multiple Spring Data modules found, entering strict repository configuration mode!
Multiple Spring Data modules found, entering strict repository configuration mode!
Spring Data Redis - Could not safely identify store assignment for repository candidate interface com.kzysure.demo.repository.OrderMasterRepository.
Spring Data Redis - Could not safely identify store assignment for repository candidate interface com.kzysure.demo.repository.ProductInfoRepository.
Spring Data Redis - Could not safely identify store assignment for repository candidate interface com.kzysure.demo.repository.SellerInfoRepository.
Spring Data Redis - Could not safely identify store assignment for repository candidate interface com.kzysure.demo.repository.OrderDetailRepository.
Spring Data Redis - Could not safely identify store assignment for repository candidate interface com.kzysure.demo.repository.ProductCategoryRepository.
JSR-330 'javax.inject.Inject' annotation found and supported for autowiring
Building JPA container EntityManagerFactory for persistence unit 'default'
HHH000204: Processing PersistenceUnitInfo [
	name: default
	...]
HHH000412: Hibernate Core {5.0.12.Final}
HHH000206: hibernate.properties not found
HHH000021: Bytecode provider name : javassist
HCANN000001: Hibernate Commons Annotations {5.0.1.Final}
HHH000400: Using dialect: org.hibernate.dialect.MySQL5Dialect
Initialized JPA EntityManagerFactory for persistence unit 'default'
Looking for @ControllerAdvice: org.springframework.web.context.support.GenericWebApplicationContext@9cb8225: startup date [Fri Apr 06 13:49:53 CST 2018]; root of context hierarchy
Mapped "{[/buyer/order/orderPay],methods=[POST]}" onto public com.kzysure.demo.VO.ResultVO com.kzysure.demo.controller.BuyerOrderController.orderPay(java.lang.String)
Mapped "{[/buyer/order/orderList],methods=[GET]}" onto public void com.kzysure.demo.controller.BuyerOrderController.getOrderList(java.lang.String)
Mapped "{[/buyer/order/create],methods=[POST]}" onto public com.kzysure.demo.VO.ResultVO<java.util.Map<java.lang.String, java.lang.String>> com.kzysure.demo.controller.BuyerOrderController.createOrder(com.kzysure.demo.form.OrderForm,org.springframework.validation.BindingResult)
Mapped "{[/buyer/order/list],methods=[GET]}" onto public com.kzysure.demo.VO.ResultVO<java.util.List<com.kzysure.demo.dto.OrderDTO>> com.kzysure.demo.controller.BuyerOrderController.findList(com.kzysure.demo.form.ListForm)
Mapped "{[/buyer/order/detail],methods=[GET]}" onto public com.kzysure.demo.VO.ResultVO<com.kzysure.demo.dto.OrderDTO> com.kzysure.demo.controller.BuyerOrderController.finOne(java.lang.String,java.lang.String)
Mapped "{[/buyer/order/cancel],methods=[POST]}" onto public com.kzysure.demo.VO.ResultVO com.kzysure.demo.controller.BuyerOrderController.cancelOrder(java.lang.String,java.lang.String)
Mapped "{[/buyer/order/orderConfirm],methods=[POST]}" onto public java.util.List<com.kzysure.demo.VO.OrderConfirmVO> com.kzysure.demo.controller.BuyerOrderController.orderConfirm(java.lang.String)
Mapped "{[/buyer/product/list],methods=[GET]}" onto public com.kzysure.demo.VO.ResultVO com.kzysure.demo.controller.BuyerProductController.list()
Mapped "{[/fileUpload],methods=[POST],consumes=[multipart/form-data],produces=[application/json]}" onto public com.kzysure.demo.VO.ResultVO com.kzysure.demo.controller.FileUploadController.fileUpload(org.springframework.web.multipart.MultipartFile)
Mapped "{[/oauth/githubOauth],methods=[GET]}" onto public org.springframework.web.servlet.ModelAndView com.kzysure.demo.controller.GithubOauthController.githubOauth(java.lang.String,java.lang.String,java.util.Map<java.lang.String, java.lang.String>)
Mapped "{[/pay/create],methods=[GET]}" onto public void com.kzysure.demo.controller.PayController.create(java.lang.String,java.lang.String)
Mapped "{[/seller/product/list],methods=[GET]}" onto public org.springframework.web.servlet.ModelAndView com.kzysure.demo.controller.ProductController.list(java.lang.Integer,java.lang.Integer,java.util.Map<java.lang.String, java.lang.Object>)
Mapped "{[/seller/loginto],methods=[GET]}" onto public org.springframework.web.servlet.ModelAndView com.kzysure.demo.controller.SellerLoginController.login(java.util.Map<java.lang.String, java.lang.Object>)
Mapped "{[/seller/denglu],methods=[GET]}" onto public com.kzysure.demo.VO.LoginResponse com.kzysure.demo.controller.SellerLoginController.denglu(java.lang.String,java.lang.String)
Mapped "{[/seller/order/list],methods=[GET]}" onto public java.util.List<com.kzysure.demo.VO.OrderVO> com.kzysure.demo.controller.SellerOrderController.list()
Mapped "{[/seller/order/detail],methods=[GET]}" onto public com.kzysure.demo.dto.OrderDTO com.kzysure.demo.controller.SellerOrderController.detail(java.lang.String,javax.servlet.http.HttpServletResponse)
Mapped "{[/seller/order/cancel],methods=[GET]}" onto public org.springframework.web.servlet.ModelAndView com.kzysure.demo.controller.SellerOrderController.cancel(java.lang.String,java.util.Map<java.lang.String, java.lang.Object>)
Mapped "{[/seller/order/finish],methods=[GET]}" onto public org.springframework.web.servlet.ModelAndView com.kzysure.demo.controller.SellerOrderController.finish(java.lang.String,java.util.Map<java.lang.String, java.lang.Object>)
Mapped "{[/seller/login],methods=[GET]}" onto public org.springframework.web.servlet.ModelAndView com.kzysure.demo.controller.SellerUserController.login(java.lang.String,java.util.Map<java.lang.String, java.lang.String>,javax.servlet.http.HttpServletResponse)
Mapped "{[/seller/logout],methods=[GET]}" onto public org.springframework.web.servlet.ModelAndView com.kzysure.demo.controller.SellerUserController.logout(javax.servlet.http.HttpServletRequest,javax.servlet.http.HttpServletResponse,java.util.Map<java.lang.String, java.lang.String>)
Mapped "{[/wechat/userInfo],methods=[GET]}" onto public java.lang.String com.kzysure.demo.controller.WechatController.getUserInfo(java.lang.String,java.lang.String)
Mapped "{[/wechat/authorize],methods=[GET]}" onto public java.lang.String com.kzysure.demo.controller.WechatController.authorize(java.lang.String)
Mapped "{[/error]}" onto public org.springframework.http.ResponseEntity<java.util.Map<java.lang.String, java.lang.Object>> org.springframework.boot.autoconfigure.web.BasicErrorController.error(javax.servlet.http.HttpServletRequest)
Mapped "{[/error],produces=[text/html]}" onto public org.springframework.web.servlet.ModelAndView org.springframework.boot.autoconfigure.web.BasicErrorController.errorHtml(javax.servlet.http.HttpServletRequest,javax.servlet.http.HttpServletResponse)
Mapped URL path [/webjars/**] onto handler of type [class org.springframework.web.servlet.resource.ResourceHttpRequestHandler]
Mapped URL path [/**] onto handler of type [class org.springframework.web.servlet.resource.ResourceHttpRequestHandler]
Detected @ExceptionHandler methods in sellerAuthorizeHandler
Detected @ExceptionHandler methods in sellerExceptionHandler
Mapped URL path [/**/favicon.ico] onto handler of type [class org.springframework.web.servlet.resource.ResourceHttpRequestHandler]
ClassTemplateLoader for Spring macros added to FreeMarker configuration
Started OrderMasterRepositoryTest in 18.409 seconds (JVM running for 20.696)
HHH000397: Using ASTQueryTranslatorFactory
Closing org.springframework.web.context.support.GenericWebApplicationContext@9cb8225: startup date [Fri Apr 06 13:49:53 CST 2018]; root of context hierarchy
Closing JPA EntityManagerFactory for persistence unit 'default'


Found multiple occurrences of org.json.JSONObject on the class path:

	jar:file:/Users/kzysure/.m2/repository/com/vaadin/external/google/android-json/0.0.20131108.vaadin1/android-json-0.0.20131108.vaadin1.jar!/org/json/JSONObject.class
	jar:file:/Users/kzysure/.m2/repository/org/json/json/20140107/json-20140107.jar!/org/json/JSONObject.class

You may wish to exclude one of them to ensure predictable runtime behaviour

Starting OrderMasterRepositoryTest on bogon with PID 8508 (started by kzysure in /Users/kzysure/workspace/Test/sell)
No active profile set, falling back to default profiles: default
Refreshing org.springframework.web.context.support.GenericWebApplicationContext@9cb8225: startup date [Fri Apr 06 13:50:50 CST 2018]; root of context hierarchy
HV000001: Hibernate Validator 5.3.5.Final
Multiple Spring Data modules found, entering strict repository configuration mode!
Multiple Spring Data modules found, entering strict repository configuration mode!
Spring Data Redis - Could not safely identify store assignment for repository candidate interface com.kzysure.demo.repository.OrderMasterRepository.
Spring Data Redis - Could not safely identify store assignment for repository candidate interface com.kzysure.demo.repository.ProductInfoRepository.
Spring Data Redis - Could not safely identify store assignment for repository candidate interface com.kzysure.demo.repository.SellerInfoRepository.
Spring Data Redis - Could not safely identify store assignment for repository candidate interface com.kzysure.demo.repository.OrderDetailRepository.
Spring Data Redis - Could not safely identify store assignment for repository candidate interface com.kzysure.demo.repository.ProductCategoryRepository.
JSR-330 'javax.inject.Inject' annotation found and supported for autowiring
Building JPA container EntityManagerFactory for persistence unit 'default'
HHH000204: Processing PersistenceUnitInfo [
	name: default
	...]
HHH000412: Hibernate Core {5.0.12.Final}
HHH000206: hibernate.properties not found
HHH000021: Bytecode provider name : javassist
HCANN000001: Hibernate Commons Annotations {5.0.1.Final}
HHH000400: Using dialect: org.hibernate.dialect.MySQL5Dialect
Initialized JPA EntityManagerFactory for persistence unit 'default'
Looking for @ControllerAdvice: org.springframework.web.context.support.GenericWebApplicationContext@9cb8225: startup date [Fri Apr 06 13:50:50 CST 2018]; root of context hierarchy
Mapped "{[/buyer/order/create],methods=[POST]}" onto public com.kzysure.demo.VO.ResultVO<java.util.Map<java.lang.String, java.lang.String>> com.kzysure.demo.controller.BuyerOrderController.createOrder(com.kzysure.demo.form.OrderForm,org.springframework.validation.BindingResult)
Mapped "{[/buyer/order/list],methods=[GET]}" onto public com.kzysure.demo.VO.ResultVO<java.util.List<com.kzysure.demo.dto.OrderDTO>> com.kzysure.demo.controller.BuyerOrderController.findList(com.kzysure.demo.form.ListForm)
Mapped "{[/buyer/order/detail],methods=[GET]}" onto public com.kzysure.demo.VO.ResultVO<com.kzysure.demo.dto.OrderDTO> com.kzysure.demo.controller.BuyerOrderController.finOne(java.lang.String,java.lang.String)
Mapped "{[/buyer/order/cancel],methods=[POST]}" onto public com.kzysure.demo.VO.ResultVO com.kzysure.demo.controller.BuyerOrderController.cancelOrder(java.lang.String,java.lang.String)
Mapped "{[/buyer/order/orderConfirm],methods=[POST]}" onto public java.util.List<com.kzysure.demo.VO.OrderConfirmVO> com.kzysure.demo.controller.BuyerOrderController.orderConfirm(java.lang.String)
Mapped "{[/buyer/order/orderPay],methods=[POST]}" onto public com.kzysure.demo.VO.ResultVO com.kzysure.demo.controller.BuyerOrderController.orderPay(java.lang.String)
Mapped "{[/buyer/order/orderList],methods=[GET]}" onto public void com.kzysure.demo.controller.BuyerOrderController.getOrderList(java.lang.String)
Mapped "{[/buyer/product/list],methods=[GET]}" onto public com.kzysure.demo.VO.ResultVO com.kzysure.demo.controller.BuyerProductController.list()
Mapped "{[/fileUpload],methods=[POST],consumes=[multipart/form-data],produces=[application/json]}" onto public com.kzysure.demo.VO.ResultVO com.kzysure.demo.controller.FileUploadController.fileUpload(org.springframework.web.multipart.MultipartFile)
Mapped "{[/oauth/githubOauth],methods=[GET]}" onto public org.springframework.web.servlet.ModelAndView com.kzysure.demo.controller.GithubOauthController.githubOauth(java.lang.String,java.lang.String,java.util.Map<java.lang.String, java.lang.String>)
Mapped "{[/pay/create],methods=[GET]}" onto public void com.kzysure.demo.controller.PayController.create(java.lang.String,java.lang.String)
Mapped "{[/seller/product/list],methods=[GET]}" onto public org.springframework.web.servlet.ModelAndView com.kzysure.demo.controller.ProductController.list(java.lang.Integer,java.lang.Integer,java.util.Map<java.lang.String, java.lang.Object>)
Mapped "{[/seller/loginto],methods=[GET]}" onto public org.springframework.web.servlet.ModelAndView com.kzysure.demo.controller.SellerLoginController.login(java.util.Map<java.lang.String, java.lang.Object>)
Mapped "{[/seller/denglu],methods=[GET]}" onto public com.kzysure.demo.VO.LoginResponse com.kzysure.demo.controller.SellerLoginController.denglu(java.lang.String,java.lang.String)
Mapped "{[/seller/order/list],methods=[GET]}" onto public java.util.List<com.kzysure.demo.VO.OrderVO> com.kzysure.demo.controller.SellerOrderController.list()
Mapped "{[/seller/order/cancel],methods=[GET]}" onto public org.springframework.web.servlet.ModelAndView com.kzysure.demo.controller.SellerOrderController.cancel(java.lang.String,java.util.Map<java.lang.String, java.lang.Object>)
Mapped "{[/seller/order/detail],methods=[GET]}" onto public com.kzysure.demo.dto.OrderDTO com.kzysure.demo.controller.SellerOrderController.detail(java.lang.String,javax.servlet.http.HttpServletResponse)
Mapped "{[/seller/order/finish],methods=[GET]}" onto public org.springframework.web.servlet.ModelAndView com.kzysure.demo.controller.SellerOrderController.finish(java.lang.String,java.util.Map<java.lang.String, java.lang.Object>)
Mapped "{[/seller/logout],methods=[GET]}" onto public org.springframework.web.servlet.ModelAndView com.kzysure.demo.controller.SellerUserController.logout(javax.servlet.http.HttpServletRequest,javax.servlet.http.HttpServletResponse,java.util.Map<java.lang.String, java.lang.String>)
Mapped "{[/seller/login],methods=[GET]}" onto public org.springframework.web.servlet.ModelAndView com.kzysure.demo.controller.SellerUserController.login(java.lang.String,java.util.Map<java.lang.String, java.lang.String>,javax.servlet.http.HttpServletResponse)
Mapped "{[/wechat/userInfo],methods=[GET]}" onto public java.lang.String com.kzysure.demo.controller.WechatController.getUserInfo(java.lang.String,java.lang.String)
Mapped "{[/wechat/authorize],methods=[GET]}" onto public java.lang.String com.kzysure.demo.controller.WechatController.authorize(java.lang.String)
Mapped "{[/error]}" onto public org.springframework.http.ResponseEntity<java.util.Map<java.lang.String, java.lang.Object>> org.springframework.boot.autoconfigure.web.BasicErrorController.error(javax.servlet.http.HttpServletRequest)
Mapped "{[/error],produces=[text/html]}" onto public org.springframework.web.servlet.ModelAndView org.springframework.boot.autoconfigure.web.BasicErrorController.errorHtml(javax.servlet.http.HttpServletRequest,javax.servlet.http.HttpServletResponse)
Mapped URL path [/webjars/**] onto handler of type [class org.springframework.web.servlet.resource.ResourceHttpRequestHandler]
Mapped URL path [/**] onto handler of type [class org.springframework.web.servlet.resource.ResourceHttpRequestHandler]
Detected @ExceptionHandler methods in sellerAuthorizeHandler
Detected @ExceptionHandler methods in sellerExceptionHandler
Mapped URL path [/**/favicon.ico] onto handler of type [class org.springframework.web.servlet.resource.ResourceHttpRequestHandler]
ClassTemplateLoader for Spring macros added to FreeMarker configuration
Started OrderMasterRepositoryTest in 13.055 seconds (JVM running for 14.947)
HHH000397: Using ASTQueryTranslatorFactory
Closing org.springframework.web.context.support.GenericWebApplicationContext@9cb8225: startup date [Fri Apr 06 13:50:50 CST 2018]; root of context hierarchy
Closing JPA EntityManagerFactory for persistence unit 'default'


Found multiple occurrences of org.json.JSONObject on the class path:

	jar:file:/Users/kzysure/.m2/repository/com/vaadin/external/google/android-json/0.0.20131108.vaadin1/android-json-0.0.20131108.vaadin1.jar!/org/json/JSONObject.class
	jar:file:/Users/kzysure/.m2/repository/org/json/json/20140107/json-20140107.jar!/org/json/JSONObject.class

You may wish to exclude one of them to ensure predictable runtime behaviour

Starting OrderMasterRepositoryTest on bogon with PID 8629 (started by kzysure in /Users/kzysure/workspace/Test/sell)
No active profile set, falling back to default profiles: default
Refreshing org.springframework.web.context.support.GenericWebApplicationContext@9cb8225: startup date [Fri Apr 06 14:05:43 CST 2018]; root of context hierarchy
HV000001: Hibernate Validator 5.3.5.Final
Multiple Spring Data modules found, entering strict repository configuration mode!
Multiple Spring Data modules found, entering strict repository configuration mode!
Spring Data Redis - Could not safely identify store assignment for repository candidate interface com.kzysure.demo.repository.OrderMasterRepository.
Spring Data Redis - Could not safely identify store assignment for repository candidate interface com.kzysure.demo.repository.ProductInfoRepository.
Spring Data Redis - Could not safely identify store assignment for repository candidate interface com.kzysure.demo.repository.SellerInfoRepository.
Spring Data Redis - Could not safely identify store assignment for repository candidate interface com.kzysure.demo.repository.OrderDetailRepository.
Spring Data Redis - Could not safely identify store assignment for repository candidate interface com.kzysure.demo.repository.ProductCategoryRepository.
JSR-330 'javax.inject.Inject' annotation found and supported for autowiring
Building JPA container EntityManagerFactory for persistence unit 'default'
HHH000204: Processing PersistenceUnitInfo [
	name: default
	...]
HHH000412: Hibernate Core {5.0.12.Final}
HHH000206: hibernate.properties not found
HHH000021: Bytecode provider name : javassist
HCANN000001: Hibernate Commons Annotations {5.0.1.Final}
HHH000400: Using dialect: org.hibernate.dialect.MySQL5Dialect
Initialized JPA EntityManagerFactory for persistence unit 'default'
Exception encountered during context initialization - cancelling refresh attempt: org.springframework.beans.factory.UnsatisfiedDependencyException: Error creating bean with name 'buyerOrderController': Unsatisfied dependency expressed through field 'orderService'; nested exception is org.springframework.beans.factory.UnsatisfiedDependencyException: Error creating bean with name 'orderServiceImpl': Unsatisfied dependency expressed through field 'orderMasterRepository'; nested exception is org.springframework.beans.factory.BeanCreationException: Error creating bean with name 'orderMasterRepository': Invocation of init method failed; nested exception is org.springframework.data.mapping.PropertyReferenceException: No property O found for type String! Traversed path: OrderMaster.buyerOpenid.
Closing JPA EntityManagerFactory for persistence unit 'default'


Error starting ApplicationContext. To display the auto-configuration report re-run your application with 'debug' enabled.


Found multiple occurrences of org.json.JSONObject on the class path:

	jar:file:/Users/kzysure/.m2/repository/com/vaadin/external/google/android-json/0.0.20131108.vaadin1/android-json-0.0.20131108.vaadin1.jar!/org/json/JSONObject.class
	jar:file:/Users/kzysure/.m2/repository/org/json/json/20140107/json-20140107.jar!/org/json/JSONObject.class

You may wish to exclude one of them to ensure predictable runtime behaviour

Starting OrderMasterRepositoryTest on bogon with PID 8634 (started by kzysure in /Users/kzysure/workspace/Test/sell)
No active profile set, falling back to default profiles: default
Refreshing org.springframework.web.context.support.GenericWebApplicationContext@9cb8225: startup date [Fri Apr 06 14:06:30 CST 2018]; root of context hierarchy
HV000001: Hibernate Validator 5.3.5.Final
Multiple Spring Data modules found, entering strict repository configuration mode!
Multiple Spring Data modules found, entering strict repository configuration mode!
Spring Data Redis - Could not safely identify store assignment for repository candidate interface com.kzysure.demo.repository.OrderMasterRepository.
Spring Data Redis - Could not safely identify store assignment for repository candidate interface com.kzysure.demo.repository.ProductInfoRepository.
Spring Data Redis - Could not safely identify store assignment for repository candidate interface com.kzysure.demo.repository.SellerInfoRepository.
Spring Data Redis - Could not safely identify store assignment for repository candidate interface com.kzysure.demo.repository.OrderDetailRepository.
Spring Data Redis - Could not safely identify store assignment for repository candidate interface com.kzysure.demo.repository.ProductCategoryRepository.
JSR-330 'javax.inject.Inject' annotation found and supported for autowiring
Building JPA container EntityManagerFactory for persistence unit 'default'
HHH000204: Processing PersistenceUnitInfo [
	name: default
	...]
HHH000412: Hibernate Core {5.0.12.Final}
HHH000206: hibernate.properties not found
HHH000021: Bytecode provider name : javassist
HCANN000001: Hibernate Commons Annotations {5.0.1.Final}
HHH000400: Using dialect: org.hibernate.dialect.MySQL5Dialect
Initialized JPA EntityManagerFactory for persistence unit 'default'
Exception encountered during context initialization - cancelling refresh attempt: org.springframework.beans.factory.UnsatisfiedDependencyException: Error creating bean with name 'buyerOrderController': Unsatisfied dependency expressed through field 'orderService'; nested exception is org.springframework.beans.factory.UnsatisfiedDependencyException: Error creating bean with name 'orderServiceImpl': Unsatisfied dependency expressed through field 'orderMasterRepository'; nested exception is org.springframework.beans.factory.BeanCreationException: Error creating bean with name 'orderMasterRepository': Invocation of init method failed; nested exception is org.springframework.data.mapping.PropertyReferenceException: No property O found for type String! Traversed path: OrderMaster.buyerOpenid.
Closing JPA EntityManagerFactory for persistence unit 'default'


Error starting ApplicationContext. To display the auto-configuration report re-run your application with 'debug' enabled.


Found multiple occurrences of org.json.JSONObject on the class path:

	jar:file:/Users/kzysure/.m2/repository/com/vaadin/external/google/android-json/0.0.20131108.vaadin1/android-json-0.0.20131108.vaadin1.jar!/org/json/JSONObject.class
	jar:file:/Users/kzysure/.m2/repository/org/json/json/20140107/json-20140107.jar!/org/json/JSONObject.class

You may wish to exclude one of them to ensure predictable runtime behaviour

Starting OrderMasterRepositoryTest on bogon with PID 8689 (started by kzysure in /Users/kzysure/workspace/Test/sell)
No active profile set, falling back to default profiles: default
Refreshing org.springframework.web.context.support.GenericWebApplicationContext@4149c063: startup date [Fri Apr 06 14:17:32 CST 2018]; root of context hierarchy
HV000001: Hibernate Validator 5.3.5.Final
Multiple Spring Data modules found, entering strict repository configuration mode!
Multiple Spring Data modules found, entering strict repository configuration mode!
Spring Data Redis - Could not safely identify store assignment for repository candidate interface com.kzysure.demo.repository.OrderMasterRepository.
Spring Data Redis - Could not safely identify store assignment for repository candidate interface com.kzysure.demo.repository.ProductInfoRepository.
Spring Data Redis - Could not safely identify store assignment for repository candidate interface com.kzysure.demo.repository.SellerInfoRepository.
Spring Data Redis - Could not safely identify store assignment for repository candidate interface com.kzysure.demo.repository.OrderDetailRepository.
Spring Data Redis - Could not safely identify store assignment for repository candidate interface com.kzysure.demo.repository.ProductCategoryRepository.
JSR-330 'javax.inject.Inject' annotation found and supported for autowiring
Building JPA container EntityManagerFactory for persistence unit 'default'
HHH000204: Processing PersistenceUnitInfo [
	name: default
	...]
HHH000412: Hibernate Core {5.0.12.Final}
HHH000206: hibernate.properties not found
HHH000021: Bytecode provider name : javassist
HCANN000001: Hibernate Commons Annotations {5.0.1.Final}
HHH000400: Using dialect: org.hibernate.dialect.MySQL5Dialect
Initialized JPA EntityManagerFactory for persistence unit 'default'
Looking for @ControllerAdvice: org.springframework.web.context.support.GenericWebApplicationContext@4149c063: startup date [Fri Apr 06 14:17:32 CST 2018]; root of context hierarchy
Mapped "{[/buyer/order/create],methods=[POST]}" onto public com.kzysure.demo.VO.ResultVO<java.util.Map<java.lang.String, java.lang.String>> com.kzysure.demo.controller.BuyerOrderController.createOrder(com.kzysure.demo.form.OrderForm,org.springframework.validation.BindingResult)
Mapped "{[/buyer/order/list],methods=[GET]}" onto public com.kzysure.demo.VO.ResultVO<java.util.List<com.kzysure.demo.dto.OrderDTO>> com.kzysure.demo.controller.BuyerOrderController.findList(com.kzysure.demo.form.ListForm)
Mapped "{[/buyer/order/detail],methods=[GET]}" onto public com.kzysure.demo.VO.ResultVO<com.kzysure.demo.dto.OrderDTO> com.kzysure.demo.controller.BuyerOrderController.finOne(java.lang.String,java.lang.String)
Mapped "{[/buyer/order/cancel],methods=[POST]}" onto public com.kzysure.demo.VO.ResultVO com.kzysure.demo.controller.BuyerOrderController.cancelOrder(java.lang.String,java.lang.String)
Mapped "{[/buyer/order/orderConfirm],methods=[POST]}" onto public java.util.List<com.kzysure.demo.VO.OrderConfirmVO> com.kzysure.demo.controller.BuyerOrderController.orderConfirm(java.lang.String)
Mapped "{[/buyer/order/orderPay],methods=[POST]}" onto public com.kzysure.demo.VO.ResultVO com.kzysure.demo.controller.BuyerOrderController.orderPay(java.lang.String)
Mapped "{[/buyer/order/orderList],methods=[GET]}" onto public void com.kzysure.demo.controller.BuyerOrderController.getOrderList(java.lang.String)
Mapped "{[/buyer/product/list],methods=[GET]}" onto public com.kzysure.demo.VO.ResultVO com.kzysure.demo.controller.BuyerProductController.list()
Mapped "{[/fileUpload],methods=[POST],consumes=[multipart/form-data],produces=[application/json]}" onto public com.kzysure.demo.VO.ResultVO com.kzysure.demo.controller.FileUploadController.fileUpload(org.springframework.web.multipart.MultipartFile)
Mapped "{[/oauth/githubOauth],methods=[GET]}" onto public org.springframework.web.servlet.ModelAndView com.kzysure.demo.controller.GithubOauthController.githubOauth(java.lang.String,java.lang.String,java.util.Map<java.lang.String, java.lang.String>)
Mapped "{[/pay/create],methods=[GET]}" onto public void com.kzysure.demo.controller.PayController.create(java.lang.String,java.lang.String)
Mapped "{[/seller/product/list],methods=[GET]}" onto public org.springframework.web.servlet.ModelAndView com.kzysure.demo.controller.ProductController.list(java.lang.Integer,java.lang.Integer,java.util.Map<java.lang.String, java.lang.Object>)
Mapped "{[/seller/denglu],methods=[GET]}" onto public com.kzysure.demo.VO.LoginResponse com.kzysure.demo.controller.SellerLoginController.denglu(java.lang.String,java.lang.String)
Mapped "{[/seller/loginto],methods=[GET]}" onto public org.springframework.web.servlet.ModelAndView com.kzysure.demo.controller.SellerLoginController.login(java.util.Map<java.lang.String, java.lang.Object>)
Mapped "{[/seller/order/list],methods=[GET]}" onto public java.util.List<com.kzysure.demo.VO.OrderVO> com.kzysure.demo.controller.SellerOrderController.list()
Mapped "{[/seller/order/detail],methods=[GET]}" onto public com.kzysure.demo.dto.OrderDTO com.kzysure.demo.controller.SellerOrderController.detail(java.lang.String,javax.servlet.http.HttpServletResponse)
Mapped "{[/seller/order/cancel],methods=[GET]}" onto public org.springframework.web.servlet.ModelAndView com.kzysure.demo.controller.SellerOrderController.cancel(java.lang.String,java.util.Map<java.lang.String, java.lang.Object>)
Mapped "{[/seller/order/finish],methods=[GET]}" onto public org.springframework.web.servlet.ModelAndView com.kzysure.demo.controller.SellerOrderController.finish(java.lang.String,java.util.Map<java.lang.String, java.lang.Object>)
Mapped "{[/seller/login],methods=[GET]}" onto public org.springframework.web.servlet.ModelAndView com.kzysure.demo.controller.SellerUserController.login(java.lang.String,java.util.Map<java.lang.String, java.lang.String>,javax.servlet.http.HttpServletResponse)
Mapped "{[/seller/logout],methods=[GET]}" onto public org.springframework.web.servlet.ModelAndView com.kzysure.demo.controller.SellerUserController.logout(javax.servlet.http.HttpServletRequest,javax.servlet.http.HttpServletResponse,java.util.Map<java.lang.String, java.lang.String>)
Mapped "{[/wechat/userInfo],methods=[GET]}" onto public java.lang.String com.kzysure.demo.controller.WechatController.getUserInfo(java.lang.String,java.lang.String)
Mapped "{[/wechat/authorize],methods=[GET]}" onto public java.lang.String com.kzysure.demo.controller.WechatController.authorize(java.lang.String)
Mapped "{[/error]}" onto public org.springframework.http.ResponseEntity<java.util.Map<java.lang.String, java.lang.Object>> org.springframework.boot.autoconfigure.web.BasicErrorController.error(javax.servlet.http.HttpServletRequest)
Mapped "{[/error],produces=[text/html]}" onto public org.springframework.web.servlet.ModelAndView org.springframework.boot.autoconfigure.web.BasicErrorController.errorHtml(javax.servlet.http.HttpServletRequest,javax.servlet.http.HttpServletResponse)
Mapped URL path [/webjars/**] onto handler of type [class org.springframework.web.servlet.resource.ResourceHttpRequestHandler]
Mapped URL path [/**] onto handler of type [class org.springframework.web.servlet.resource.ResourceHttpRequestHandler]
Detected @ExceptionHandler methods in sellerAuthorizeHandler
Detected @ExceptionHandler methods in sellerExceptionHandler
Mapped URL path [/**/favicon.ico] onto handler of type [class org.springframework.web.servlet.resource.ResourceHttpRequestHandler]
ClassTemplateLoader for Spring macros added to FreeMarker configuration
Started OrderMasterRepositoryTest in 13.594 seconds (JVM running for 15.347)
HHH000397: Using ASTQueryTranslatorFactory
Closing org.springframework.web.context.support.GenericWebApplicationContext@4149c063: startup date [Fri Apr 06 14:17:32 CST 2018]; root of context hierarchy
Closing JPA EntityManagerFactory for persistence unit 'default'


Found multiple occurrences of org.json.JSONObject on the class path:

	jar:file:/Users/kzysure/.m2/repository/com/vaadin/external/google/android-json/0.0.20131108.vaadin1/android-json-0.0.20131108.vaadin1.jar!/org/json/JSONObject.class
	jar:file:/Users/kzysure/.m2/repository/org/json/json/20140107/json-20140107.jar!/org/json/JSONObject.class

You may wish to exclude one of them to ensure predictable runtime behaviour

Starting OrderMasterRepositoryTest on bogon with PID 8721 (started by kzysure in /Users/kzysure/workspace/Test/sell)
No active profile set, falling back to default profiles: default
Refreshing org.springframework.web.context.support.GenericWebApplicationContext@4149c063: startup date [Fri Apr 06 14:18:30 CST 2018]; root of context hierarchy
HV000001: Hibernate Validator 5.3.5.Final
Multiple Spring Data modules found, entering strict repository configuration mode!
Multiple Spring Data modules found, entering strict repository configuration mode!
Spring Data Redis - Could not safely identify store assignment for repository candidate interface com.kzysure.demo.repository.OrderMasterRepository.
Spring Data Redis - Could not safely identify store assignment for repository candidate interface com.kzysure.demo.repository.ProductInfoRepository.
Spring Data Redis - Could not safely identify store assignment for repository candidate interface com.kzysure.demo.repository.SellerInfoRepository.
Spring Data Redis - Could not safely identify store assignment for repository candidate interface com.kzysure.demo.repository.OrderDetailRepository.
Spring Data Redis - Could not safely identify store assignment for repository candidate interface com.kzysure.demo.repository.ProductCategoryRepository.
JSR-330 'javax.inject.Inject' annotation found and supported for autowiring
Building JPA container EntityManagerFactory for persistence unit 'default'
HHH000204: Processing PersistenceUnitInfo [
	name: default
	...]
HHH000412: Hibernate Core {5.0.12.Final}
HHH000206: hibernate.properties not found
HHH000021: Bytecode provider name : javassist
HCANN000001: Hibernate Commons Annotations {5.0.1.Final}
HHH000400: Using dialect: org.hibernate.dialect.MySQL5Dialect
Initialized JPA EntityManagerFactory for persistence unit 'default'
Looking for @ControllerAdvice: org.springframework.web.context.support.GenericWebApplicationContext@4149c063: startup date [Fri Apr 06 14:18:30 CST 2018]; root of context hierarchy
Mapped "{[/buyer/order/create],methods=[POST]}" onto public com.kzysure.demo.VO.ResultVO<java.util.Map<java.lang.String, java.lang.String>> com.kzysure.demo.controller.BuyerOrderController.createOrder(com.kzysure.demo.form.OrderForm,org.springframework.validation.BindingResult)
Mapped "{[/buyer/order/list],methods=[GET]}" onto public com.kzysure.demo.VO.ResultVO<java.util.List<com.kzysure.demo.dto.OrderDTO>> com.kzysure.demo.controller.BuyerOrderController.findList(com.kzysure.demo.form.ListForm)
Mapped "{[/buyer/order/detail],methods=[GET]}" onto public com.kzysure.demo.VO.ResultVO<com.kzysure.demo.dto.OrderDTO> com.kzysure.demo.controller.BuyerOrderController.finOne(java.lang.String,java.lang.String)
Mapped "{[/buyer/order/cancel],methods=[POST]}" onto public com.kzysure.demo.VO.ResultVO com.kzysure.demo.controller.BuyerOrderController.cancelOrder(java.lang.String,java.lang.String)
Mapped "{[/buyer/order/orderConfirm],methods=[POST]}" onto public java.util.List<com.kzysure.demo.VO.OrderConfirmVO> com.kzysure.demo.controller.BuyerOrderController.orderConfirm(java.lang.String)
Mapped "{[/buyer/order/orderPay],methods=[POST]}" onto public com.kzysure.demo.VO.ResultVO com.kzysure.demo.controller.BuyerOrderController.orderPay(java.lang.String)
Mapped "{[/buyer/order/orderList],methods=[GET]}" onto public void com.kzysure.demo.controller.BuyerOrderController.getOrderList(java.lang.String)
Mapped "{[/buyer/product/list],methods=[GET]}" onto public com.kzysure.demo.VO.ResultVO com.kzysure.demo.controller.BuyerProductController.list()
Mapped "{[/fileUpload],methods=[POST],consumes=[multipart/form-data],produces=[application/json]}" onto public com.kzysure.demo.VO.ResultVO com.kzysure.demo.controller.FileUploadController.fileUpload(org.springframework.web.multipart.MultipartFile)
Mapped "{[/oauth/githubOauth],methods=[GET]}" onto public org.springframework.web.servlet.ModelAndView com.kzysure.demo.controller.GithubOauthController.githubOauth(java.lang.String,java.lang.String,java.util.Map<java.lang.String, java.lang.String>)
Mapped "{[/pay/create],methods=[GET]}" onto public void com.kzysure.demo.controller.PayController.create(java.lang.String,java.lang.String)
Mapped "{[/seller/product/list],methods=[GET]}" onto public org.springframework.web.servlet.ModelAndView com.kzysure.demo.controller.ProductController.list(java.lang.Integer,java.lang.Integer,java.util.Map<java.lang.String, java.lang.Object>)
Mapped "{[/seller/loginto],methods=[GET]}" onto public org.springframework.web.servlet.ModelAndView com.kzysure.demo.controller.SellerLoginController.login(java.util.Map<java.lang.String, java.lang.Object>)
Mapped "{[/seller/denglu],methods=[GET]}" onto public com.kzysure.demo.VO.LoginResponse com.kzysure.demo.controller.SellerLoginController.denglu(java.lang.String,java.lang.String)
Mapped "{[/seller/order/list],methods=[GET]}" onto public java.util.List<com.kzysure.demo.VO.OrderVO> com.kzysure.demo.controller.SellerOrderController.list()
Mapped "{[/seller/order/cancel],methods=[GET]}" onto public org.springframework.web.servlet.ModelAndView com.kzysure.demo.controller.SellerOrderController.cancel(java.lang.String,java.util.Map<java.lang.String, java.lang.Object>)
Mapped "{[/seller/order/detail],methods=[GET]}" onto public com.kzysure.demo.dto.OrderDTO com.kzysure.demo.controller.SellerOrderController.detail(java.lang.String,javax.servlet.http.HttpServletResponse)
Mapped "{[/seller/order/finish],methods=[GET]}" onto public org.springframework.web.servlet.ModelAndView com.kzysure.demo.controller.SellerOrderController.finish(java.lang.String,java.util.Map<java.lang.String, java.lang.Object>)
Mapped "{[/seller/login],methods=[GET]}" onto public org.springframework.web.servlet.ModelAndView com.kzysure.demo.controller.SellerUserController.login(java.lang.String,java.util.Map<java.lang.String, java.lang.String>,javax.servlet.http.HttpServletResponse)
Mapped "{[/seller/logout],methods=[GET]}" onto public org.springframework.web.servlet.ModelAndView com.kzysure.demo.controller.SellerUserController.logout(javax.servlet.http.HttpServletRequest,javax.servlet.http.HttpServletResponse,java.util.Map<java.lang.String, java.lang.String>)
Mapped "{[/wechat/userInfo],methods=[GET]}" onto public java.lang.String com.kzysure.demo.controller.WechatController.getUserInfo(java.lang.String,java.lang.String)
Mapped "{[/wechat/authorize],methods=[GET]}" onto public java.lang.String com.kzysure.demo.controller.WechatController.authorize(java.lang.String)
Mapped "{[/error]}" onto public org.springframework.http.ResponseEntity<java.util.Map<java.lang.String, java.lang.Object>> org.springframework.boot.autoconfigure.web.BasicErrorController.error(javax.servlet.http.HttpServletRequest)
Mapped "{[/error],produces=[text/html]}" onto public org.springframework.web.servlet.ModelAndView org.springframework.boot.autoconfigure.web.BasicErrorController.errorHtml(javax.servlet.http.HttpServletRequest,javax.servlet.http.HttpServletResponse)
Mapped URL path [/webjars/**] onto handler of type [class org.springframework.web.servlet.resource.ResourceHttpRequestHandler]
Mapped URL path [/**] onto handler of type [class org.springframework.web.servlet.resource.ResourceHttpRequestHandler]
Detected @ExceptionHandler methods in sellerAuthorizeHandler
Detected @ExceptionHandler methods in sellerExceptionHandler
Mapped URL path [/**/favicon.ico] onto handler of type [class org.springframework.web.servlet.resource.ResourceHttpRequestHandler]
ClassTemplateLoader for Spring macros added to FreeMarker configuration
Started OrderMasterRepositoryTest in 12.937 seconds (JVM running for 14.783)
HHH000397: Using ASTQueryTranslatorFactory
Closing org.springframework.web.context.support.GenericWebApplicationContext@4149c063: startup date [Fri Apr 06 14:18:30 CST 2018]; root of context hierarchy
Closing JPA EntityManagerFactory for persistence unit 'default'
Spring Data Redis - Could not safely identify store assignment for repository candidate interface com.kzysure.demo.repository.OrderMasterRepository.
Mapped URL path [/**/favicon.ico] onto handler of type [class org.springframework.web.servlet.resource.ResourceHttpRequestHandler]
Mapped "{[/fileUpload],methods=[POST],consumes=[multipart/form-data],produces=[application/json]}" onto public com.kzysure.demo.VO.ResultVO com.kzysure.demo.controller.FileUploadController.fileUpload(org.springframework.web.multipart.MultipartFile)
Mapped "{[/oauth/githubOauth],methods=[GET]}" onto public org.springframework.web.servlet.ModelAndView com.kzysure.demo.controller.GithubOauthController.githubOauth(java.lang.String,java.lang.String,java.util.Map<java.lang.String, java.lang.String>)
Mapped "{[/pay/create],methods=[GET]}" onto public void com.kzysure.demo.controller.PayController.create(java.lang.String,java.lang.String)
Mapped "{[/seller/product/list],methods=[GET]}" onto public org.springframework.web.servlet.ModelAndView com.kzysure.demo.controller.ProductController.list(java.lang.Integer,java.lang.Integer,java.util.Map<java.lang.String, java.lang.Object>)
Mapped "{[/seller/denglu],methods=[GET]}" onto public com.kzysure.demo.VO.LoginResponse com.kzysure.demo.controller.SellerLoginController.denglu(java.lang.String,java.lang.String)
Mapped "{[/seller/loginto],methods=[GET]}" onto public org.springframework.web.servlet.ModelAndView com.kzysure.demo.controller.SellerLoginController.login(java.util.Map<java.lang.String, java.lang.Object>)
Mapped "{[/seller/order/list],methods=[GET]}" onto public java.util.List<com.kzysure.demo.VO.OrderVO> com.kzysure.demo.controller.SellerOrderController.list()
Mapped "{[/seller/order/cancel],methods=[GET]}" onto public org.springframework.web.servlet.ModelAndView com.kzysure.demo.controller.SellerOrderController.cancel(java.lang.String,java.util.Map<java.lang.String, java.lang.Object>)
Mapped "{[/seller/order/finish],methods=[GET]}" onto public org.springframework.web.servlet.ModelAndView com.kzysure.demo.controller.SellerOrderController.finish(java.lang.String,java.util.Map<java.lang.String, java.lang.Object>)
Mapped "{[/seller/order/detail],methods=[GET]}" onto public com.kzysure.demo.dto.OrderDTO com.kzysure.demo.controller.SellerOrderController.detail(java.lang.String,javax.servlet.http.HttpServletResponse)
Mapped "{[/seller/login],methods=[GET]}" onto public org.springframework.web.servlet.ModelAndView com.kzysure.demo.controller.SellerUserController.login(java.lang.String,java.util.Map<java.lang.String, java.lang.String>,javax.servlet.http.HttpServletResponse)
Mapped "{[/seller/logout],methods=[GET]}" onto public org.springframework.web.servlet.ModelAndView com.kzysure.demo.controller.SellerUserController.logout(javax.servlet.http.HttpServletRequest,javax.servlet.http.HttpServletResponse,java.util.Map<java.lang.String, java.lang.String>)
Mapped "{[/wechat/userInfo],methods=[GET]}" onto public java.lang.String com.kzysure.demo.controller.WechatController.getUserInfo(java.lang.String,java.lang.String)
Mapped "{[/wechat/authorize],methods=[GET]}" onto public java.lang.String com.kzysure.demo.controller.WechatController.authorize(java.lang.String)
Mapped "{[/error]}" onto public org.springframework.http.ResponseEntity<java.util.Map<java.lang.String, java.lang.Object>> org.springframework.boot.autoconfigure.web.BasicErrorController.error(javax.servlet.http.HttpServletRequest)
Mapped "{[/error],produces=[text/html]}" onto public org.springframework.web.servlet.ModelAndView org.springframework.boot.autoconfigure.web.BasicErrorController.errorHtml(javax.servlet.http.HttpServletRequest,javax.servlet.http.HttpServletResponse)
Mapped "{[/buyer/product/list],methods=[GET]}" onto public com.kzysure.demo.VO.ResultVO com.kzysure.demo.controller.BuyerProductController.list()
Mapped "{[/buyer/order/create],methods=[POST]}" onto public com.kzysure.demo.VO.ResultVO<java.util.Map<java.lang.String, java.lang.String>> com.kzysure.demo.controller.BuyerOrderController.createOrder(com.kzysure.demo.form.OrderForm,org.springframework.validation.BindingResult)
Mapped "{[/buyer/order/list],methods=[GET]}" onto public com.kzysure.demo.VO.ResultVO<java.util.List<com.kzysure.demo.dto.OrderDTO>> com.kzysure.demo.controller.BuyerOrderController.findList(com.kzysure.demo.form.ListForm)
Mapped "{[/buyer/order/detail],methods=[GET]}" onto public com.kzysure.demo.VO.ResultVO<com.kzysure.demo.dto.OrderDTO> com.kzysure.demo.controller.BuyerOrderController.finOne(java.lang.String,java.lang.String)
Mapped "{[/buyer/order/cancel],methods=[POST]}" onto public com.kzysure.demo.VO.ResultVO com.kzysure.demo.controller.BuyerOrderController.cancelOrder(java.lang.String,java.lang.String)
Mapped "{[/buyer/order/orderConfirm],methods=[POST]}" onto public java.util.List<com.kzysure.demo.VO.OrderConfirmVO> com.kzysure.demo.controller.BuyerOrderController.orderConfirm(java.lang.String)
Mapped "{[/buyer/order/orderList],methods=[GET]}" onto public java.util.List<com.kzysure.demo.VO.OrderVO> com.kzysure.demo.controller.BuyerOrderController.getOrderList(java.lang.String)
Mapped "{[/buyer/order/orderPay],methods=[POST]}" onto public com.kzysure.demo.VO.ResultVO com.kzysure.demo.controller.BuyerOrderController.orderPay(java.lang.String)
Mapped URL path [/webjars/**] onto handler of type [class org.springframework.web.servlet.resource.ResourceHttpRequestHandler]
Mapped URL path [/**] onto handler of type [class org.springframework.web.servlet.resource.ResourceHttpRequestHandler]
Mapped URL path [/**/favicon.ico] onto handler of type [class org.springframework.web.servlet.resource.ResourceHttpRequestHandler]
Mapped "{[/fileUpload],methods=[POST],consumes=[multipart/form-data],produces=[application/json]}" onto public com.kzysure.demo.VO.ResultVO com.kzysure.demo.controller.FileUploadController.fileUpload(org.springframework.web.multipart.MultipartFile)
Mapped "{[/oauth/githubOauth],methods=[GET]}" onto public org.springframework.web.servlet.ModelAndView com.kzysure.demo.controller.GithubOauthController.githubOauth(java.lang.String,java.lang.String,java.util.Map<java.lang.String, java.lang.String>)
Mapped "{[/pay/create],methods=[GET]}" onto public void com.kzysure.demo.controller.PayController.create(java.lang.String,java.lang.String)
Mapped "{[/seller/product/list],methods=[GET]}" onto public org.springframework.web.servlet.ModelAndView com.kzysure.demo.controller.ProductController.list(java.lang.Integer,java.lang.Integer,java.util.Map<java.lang.String, java.lang.Object>)
Mapped "{[/seller/denglu],methods=[GET]}" onto public com.kzysure.demo.VO.LoginResponse com.kzysure.demo.controller.SellerLoginController.denglu(java.lang.String,java.lang.String)
Mapped "{[/seller/loginto],methods=[GET]}" onto public org.springframework.web.servlet.ModelAndView com.kzysure.demo.controller.SellerLoginController.login(java.util.Map<java.lang.String, java.lang.Object>)
Mapped "{[/seller/order/list],methods=[GET]}" onto public java.util.List<com.kzysure.demo.VO.OrderVO> com.kzysure.demo.controller.SellerOrderController.list()
Mapped "{[/seller/order/cancel],methods=[GET]}" onto public org.springframework.web.servlet.ModelAndView com.kzysure.demo.controller.SellerOrderController.cancel(java.lang.String,java.util.Map<java.lang.String, java.lang.Object>)
Mapped "{[/seller/order/finish],methods=[GET]}" onto public org.springframework.web.servlet.ModelAndView com.kzysure.demo.controller.SellerOrderController.finish(java.lang.String,java.util.Map<java.lang.String, java.lang.Object>)
Mapped "{[/seller/order/detail],methods=[GET]}" onto public com.kzysure.demo.dto.OrderDTO com.kzysure.demo.controller.SellerOrderController.detail(java.lang.String,javax.servlet.http.HttpServletResponse)
Mapped "{[/seller/login],methods=[GET]}" onto public org.springframework.web.servlet.ModelAndView com.kzysure.demo.controller.SellerUserController.login(java.lang.String,java.util.Map<java.lang.String, java.lang.String>,javax.servlet.http.HttpServletResponse)
Mapped "{[/seller/logout],methods=[GET]}" onto public org.springframework.web.servlet.ModelAndView com.kzysure.demo.controller.SellerUserController.logout(javax.servlet.http.HttpServletRequest,javax.servlet.http.HttpServletResponse,java.util.Map<java.lang.String, java.lang.String>)
Mapped "{[/wechat/userInfo],methods=[GET]}" onto public java.lang.String com.kzysure.demo.controller.WechatController.getUserInfo(java.lang.String,java.lang.String)
Mapped "{[/wechat/authorize],methods=[GET]}" onto public java.lang.String com.kzysure.demo.controller.WechatController.authorize(java.lang.String)
Mapped "{[/error]}" onto public org.springframework.http.ResponseEntity<java.util.Map<java.lang.String, java.lang.Object>> org.springframework.boot.autoconfigure.web.BasicErrorController.error(javax.servlet.http.HttpServletRequest)
Mapped "{[/error],produces=[text/html]}" onto public org.springframework.web.servlet.ModelAndView org.springframework.boot.autoconfigure.web.BasicErrorController.errorHtml(javax.servlet.http.HttpServletRequest,javax.servlet.http.HttpServletResponse)
Mapped "{[/buyer/product/list],methods=[GET]}" onto public com.kzysure.demo.VO.ResultVO com.kzysure.demo.controller.BuyerProductController.list()
Mapped "{[/buyer/order/create],methods=[POST]}" onto public com.kzysure.demo.VO.ResultVO<java.util.Map<java.lang.String, java.lang.String>> com.kzysure.demo.controller.BuyerOrderController.createOrder(com.kzysure.demo.form.OrderForm,org.springframework.validation.BindingResult)
Mapped "{[/buyer/order/list],methods=[GET]}" onto public com.kzysure.demo.VO.ResultVO<java.util.List<com.kzysure.demo.dto.OrderDTO>> com.kzysure.demo.controller.BuyerOrderController.findList(com.kzysure.demo.form.ListForm)
Mapped "{[/buyer/order/detail],methods=[GET]}" onto public com.kzysure.demo.VO.ResultVO<com.kzysure.demo.dto.OrderDTO> com.kzysure.demo.controller.BuyerOrderController.finOne(java.lang.String,java.lang.String)
Mapped "{[/buyer/order/cancel],methods=[POST]}" onto public com.kzysure.demo.VO.ResultVO com.kzysure.demo.controller.BuyerOrderController.cancelOrder(java.lang.String,java.lang.String)
Mapped "{[/buyer/order/orderConfirm],methods=[POST]}" onto public java.util.List<com.kzysure.demo.VO.OrderConfirmVO> com.kzysure.demo.controller.BuyerOrderController.orderConfirm(java.lang.String)
Mapped "{[/buyer/order/orderList],methods=[GET]}" onto public java.util.List<com.kzysure.demo.VO.OrderVO> com.kzysure.demo.controller.BuyerOrderController.getOrderList(java.lang.String)
Mapped "{[/buyer/order/finishOrder],methods=[POST]}" onto public com.kzysure.demo.VO.ResultVO com.kzysure.demo.controller.BuyerOrderController.finishOrder(java.lang.String)
Mapped "{[/buyer/order/orderPay],methods=[POST]}" onto public com.kzysure.demo.VO.ResultVO com.kzysure.demo.controller.BuyerOrderController.orderPay(java.lang.String)
Error parsing HTTP request header
 Note: further occurrences of HTTP header parsing errors will be logged at DEBUG level.
java.lang.IllegalArgumentException: Invalid character found in method name. HTTP method names must be tokens
	at org.apache.coyote.http11.Http11InputBuffer.parseRequestLine(Http11InputBuffer.java:426)
	at org.apache.coyote.http11.Http11Processor.service(Http11Processor.java:687)
	at org.apache.coyote.AbstractProcessorLight.process(AbstractProcessorLight.java:66)
	at org.apache.coyote.AbstractProtocol$ConnectionHandler.process(AbstractProtocol.java:868)
	at org.apache.tomcat.util.net.NioEndpoint$SocketProcessor.doRun(NioEndpoint.java:1459)
	at org.apache.tomcat.util.net.SocketProcessorBase.run(SocketProcessorBase.java:49)
	at java.util.concurrent.ThreadPoolExecutor.runWorker(ThreadPoolExecutor.java:1149)
	at java.util.concurrent.ThreadPoolExecutor$Worker.run(ThreadPoolExecutor.java:624)
	at org.apache.tomcat.util.threads.TaskThread$WrappingRunnable.run(TaskThread.java:61)
	at java.lang.Thread.run(Thread.java:748)
Error parsing HTTP request header
 Note: further occurrences of HTTP header parsing errors will be logged at DEBUG level.
java.lang.IllegalArgumentException: Invalid character found in method name. HTTP method names must be tokens
	at org.apache.coyote.http11.Http11InputBuffer.parseRequestLine(Http11InputBuffer.java:426)
	at org.apache.coyote.http11.Http11Processor.service(Http11Processor.java:687)
	at org.apache.coyote.AbstractProcessorLight.process(AbstractProcessorLight.java:66)
	at org.apache.coyote.AbstractProtocol$ConnectionHandler.process(AbstractProtocol.java:868)
	at org.apache.tomcat.util.net.NioEndpoint$SocketProcessor.doRun(NioEndpoint.java:1459)
	at org.apache.tomcat.util.net.SocketProcessorBase.run(SocketProcessorBase.java:49)
	at java.util.concurrent.ThreadPoolExecutor.runWorker(ThreadPoolExecutor.java:1149)
	at java.util.concurrent.ThreadPoolExecutor$Worker.run(ThreadPoolExecutor.java:624)
	at org.apache.tomcat.util.threads.TaskThread$WrappingRunnable.run(TaskThread.java:61)
	at java.lang.Thread.run(Thread.java:748)
