HV000001: Hibernate Validator 5.3.5.Final
Starting SellApplication on kzysuredeMacBook-Pro.local with PID 2269 (/Users/kzysure/workspace/Test/sell/target/classes started by kzysure in /Users/kzysure/workspace/Test/sell)
No active profile set, falling back to default profiles: default
Refreshing org.springframework.boot.context.embedded.AnnotationConfigEmbeddedWebApplicationContext@17aad511: startup date [Wed Nov 15 10:22:01 CST 2017]; root of context hierarchy
Tomcat initialized with port(s): 8080 (http)
Starting service [Tomcat]
Starting Servlet Engine: Apache Tomcat/8.5.23
Initializing Spring embedded WebApplicationContext
Root WebApplicationContext: initialization completed in 3452 ms
Mapping servlet: 'dispatcherServlet' to [/]
Mapping filter: 'characterEncodingFilter' to: [/*]
Mapping filter: 'hiddenHttpMethodFilter' to: [/*]
Mapping filter: 'httpPutFormContentFilter' to: [/*]
Mapping filter: 'requestContextFilter' to: [/*]
Building JPA container EntityManagerFactory for persistence unit 'default'
HHH000204: Processing PersistenceUnitInfo [
	name: default
	...]
HHH000412: Hibernate Core {5.0.12.Final}
HHH000206: hibernate.properties not found
HHH000021: Bytecode provider name : javassist
HCANN000001: Hibernate Commons Annotations {5.0.1.Final}
HHH000400: Using dialect: org.hibernate.dialect.MySQL5Dialect
Initialized JPA EntityManagerFactory for persistence unit 'default'
Looking for @ControllerAdvice: org.springframework.boot.context.embedded.AnnotationConfigEmbeddedWebApplicationContext@17aad511: startup date [Wed Nov 15 10:22:01 CST 2017]; root of context hierarchy
Mapped "{[/buyer/product/list],methods=[GET]}" onto public com.imooc.demo.VO.ResultVO com.imooc.demo.controller.BuyerProductController.list()
Mapped "{[/error]}" onto public org.springframework.http.ResponseEntity<java.util.Map<java.lang.String, java.lang.Object>> org.springframework.boot.autoconfigure.web.BasicErrorController.error(javax.servlet.http.HttpServletRequest)
Mapped "{[/error],produces=[text/html]}" onto public org.springframework.web.servlet.ModelAndView org.springframework.boot.autoconfigure.web.BasicErrorController.errorHtml(javax.servlet.http.HttpServletRequest,javax.servlet.http.HttpServletResponse)
Mapped URL path [/webjars/**] onto handler of type [class org.springframework.web.servlet.resource.ResourceHttpRequestHandler]
Mapped URL path [/**] onto handler of type [class org.springframework.web.servlet.resource.ResourceHttpRequestHandler]
Mapped URL path [/**/favicon.ico] onto handler of type [class org.springframework.web.servlet.resource.ResourceHttpRequestHandler]
Registering beans for JMX exposure on startup
Initializing ProtocolHandler ["http-nio-8080"]
Starting ProtocolHandler ["http-nio-8080"]
Using a shared selector for servlet write/read
Tomcat started on port(s): 8080 (http)
Started SellApplication in 11.023 seconds (JVM running for 18.606)
Initializing Spring FrameworkServlet 'dispatcherServlet'
FrameworkServlet 'dispatcherServlet': initialization started
FrameworkServlet 'dispatcherServlet': initialization completed in 38 ms
HHH000397: Using ASTQueryTranslatorFactory
Starting OrderServiceImplTest on kzysuredeMacBook-Pro.local with PID 3516 (started by kzysure in /Users/kzysure/workspace/Test/sell)
No active profile set, falling back to default profiles: default
Refreshing org.springframework.web.context.support.GenericWebApplicationContext@4082ba93: startup date [Wed Nov 15 17:42:35 CST 2017]; root of context hierarchy
HV000001: Hibernate Validator 5.3.5.Final
Building JPA container EntityManagerFactory for persistence unit 'default'
HHH000204: Processing PersistenceUnitInfo [
	name: default
	...]
HHH000412: Hibernate Core {5.0.12.Final}
HHH000206: hibernate.properties not found
HHH000021: Bytecode provider name : javassist
HCANN000001: Hibernate Commons Annotations {5.0.1.Final}
HHH000400: Using dialect: org.hibernate.dialect.MySQL5Dialect
Initialized JPA EntityManagerFactory for persistence unit 'default'
Looking for @ControllerAdvice: org.springframework.web.context.support.GenericWebApplicationContext@4082ba93: startup date [Wed Nov 15 17:42:35 CST 2017]; root of context hierarchy
Mapped "{[/buyer/product/list],methods=[GET]}" onto public com.imooc.demo.VO.ResultVO com.imooc.demo.controller.BuyerProductController.list()
Mapped "{[/error]}" onto public org.springframework.http.ResponseEntity<java.util.Map<java.lang.String, java.lang.Object>> org.springframework.boot.autoconfigure.web.BasicErrorController.error(javax.servlet.http.HttpServletRequest)
Mapped "{[/error],produces=[text/html]}" onto public org.springframework.web.servlet.ModelAndView org.springframework.boot.autoconfigure.web.BasicErrorController.errorHtml(javax.servlet.http.HttpServletRequest,javax.servlet.http.HttpServletResponse)
Mapped URL path [/webjars/**] onto handler of type [class org.springframework.web.servlet.resource.ResourceHttpRequestHandler]
Mapped URL path [/**] onto handler of type [class org.springframework.web.servlet.resource.ResourceHttpRequestHandler]
Mapped URL path [/**/favicon.ico] onto handler of type [class org.springframework.web.servlet.resource.ResourceHttpRequestHandler]
Started OrderServiceImplTest in 10.762 seconds (JVM running for 12.707)
Closing org.springframework.web.context.support.GenericWebApplicationContext@4082ba93: startup date [Wed Nov 15 17:42:35 CST 2017]; root of context hierarchy
Closing JPA EntityManagerFactory for persistence unit 'default'
Starting OrderServiceImplTest on kzysuredeMacBook-Pro.local with PID 3525 (started by kzysure in /Users/kzysure/workspace/Test/sell)
No active profile set, falling back to default profiles: default
Refreshing org.springframework.web.context.support.GenericWebApplicationContext@4082ba93: startup date [Wed Nov 15 17:45:25 CST 2017]; root of context hierarchy
HV000001: Hibernate Validator 5.3.5.Final
Building JPA container EntityManagerFactory for persistence unit 'default'
HHH000204: Processing PersistenceUnitInfo [
	name: default
	...]
HHH000412: Hibernate Core {5.0.12.Final}
HHH000206: hibernate.properties not found
HHH000021: Bytecode provider name : javassist
HCANN000001: Hibernate Commons Annotations {5.0.1.Final}
HHH000400: Using dialect: org.hibernate.dialect.MySQL5Dialect
Initialized JPA EntityManagerFactory for persistence unit 'default'
Looking for @ControllerAdvice: org.springframework.web.context.support.GenericWebApplicationContext@4082ba93: startup date [Wed Nov 15 17:45:25 CST 2017]; root of context hierarchy
Mapped "{[/buyer/product/list],methods=[GET]}" onto public com.imooc.demo.VO.ResultVO com.imooc.demo.controller.BuyerProductController.list()
Mapped "{[/error]}" onto public org.springframework.http.ResponseEntity<java.util.Map<java.lang.String, java.lang.Object>> org.springframework.boot.autoconfigure.web.BasicErrorController.error(javax.servlet.http.HttpServletRequest)
Mapped "{[/error],produces=[text/html]}" onto public org.springframework.web.servlet.ModelAndView org.springframework.boot.autoconfigure.web.BasicErrorController.errorHtml(javax.servlet.http.HttpServletRequest,javax.servlet.http.HttpServletResponse)
Mapped URL path [/webjars/**] onto handler of type [class org.springframework.web.servlet.resource.ResourceHttpRequestHandler]
Mapped URL path [/**] onto handler of type [class org.springframework.web.servlet.resource.ResourceHttpRequestHandler]
Mapped URL path [/**/favicon.ico] onto handler of type [class org.springframework.web.servlet.resource.ResourceHttpRequestHandler]
Started OrderServiceImplTest in 8.887 seconds (JVM running for 10.437)
Closing org.springframework.web.context.support.GenericWebApplicationContext@4082ba93: startup date [Wed Nov 15 17:45:25 CST 2017]; root of context hierarchy
Closing JPA EntityManagerFactory for persistence unit 'default'
Starting OrderServiceImplTest on kzysuredeMacBook-Pro.local with PID 3527 (started by kzysure in /Users/kzysure/workspace/Test/sell)
No active profile set, falling back to default profiles: default
Refreshing org.springframework.web.context.support.GenericWebApplicationContext@4082ba93: startup date [Wed Nov 15 17:49:23 CST 2017]; root of context hierarchy
HV000001: Hibernate Validator 5.3.5.Final
Building JPA container EntityManagerFactory for persistence unit 'default'
HHH000204: Processing PersistenceUnitInfo [
	name: default
	...]
HHH000412: Hibernate Core {5.0.12.Final}
HHH000206: hibernate.properties not found
HHH000021: Bytecode provider name : javassist
HCANN000001: Hibernate Commons Annotations {5.0.1.Final}
HHH000400: Using dialect: org.hibernate.dialect.MySQL5Dialect
Initialized JPA EntityManagerFactory for persistence unit 'default'
Looking for @ControllerAdvice: org.springframework.web.context.support.GenericWebApplicationContext@4082ba93: startup date [Wed Nov 15 17:49:23 CST 2017]; root of context hierarchy
Mapped "{[/buyer/product/list],methods=[GET]}" onto public com.imooc.demo.VO.ResultVO com.imooc.demo.controller.BuyerProductController.list()
Mapped "{[/error]}" onto public org.springframework.http.ResponseEntity<java.util.Map<java.lang.String, java.lang.Object>> org.springframework.boot.autoconfigure.web.BasicErrorController.error(javax.servlet.http.HttpServletRequest)
Mapped "{[/error],produces=[text/html]}" onto public org.springframework.web.servlet.ModelAndView org.springframework.boot.autoconfigure.web.BasicErrorController.errorHtml(javax.servlet.http.HttpServletRequest,javax.servlet.http.HttpServletResponse)
Mapped URL path [/webjars/**] onto handler of type [class org.springframework.web.servlet.resource.ResourceHttpRequestHandler]
Mapped URL path [/**] onto handler of type [class org.springframework.web.servlet.resource.ResourceHttpRequestHandler]
Mapped URL path [/**/favicon.ico] onto handler of type [class org.springframework.web.servlet.resource.ResourceHttpRequestHandler]
Started OrderServiceImplTest in 10.397 seconds (JVM running for 12.208)
Closing org.springframework.web.context.support.GenericWebApplicationContext@4082ba93: startup date [Wed Nov 15 17:49:23 CST 2017]; root of context hierarchy
Closing JPA EntityManagerFactory for persistence unit 'default'
Starting OrderServiceImplTest on kzysuredeMacBook-Pro.local with PID 3534 (started by kzysure in /Users/kzysure/workspace/Test/sell)
No active profile set, falling back to default profiles: default
Refreshing org.springframework.web.context.support.GenericWebApplicationContext@275fe372: startup date [Wed Nov 15 17:52:30 CST 2017]; root of context hierarchy
HV000001: Hibernate Validator 5.3.5.Final
Building JPA container EntityManagerFactory for persistence unit 'default'
HHH000204: Processing PersistenceUnitInfo [
	name: default
	...]
HHH000412: Hibernate Core {5.0.12.Final}
HHH000206: hibernate.properties not found
HHH000021: Bytecode provider name : javassist
HCANN000001: Hibernate Commons Annotations {5.0.1.Final}
HHH000400: Using dialect: org.hibernate.dialect.MySQL5Dialect
Initialized JPA EntityManagerFactory for persistence unit 'default'
Looking for @ControllerAdvice: org.springframework.web.context.support.GenericWebApplicationContext@275fe372: startup date [Wed Nov 15 17:52:30 CST 2017]; root of context hierarchy
Mapped "{[/buyer/product/list],methods=[GET]}" onto public com.imooc.demo.VO.ResultVO com.imooc.demo.controller.BuyerProductController.list()
Mapped "{[/error]}" onto public org.springframework.http.ResponseEntity<java.util.Map<java.lang.String, java.lang.Object>> org.springframework.boot.autoconfigure.web.BasicErrorController.error(javax.servlet.http.HttpServletRequest)
Mapped "{[/error],produces=[text/html]}" onto public org.springframework.web.servlet.ModelAndView org.springframework.boot.autoconfigure.web.BasicErrorController.errorHtml(javax.servlet.http.HttpServletRequest,javax.servlet.http.HttpServletResponse)
Mapped URL path [/webjars/**] onto handler of type [class org.springframework.web.servlet.resource.ResourceHttpRequestHandler]
Mapped URL path [/**] onto handler of type [class org.springframework.web.servlet.resource.ResourceHttpRequestHandler]
Mapped URL path [/**/favicon.ico] onto handler of type [class org.springframework.web.servlet.resource.ResourceHttpRequestHandler]
Started OrderServiceImplTest in 11.278 seconds (JVM running for 14.494)
Closing org.springframework.web.context.support.GenericWebApplicationContext@275fe372: startup date [Wed Nov 15 17:52:30 CST 2017]; root of context hierarchy
Closing JPA EntityManagerFactory for persistence unit 'default'
Starting OrderServiceImplTest on kzysuredeMacBook-Pro.local with PID 3542 (started by kzysure in /Users/kzysure/workspace/Test/sell)
No active profile set, falling back to default profiles: default
Refreshing org.springframework.web.context.support.GenericWebApplicationContext@275fe372: startup date [Wed Nov 15 17:57:46 CST 2017]; root of context hierarchy
HV000001: Hibernate Validator 5.3.5.Final
Building JPA container EntityManagerFactory for persistence unit 'default'
HHH000204: Processing PersistenceUnitInfo [
	name: default
	...]
HHH000412: Hibernate Core {5.0.12.Final}
HHH000206: hibernate.properties not found
HHH000021: Bytecode provider name : javassist
HCANN000001: Hibernate Commons Annotations {5.0.1.Final}
HHH000400: Using dialect: org.hibernate.dialect.MySQL5Dialect
Initialized JPA EntityManagerFactory for persistence unit 'default'
Looking for @ControllerAdvice: org.springframework.web.context.support.GenericWebApplicationContext@275fe372: startup date [Wed Nov 15 17:57:46 CST 2017]; root of context hierarchy
Mapped "{[/buyer/product/list],methods=[GET]}" onto public com.imooc.demo.VO.ResultVO com.imooc.demo.controller.BuyerProductController.list()
Mapped "{[/error]}" onto public org.springframework.http.ResponseEntity<java.util.Map<java.lang.String, java.lang.Object>> org.springframework.boot.autoconfigure.web.BasicErrorController.error(javax.servlet.http.HttpServletRequest)
Mapped "{[/error],produces=[text/html]}" onto public org.springframework.web.servlet.ModelAndView org.springframework.boot.autoconfigure.web.BasicErrorController.errorHtml(javax.servlet.http.HttpServletRequest,javax.servlet.http.HttpServletResponse)
Mapped URL path [/webjars/**] onto handler of type [class org.springframework.web.servlet.resource.ResourceHttpRequestHandler]
Mapped URL path [/**] onto handler of type [class org.springframework.web.servlet.resource.ResourceHttpRequestHandler]
Mapped URL path [/**/favicon.ico] onto handler of type [class org.springframework.web.servlet.resource.ResourceHttpRequestHandler]
Started OrderServiceImplTest in 12.033 seconds (JVM running for 14.07)
Starting OrderServiceImplTest on kzysuredeMacBook-Pro.local with PID 3545 (started by kzysure in /Users/kzysure/workspace/Test/sell)
No active profile set, falling back to default profiles: default
Refreshing org.springframework.web.context.support.GenericWebApplicationContext@4082ba93: startup date [Wed Nov 15 17:58:58 CST 2017]; root of context hierarchy
HV000001: Hibernate Validator 5.3.5.Final
Building JPA container EntityManagerFactory for persistence unit 'default'
HHH000204: Processing PersistenceUnitInfo [
	name: default
	...]
HHH000412: Hibernate Core {5.0.12.Final}
HHH000206: hibernate.properties not found
HHH000021: Bytecode provider name : javassist
HCANN000001: Hibernate Commons Annotations {5.0.1.Final}
HHH000400: Using dialect: org.hibernate.dialect.MySQL5Dialect
Initialized JPA EntityManagerFactory for persistence unit 'default'
Looking for @ControllerAdvice: org.springframework.web.context.support.GenericWebApplicationContext@4082ba93: startup date [Wed Nov 15 17:58:58 CST 2017]; root of context hierarchy
Mapped "{[/buyer/product/list],methods=[GET]}" onto public com.imooc.demo.VO.ResultVO com.imooc.demo.controller.BuyerProductController.list()
Mapped "{[/error]}" onto public org.springframework.http.ResponseEntity<java.util.Map<java.lang.String, java.lang.Object>> org.springframework.boot.autoconfigure.web.BasicErrorController.error(javax.servlet.http.HttpServletRequest)
Mapped "{[/error],produces=[text/html]}" onto public org.springframework.web.servlet.ModelAndView org.springframework.boot.autoconfigure.web.BasicErrorController.errorHtml(javax.servlet.http.HttpServletRequest,javax.servlet.http.HttpServletResponse)
Mapped URL path [/webjars/**] onto handler of type [class org.springframework.web.servlet.resource.ResourceHttpRequestHandler]
Mapped URL path [/**] onto handler of type [class org.springframework.web.servlet.resource.ResourceHttpRequestHandler]
Mapped URL path [/**/favicon.ico] onto handler of type [class org.springframework.web.servlet.resource.ResourceHttpRequestHandler]
Started OrderServiceImplTest in 12.675 seconds (JVM running for 15.166)
【创建订单】result=OrderDTO(orderId=null, buyerName=喵星人, buyerPhone=18888888888, buyerAddress=上高, buyerOpenid=yrl, orderAmount=null, orderStatus=0, payStatus=0, createTime=null, updateTime=null, orderDetailList=[OrderDetail(detailId=15107399499115805844, orderId=15107399498007376915, productId=yrl, productName=我老婆, productPrice=520.00, productQuantity=2, productIcon=icon)])
Closing org.springframework.web.context.support.GenericWebApplicationContext@4082ba93: startup date [Wed Nov 15 17:58:58 CST 2017]; root of context hierarchy
Closing JPA EntityManagerFactory for persistence unit 'default'
Starting OrderServiceImplTest on kzysuredeMacBook-Pro.local with PID 3552 (started by kzysure in /Users/kzysure/workspace/Test/sell)
No active profile set, falling back to default profiles: default
Refreshing org.springframework.web.context.support.GenericWebApplicationContext@4082ba93: startup date [Wed Nov 15 18:02:25 CST 2017]; root of context hierarchy
HV000001: Hibernate Validator 5.3.5.Final
Building JPA container EntityManagerFactory for persistence unit 'default'
HHH000204: Processing PersistenceUnitInfo [
	name: default
	...]
HHH000412: Hibernate Core {5.0.12.Final}
HHH000206: hibernate.properties not found
HHH000021: Bytecode provider name : javassist
HCANN000001: Hibernate Commons Annotations {5.0.1.Final}
HHH000400: Using dialect: org.hibernate.dialect.MySQL5Dialect
Initialized JPA EntityManagerFactory for persistence unit 'default'
Looking for @ControllerAdvice: org.springframework.web.context.support.GenericWebApplicationContext@4082ba93: startup date [Wed Nov 15 18:02:25 CST 2017]; root of context hierarchy
Mapped "{[/buyer/product/list],methods=[GET]}" onto public com.imooc.demo.VO.ResultVO com.imooc.demo.controller.BuyerProductController.list()
Mapped "{[/error]}" onto public org.springframework.http.ResponseEntity<java.util.Map<java.lang.String, java.lang.Object>> org.springframework.boot.autoconfigure.web.BasicErrorController.error(javax.servlet.http.HttpServletRequest)
Mapped "{[/error],produces=[text/html]}" onto public org.springframework.web.servlet.ModelAndView org.springframework.boot.autoconfigure.web.BasicErrorController.errorHtml(javax.servlet.http.HttpServletRequest,javax.servlet.http.HttpServletResponse)
Mapped URL path [/webjars/**] onto handler of type [class org.springframework.web.servlet.resource.ResourceHttpRequestHandler]
Mapped URL path [/**] onto handler of type [class org.springframework.web.servlet.resource.ResourceHttpRequestHandler]
Mapped URL path [/**/favicon.ico] onto handler of type [class org.springframework.web.servlet.resource.ResourceHttpRequestHandler]
Started OrderServiceImplTest in 10.235 seconds (JVM running for 12.114)
【创建订单】result=OrderDTO(orderId=null, buyerName=喵星人, buyerPhone=18888888888, buyerAddress=上高, buyerOpenid=yrl, orderAmount=null, orderStatus=0, payStatus=0, createTime=null, updateTime=null, orderDetailList=[OrderDetail(detailId=15107401540393449601, orderId=15107401539468244729, productId=yrl, productName=我老婆, productPrice=520.00, productQuantity=2, productIcon=icon)])
Closing org.springframework.web.context.support.GenericWebApplicationContext@4082ba93: startup date [Wed Nov 15 18:02:25 CST 2017]; root of context hierarchy
Closing JPA EntityManagerFactory for persistence unit 'default'
Starting OrderServiceImplTest on kzysuredeMacBook-Pro.local with PID 3569 (started by kzysure in /Users/kzysure/workspace/Test/sell)
No active profile set, falling back to default profiles: default
Refreshing org.springframework.web.context.support.GenericWebApplicationContext@4082ba93: startup date [Wed Nov 15 18:15:52 CST 2017]; root of context hierarchy
HV000001: Hibernate Validator 5.3.5.Final
Building JPA container EntityManagerFactory for persistence unit 'default'
HHH000204: Processing PersistenceUnitInfo [
	name: default
	...]
HHH000412: Hibernate Core {5.0.12.Final}
HHH000206: hibernate.properties not found
HHH000021: Bytecode provider name : javassist
HCANN000001: Hibernate Commons Annotations {5.0.1.Final}
HHH000400: Using dialect: org.hibernate.dialect.MySQL5Dialect
Initialized JPA EntityManagerFactory for persistence unit 'default'
Looking for @ControllerAdvice: org.springframework.web.context.support.GenericWebApplicationContext@4082ba93: startup date [Wed Nov 15 18:15:52 CST 2017]; root of context hierarchy
Mapped "{[/buyer/product/list],methods=[GET]}" onto public com.imooc.demo.VO.ResultVO com.imooc.demo.controller.BuyerProductController.list()
Mapped "{[/error]}" onto public org.springframework.http.ResponseEntity<java.util.Map<java.lang.String, java.lang.Object>> org.springframework.boot.autoconfigure.web.BasicErrorController.error(javax.servlet.http.HttpServletRequest)
Mapped "{[/error],produces=[text/html]}" onto public org.springframework.web.servlet.ModelAndView org.springframework.boot.autoconfigure.web.BasicErrorController.errorHtml(javax.servlet.http.HttpServletRequest,javax.servlet.http.HttpServletResponse)
Mapped URL path [/webjars/**] onto handler of type [class org.springframework.web.servlet.resource.ResourceHttpRequestHandler]
Mapped URL path [/**] onto handler of type [class org.springframework.web.servlet.resource.ResourceHttpRequestHandler]
Mapped URL path [/**/favicon.ico] onto handler of type [class org.springframework.web.servlet.resource.ResourceHttpRequestHandler]
Started OrderServiceImplTest in 9.654 seconds (JVM running for 11.534)
【创建订单】result=OrderDTO(orderId=null, buyerName=喵星人, buyerPhone=18888888888, buyerAddress=上高, buyerOpenid=yrl, orderAmount=null, orderStatus=0, payStatus=0, createTime=null, updateTime=null, orderDetailList=[OrderDetail(detailId=15107409605421058712, orderId=15107409604174384225, productId=yrl, productName=我老婆, productPrice=520.00, productQuantity=2, productIcon=icon)])
Closing org.springframework.web.context.support.GenericWebApplicationContext@4082ba93: startup date [Wed Nov 15 18:15:52 CST 2017]; root of context hierarchy
Closing JPA EntityManagerFactory for persistence unit 'default'
【创建订单】result=OrderDTO(orderId=null, buyerName=喵星人, buyerPhone=18888888888, buyerAddress=上高, buyerOpenid=yrl, orderAmount=null, orderStatus=0, payStatus=0, createTime=null, updateTime=null, orderDetailList=[OrderDetail(detailId=15107420324686146453, orderId=15107398777294326201, productId=yrl, productName=我老婆, productPrice=520.00, productQuantity=2, productIcon=icon)])
Closing org.springframework.web.context.support.GenericWebApplicationContext@275fe372: startup date [Wed Nov 15 17:57:46 CST 2017]; root of context hierarchy
Closing JPA EntityManagerFactory for persistence unit 'default'
Closing org.springframework.boot.context.embedded.AnnotationConfigEmbeddedWebApplicationContext@17aad511: startup date [Wed Nov 15 10:22:01 CST 2017]; root of context hierarchy
Unregistering JMX-exposed beans on shutdown
Closing JPA EntityManagerFactory for persistence unit 'default'
