【登陆校验】，Cookie中查不到token
【登陆校验】，Cookie中查不到token
Mapped URL path [/webjars/**] onto handler of type [class org.springframework.web.servlet.resource.ResourceHttpRequestHandler]
Mapped URL path [/**] onto handler of type [class org.springframework.web.servlet.resource.ResourceHttpRequestHandler]
【websocket消息】有新的连接，总数：1
【websocket消息】关闭连接
【websocket消息】有新的连接，总数：1
【websocket消息】关闭连接
【websocket消息】有新的连接，总数：1
【websocket消息】关闭连接
【登陆校验】，redis查不到token
【websocket消息】有新的连接，总数：1
【websocket消息】关闭连接
【websocket消息】有新的连接，总数：1
【websocket消息】关闭连接
【websocket消息】有新的连接，总数：1
【websocket消息】关闭连接
【websocket消息】有新的连接，总数：1
【websocket消息】关闭连接
【websocket消息】有新的连接，总数：1
【websocket消息】关闭连接
