Starting OrderServiceImplTest on kzysuredeMacBook-Pro.local with PID 6299 (started by kzysure in /Users/kzysure/workspace/Test/sell)
No active profile set, falling back to default profiles: default
Refreshing org.springframework.web.context.support.GenericWebApplicationContext@4f32a3ad: startup date [Fri Nov 17 09:20:08 CST 2017]; root of context hierarchy
HV000001: Hibernate Validator 5.3.5.Final
Building JPA container EntityManagerFactory for persistence unit 'default'
HHH000204: Processing PersistenceUnitInfo [
	name: default
	...]
HHH000412: Hibernate Core {5.0.12.Final}
HHH000206: hibernate.properties not found
HHH000021: Bytecode provider name : javassist
HCANN000001: Hibernate Commons Annotations {5.0.1.Final}
HHH000400: Using dialect: org.hibernate.dialect.MySQL5Dialect
Initialized JPA EntityManagerFactory for persistence unit 'default'
Looking for @ControllerAdvice: org.springframework.web.context.support.GenericWebApplicationContext@4f32a3ad: startup date [Fri Nov 17 09:20:08 CST 2017]; root of context hierarchy
Mapped "{[/buyer/product/list],methods=[GET]}" onto public com.imooc.demo.VO.ResultVO com.imooc.demo.controller.BuyerProductController.list()
Mapped "{[/error]}" onto public org.springframework.http.ResponseEntity<java.util.Map<java.lang.String, java.lang.Object>> org.springframework.boot.autoconfigure.web.BasicErrorController.error(javax.servlet.http.HttpServletRequest)
Mapped "{[/error],produces=[text/html]}" onto public org.springframework.web.servlet.ModelAndView org.springframework.boot.autoconfigure.web.BasicErrorController.errorHtml(javax.servlet.http.HttpServletRequest,javax.servlet.http.HttpServletResponse)
Mapped URL path [/webjars/**] onto handler of type [class org.springframework.web.servlet.resource.ResourceHttpRequestHandler]
Mapped URL path [/**] onto handler of type [class org.springframework.web.servlet.resource.ResourceHttpRequestHandler]
Mapped URL path [/**/favicon.ico] onto handler of type [class org.springframework.web.servlet.resource.ResourceHttpRequestHandler]
Started OrderServiceImplTest in 9.166 seconds (JVM running for 11.042)
HHH000397: Using ASTQueryTranslatorFactory
Closing org.springframework.web.context.support.GenericWebApplicationContext@4f32a3ad: startup date [Fri Nov 17 09:20:08 CST 2017]; root of context hierarchy
Closing JPA EntityManagerFactory for persistence unit 'default'
Starting OrderServiceImplTest on kzysuredeMacBook-Pro.local with PID 6309 (started by kzysure in /Users/kzysure/workspace/Test/sell)
No active profile set, falling back to default profiles: default
Refreshing org.springframework.web.context.support.GenericWebApplicationContext@4f32a3ad: startup date [Fri Nov 17 09:26:48 CST 2017]; root of context hierarchy
HV000001: Hibernate Validator 5.3.5.Final
Building JPA container EntityManagerFactory for persistence unit 'default'
HHH000204: Processing PersistenceUnitInfo [
	name: default
	...]
HHH000412: Hibernate Core {5.0.12.Final}
HHH000206: hibernate.properties not found
HHH000021: Bytecode provider name : javassist
HCANN000001: Hibernate Commons Annotations {5.0.1.Final}
HHH000400: Using dialect: org.hibernate.dialect.MySQL5Dialect
Initialized JPA EntityManagerFactory for persistence unit 'default'
Looking for @ControllerAdvice: org.springframework.web.context.support.GenericWebApplicationContext@4f32a3ad: startup date [Fri Nov 17 09:26:48 CST 2017]; root of context hierarchy
Mapped "{[/buyer/product/list],methods=[GET]}" onto public com.imooc.demo.VO.ResultVO com.imooc.demo.controller.BuyerProductController.list()
Mapped "{[/error]}" onto public org.springframework.http.ResponseEntity<java.util.Map<java.lang.String, java.lang.Object>> org.springframework.boot.autoconfigure.web.BasicErrorController.error(javax.servlet.http.HttpServletRequest)
Mapped "{[/error],produces=[text/html]}" onto public org.springframework.web.servlet.ModelAndView org.springframework.boot.autoconfigure.web.BasicErrorController.errorHtml(javax.servlet.http.HttpServletRequest,javax.servlet.http.HttpServletResponse)
Mapped URL path [/webjars/**] onto handler of type [class org.springframework.web.servlet.resource.ResourceHttpRequestHandler]
Mapped URL path [/**] onto handler of type [class org.springframework.web.servlet.resource.ResourceHttpRequestHandler]
Mapped URL path [/**/favicon.ico] onto handler of type [class org.springframework.web.servlet.resource.ResourceHttpRequestHandler]
Started OrderServiceImplTest in 8.801 seconds (JVM running for 10.736)
HHH000397: Using ASTQueryTranslatorFactory
Closing org.springframework.web.context.support.GenericWebApplicationContext@4f32a3ad: startup date [Fri Nov 17 09:26:48 CST 2017]; root of context hierarchy
Closing JPA EntityManagerFactory for persistence unit 'default'
Starting OrderServiceImplTest on kzysuredeMacBook-Pro.local with PID 6312 (started by kzysure in /Users/kzysure/workspace/Test/sell)
No active profile set, falling back to default profiles: default
Refreshing org.springframework.web.context.support.GenericWebApplicationContext@4f32a3ad: startup date [Fri Nov 17 09:27:28 CST 2017]; root of context hierarchy
HV000001: Hibernate Validator 5.3.5.Final
Building JPA container EntityManagerFactory for persistence unit 'default'
HHH000204: Processing PersistenceUnitInfo [
	name: default
	...]
HHH000412: Hibernate Core {5.0.12.Final}
HHH000206: hibernate.properties not found
HHH000021: Bytecode provider name : javassist
HCANN000001: Hibernate Commons Annotations {5.0.1.Final}
HHH000400: Using dialect: org.hibernate.dialect.MySQL5Dialect
Initialized JPA EntityManagerFactory for persistence unit 'default'
Looking for @ControllerAdvice: org.springframework.web.context.support.GenericWebApplicationContext@4f32a3ad: startup date [Fri Nov 17 09:27:28 CST 2017]; root of context hierarchy
Mapped "{[/buyer/product/list],methods=[GET]}" onto public com.imooc.demo.VO.ResultVO com.imooc.demo.controller.BuyerProductController.list()
Mapped "{[/error]}" onto public org.springframework.http.ResponseEntity<java.util.Map<java.lang.String, java.lang.Object>> org.springframework.boot.autoconfigure.web.BasicErrorController.error(javax.servlet.http.HttpServletRequest)
Mapped "{[/error],produces=[text/html]}" onto public org.springframework.web.servlet.ModelAndView org.springframework.boot.autoconfigure.web.BasicErrorController.errorHtml(javax.servlet.http.HttpServletRequest,javax.servlet.http.HttpServletResponse)
Mapped URL path [/webjars/**] onto handler of type [class org.springframework.web.servlet.resource.ResourceHttpRequestHandler]
Mapped URL path [/**] onto handler of type [class org.springframework.web.servlet.resource.ResourceHttpRequestHandler]
Mapped URL path [/**/favicon.ico] onto handler of type [class org.springframework.web.servlet.resource.ResourceHttpRequestHandler]
Started OrderServiceImplTest in 7.826 seconds (JVM running for 9.503)
HHH000397: Using ASTQueryTranslatorFactory
Closing org.springframework.web.context.support.GenericWebApplicationContext@4f32a3ad: startup date [Fri Nov 17 09:27:28 CST 2017]; root of context hierarchy
Closing JPA EntityManagerFactory for persistence unit 'default'
Starting OrderServiceImplTest on kzysuredeMacBook-Pro.local with PID 6318 (started by kzysure in /Users/kzysure/workspace/Test/sell)
No active profile set, falling back to default profiles: default
Refreshing org.springframework.web.context.support.GenericWebApplicationContext@4f32a3ad: startup date [Fri Nov 17 09:28:22 CST 2017]; root of context hierarchy
HV000001: Hibernate Validator 5.3.5.Final
Building JPA container EntityManagerFactory for persistence unit 'default'
HHH000204: Processing PersistenceUnitInfo [
	name: default
	...]
HHH000412: Hibernate Core {5.0.12.Final}
HHH000206: hibernate.properties not found
HHH000021: Bytecode provider name : javassist
HCANN000001: Hibernate Commons Annotations {5.0.1.Final}
HHH000400: Using dialect: org.hibernate.dialect.MySQL5Dialect
Initialized JPA EntityManagerFactory for persistence unit 'default'
Looking for @ControllerAdvice: org.springframework.web.context.support.GenericWebApplicationContext@4f32a3ad: startup date [Fri Nov 17 09:28:22 CST 2017]; root of context hierarchy
Mapped "{[/buyer/product/list],methods=[GET]}" onto public com.imooc.demo.VO.ResultVO com.imooc.demo.controller.BuyerProductController.list()
Mapped "{[/error]}" onto public org.springframework.http.ResponseEntity<java.util.Map<java.lang.String, java.lang.Object>> org.springframework.boot.autoconfigure.web.BasicErrorController.error(javax.servlet.http.HttpServletRequest)
Mapped "{[/error],produces=[text/html]}" onto public org.springframework.web.servlet.ModelAndView org.springframework.boot.autoconfigure.web.BasicErrorController.errorHtml(javax.servlet.http.HttpServletRequest,javax.servlet.http.HttpServletResponse)
Mapped URL path [/webjars/**] onto handler of type [class org.springframework.web.servlet.resource.ResourceHttpRequestHandler]
Mapped URL path [/**] onto handler of type [class org.springframework.web.servlet.resource.ResourceHttpRequestHandler]
Mapped URL path [/**/favicon.ico] onto handler of type [class org.springframework.web.servlet.resource.ResourceHttpRequestHandler]
Started OrderServiceImplTest in 9.528 seconds (JVM running for 11.085)
HHH000397: Using ASTQueryTranslatorFactory
Closing org.springframework.web.context.support.GenericWebApplicationContext@4f32a3ad: startup date [Fri Nov 17 09:28:22 CST 2017]; root of context hierarchy
Closing JPA EntityManagerFactory for persistence unit 'default'
Starting OrderServiceImplTest on kzysuredeMacBook-Pro.local with PID 6325 (started by kzysure in /Users/kzysure/workspace/Test/sell)
No active profile set, falling back to default profiles: default
Refreshing org.springframework.web.context.support.GenericWebApplicationContext@4f32a3ad: startup date [Fri Nov 17 09:32:10 CST 2017]; root of context hierarchy
HV000001: Hibernate Validator 5.3.5.Final
Building JPA container EntityManagerFactory for persistence unit 'default'
HHH000204: Processing PersistenceUnitInfo [
	name: default
	...]
HHH000412: Hibernate Core {5.0.12.Final}
HHH000206: hibernate.properties not found
HHH000021: Bytecode provider name : javassist
HCANN000001: Hibernate Commons Annotations {5.0.1.Final}
HHH000400: Using dialect: org.hibernate.dialect.MySQL5Dialect
Initialized JPA EntityManagerFactory for persistence unit 'default'
Looking for @ControllerAdvice: org.springframework.web.context.support.GenericWebApplicationContext@4f32a3ad: startup date [Fri Nov 17 09:32:10 CST 2017]; root of context hierarchy
Mapped "{[/buyer/product/list],methods=[GET]}" onto public com.imooc.demo.VO.ResultVO com.imooc.demo.controller.BuyerProductController.list()
Mapped "{[/error]}" onto public org.springframework.http.ResponseEntity<java.util.Map<java.lang.String, java.lang.Object>> org.springframework.boot.autoconfigure.web.BasicErrorController.error(javax.servlet.http.HttpServletRequest)
Mapped "{[/error],produces=[text/html]}" onto public org.springframework.web.servlet.ModelAndView org.springframework.boot.autoconfigure.web.BasicErrorController.errorHtml(javax.servlet.http.HttpServletRequest,javax.servlet.http.HttpServletResponse)
Mapped URL path [/webjars/**] onto handler of type [class org.springframework.web.servlet.resource.ResourceHttpRequestHandler]
Mapped URL path [/**] onto handler of type [class org.springframework.web.servlet.resource.ResourceHttpRequestHandler]
Mapped URL path [/**/favicon.ico] onto handler of type [class org.springframework.web.servlet.resource.ResourceHttpRequestHandler]
Started OrderServiceImplTest in 8.229 seconds (JVM running for 9.943)
HHH000397: Using ASTQueryTranslatorFactory
Closing org.springframework.web.context.support.GenericWebApplicationContext@4f32a3ad: startup date [Fri Nov 17 09:32:10 CST 2017]; root of context hierarchy
Closing JPA EntityManagerFactory for persistence unit 'default'
Starting OrderServiceImplTest on kzysuredeMacBook-Pro.local with PID 6327 (started by kzysure in /Users/kzysure/workspace/Test/sell)
No active profile set, falling back to default profiles: default
Refreshing org.springframework.web.context.support.GenericWebApplicationContext@4f32a3ad: startup date [Fri Nov 17 09:33:20 CST 2017]; root of context hierarchy
HV000001: Hibernate Validator 5.3.5.Final
Building JPA container EntityManagerFactory for persistence unit 'default'
HHH000204: Processing PersistenceUnitInfo [
	name: default
	...]
HHH000412: Hibernate Core {5.0.12.Final}
HHH000206: hibernate.properties not found
HHH000021: Bytecode provider name : javassist
HCANN000001: Hibernate Commons Annotations {5.0.1.Final}
HHH000400: Using dialect: org.hibernate.dialect.MySQL5Dialect
Initialized JPA EntityManagerFactory for persistence unit 'default'
Looking for @ControllerAdvice: org.springframework.web.context.support.GenericWebApplicationContext@4f32a3ad: startup date [Fri Nov 17 09:33:20 CST 2017]; root of context hierarchy
Mapped "{[/buyer/product/list],methods=[GET]}" onto public com.imooc.demo.VO.ResultVO com.imooc.demo.controller.BuyerProductController.list()
Mapped "{[/error]}" onto public org.springframework.http.ResponseEntity<java.util.Map<java.lang.String, java.lang.Object>> org.springframework.boot.autoconfigure.web.BasicErrorController.error(javax.servlet.http.HttpServletRequest)
Mapped "{[/error],produces=[text/html]}" onto public org.springframework.web.servlet.ModelAndView org.springframework.boot.autoconfigure.web.BasicErrorController.errorHtml(javax.servlet.http.HttpServletRequest,javax.servlet.http.HttpServletResponse)
Mapped URL path [/webjars/**] onto handler of type [class org.springframework.web.servlet.resource.ResourceHttpRequestHandler]
Mapped URL path [/**] onto handler of type [class org.springframework.web.servlet.resource.ResourceHttpRequestHandler]
Mapped URL path [/**/favicon.ico] onto handler of type [class org.springframework.web.servlet.resource.ResourceHttpRequestHandler]
Started OrderServiceImplTest in 7.852 seconds (JVM running for 9.339)
HHH000397: Using ASTQueryTranslatorFactory
Closing org.springframework.web.context.support.GenericWebApplicationContext@4f32a3ad: startup date [Fri Nov 17 09:33:20 CST 2017]; root of context hierarchy
Closing JPA EntityManagerFactory for persistence unit 'default'
Starting OrderServiceImplTest on kzysuredeMacBook-Pro.local with PID 6337 (started by kzysure in /Users/kzysure/workspace/Test/sell)
No active profile set, falling back to default profiles: default
Refreshing org.springframework.web.context.support.GenericWebApplicationContext@4f32a3ad: startup date [Fri Nov 17 09:38:46 CST 2017]; root of context hierarchy
HV000001: Hibernate Validator 5.3.5.Final
Building JPA container EntityManagerFactory for persistence unit 'default'
HHH000204: Processing PersistenceUnitInfo [
	name: default
	...]
HHH000412: Hibernate Core {5.0.12.Final}
HHH000206: hibernate.properties not found
HHH000021: Bytecode provider name : javassist
HCANN000001: Hibernate Commons Annotations {5.0.1.Final}
HHH000400: Using dialect: org.hibernate.dialect.MySQL5Dialect
Initialized JPA EntityManagerFactory for persistence unit 'default'
Looking for @ControllerAdvice: org.springframework.web.context.support.GenericWebApplicationContext@4f32a3ad: startup date [Fri Nov 17 09:38:46 CST 2017]; root of context hierarchy
Mapped "{[/buyer/product/list],methods=[GET]}" onto public com.imooc.demo.VO.ResultVO com.imooc.demo.controller.BuyerProductController.list()
Mapped "{[/error]}" onto public org.springframework.http.ResponseEntity<java.util.Map<java.lang.String, java.lang.Object>> org.springframework.boot.autoconfigure.web.BasicErrorController.error(javax.servlet.http.HttpServletRequest)
Mapped "{[/error],produces=[text/html]}" onto public org.springframework.web.servlet.ModelAndView org.springframework.boot.autoconfigure.web.BasicErrorController.errorHtml(javax.servlet.http.HttpServletRequest,javax.servlet.http.HttpServletResponse)
Mapped URL path [/webjars/**] onto handler of type [class org.springframework.web.servlet.resource.ResourceHttpRequestHandler]
Mapped URL path [/**] onto handler of type [class org.springframework.web.servlet.resource.ResourceHttpRequestHandler]
Mapped URL path [/**/favicon.ico] onto handler of type [class org.springframework.web.servlet.resource.ResourceHttpRequestHandler]
Started OrderServiceImplTest in 8.107 seconds (JVM running for 9.639)
HHH000397: Using ASTQueryTranslatorFactory
Closing org.springframework.web.context.support.GenericWebApplicationContext@4f32a3ad: startup date [Fri Nov 17 09:38:46 CST 2017]; root of context hierarchy
Closing JPA EntityManagerFactory for persistence unit 'default'
Starting OrderServiceImplTest on kzysuredeMacBook-Pro.local with PID 6347 (started by kzysure in /Users/kzysure/workspace/Test/sell)
No active profile set, falling back to default profiles: default
Refreshing org.springframework.web.context.support.GenericWebApplicationContext@4f32a3ad: startup date [Fri Nov 17 09:40:50 CST 2017]; root of context hierarchy
HV000001: Hibernate Validator 5.3.5.Final
Building JPA container EntityManagerFactory for persistence unit 'default'
HHH000204: Processing PersistenceUnitInfo [
	name: default
	...]
HHH000412: Hibernate Core {5.0.12.Final}
HHH000206: hibernate.properties not found
HHH000021: Bytecode provider name : javassist
HCANN000001: Hibernate Commons Annotations {5.0.1.Final}
HHH000400: Using dialect: org.hibernate.dialect.MySQL5Dialect
Initialized JPA EntityManagerFactory for persistence unit 'default'
Looking for @ControllerAdvice: org.springframework.web.context.support.GenericWebApplicationContext@4f32a3ad: startup date [Fri Nov 17 09:40:50 CST 2017]; root of context hierarchy
Mapped "{[/buyer/product/list],methods=[GET]}" onto public com.imooc.demo.VO.ResultVO com.imooc.demo.controller.BuyerProductController.list()
Mapped "{[/error]}" onto public org.springframework.http.ResponseEntity<java.util.Map<java.lang.String, java.lang.Object>> org.springframework.boot.autoconfigure.web.BasicErrorController.error(javax.servlet.http.HttpServletRequest)
Mapped "{[/error],produces=[text/html]}" onto public org.springframework.web.servlet.ModelAndView org.springframework.boot.autoconfigure.web.BasicErrorController.errorHtml(javax.servlet.http.HttpServletRequest,javax.servlet.http.HttpServletResponse)
Mapped URL path [/webjars/**] onto handler of type [class org.springframework.web.servlet.resource.ResourceHttpRequestHandler]
Mapped URL path [/**] onto handler of type [class org.springframework.web.servlet.resource.ResourceHttpRequestHandler]
Mapped URL path [/**/favicon.ico] onto handler of type [class org.springframework.web.servlet.resource.ResourceHttpRequestHandler]
Started OrderServiceImplTest in 9.707 seconds (JVM running for 11.453)
HHH000397: Using ASTQueryTranslatorFactory
Closing org.springframework.web.context.support.GenericWebApplicationContext@4f32a3ad: startup date [Fri Nov 17 09:40:50 CST 2017]; root of context hierarchy
Closing JPA EntityManagerFactory for persistence unit 'default'
Starting OrderServiceImplTest on kzysuredeMacBook-Pro.local with PID 6388 (started by kzysure in /Users/kzysure/workspace/Test/sell)
No active profile set, falling back to default profiles: default
Refreshing org.springframework.web.context.support.GenericWebApplicationContext@6b695b06: startup date [Fri Nov 17 09:59:28 CST 2017]; root of context hierarchy
HV000001: Hibernate Validator 5.3.5.Final
Building JPA container EntityManagerFactory for persistence unit 'default'
HHH000204: Processing PersistenceUnitInfo [
	name: default
	...]
HHH000412: Hibernate Core {5.0.12.Final}
HHH000206: hibernate.properties not found
HHH000021: Bytecode provider name : javassist
HCANN000001: Hibernate Commons Annotations {5.0.1.Final}
HHH000400: Using dialect: org.hibernate.dialect.MySQL5Dialect
Initialized JPA EntityManagerFactory for persistence unit 'default'
Looking for @ControllerAdvice: org.springframework.web.context.support.GenericWebApplicationContext@6b695b06: startup date [Fri Nov 17 09:59:28 CST 2017]; root of context hierarchy
Mapped "{[/buyer/product/list],methods=[GET]}" onto public com.imooc.demo.VO.ResultVO com.imooc.demo.controller.BuyerProductController.list()
Mapped "{[/error]}" onto public org.springframework.http.ResponseEntity<java.util.Map<java.lang.String, java.lang.Object>> org.springframework.boot.autoconfigure.web.BasicErrorController.error(javax.servlet.http.HttpServletRequest)
Mapped "{[/error],produces=[text/html]}" onto public org.springframework.web.servlet.ModelAndView org.springframework.boot.autoconfigure.web.BasicErrorController.errorHtml(javax.servlet.http.HttpServletRequest,javax.servlet.http.HttpServletResponse)
Mapped URL path [/webjars/**] onto handler of type [class org.springframework.web.servlet.resource.ResourceHttpRequestHandler]
Mapped URL path [/**] onto handler of type [class org.springframework.web.servlet.resource.ResourceHttpRequestHandler]
Mapped URL path [/**/favicon.ico] onto handler of type [class org.springframework.web.servlet.resource.ResourceHttpRequestHandler]
Started OrderServiceImplTest in 7.774 seconds (JVM running for 9.294)
HHH000397: Using ASTQueryTranslatorFactory
Closing org.springframework.web.context.support.GenericWebApplicationContext@6b695b06: startup date [Fri Nov 17 09:59:28 CST 2017]; root of context hierarchy
Closing JPA EntityManagerFactory for persistence unit 'default'
Starting OrderServiceImplTest on kzysuredeMacBook-Pro.local with PID 6550 (started by kzysure in /Users/kzysure/workspace/Test/sell)
No active profile set, falling back to default profiles: default
Refreshing org.springframework.web.context.support.GenericWebApplicationContext@6b695b06: startup date [Fri Nov 17 10:36:01 CST 2017]; root of context hierarchy
HV000001: Hibernate Validator 5.3.5.Final
Building JPA container EntityManagerFactory for persistence unit 'default'
HHH000204: Processing PersistenceUnitInfo [
	name: default
	...]
HHH000412: Hibernate Core {5.0.12.Final}
HHH000206: hibernate.properties not found
HHH000021: Bytecode provider name : javassist
HCANN000001: Hibernate Commons Annotations {5.0.1.Final}
HHH000400: Using dialect: org.hibernate.dialect.MySQL5Dialect
Initialized JPA EntityManagerFactory for persistence unit 'default'
Looking for @ControllerAdvice: org.springframework.web.context.support.GenericWebApplicationContext@6b695b06: startup date [Fri Nov 17 10:36:01 CST 2017]; root of context hierarchy
Mapped "{[/buyer/product/list],methods=[GET]}" onto public com.imooc.demo.VO.ResultVO com.imooc.demo.controller.BuyerProductController.list()
Mapped "{[/error]}" onto public org.springframework.http.ResponseEntity<java.util.Map<java.lang.String, java.lang.Object>> org.springframework.boot.autoconfigure.web.BasicErrorController.error(javax.servlet.http.HttpServletRequest)
Mapped "{[/error],produces=[text/html]}" onto public org.springframework.web.servlet.ModelAndView org.springframework.boot.autoconfigure.web.BasicErrorController.errorHtml(javax.servlet.http.HttpServletRequest,javax.servlet.http.HttpServletResponse)
Mapped URL path [/webjars/**] onto handler of type [class org.springframework.web.servlet.resource.ResourceHttpRequestHandler]
Mapped URL path [/**] onto handler of type [class org.springframework.web.servlet.resource.ResourceHttpRequestHandler]
Mapped URL path [/**/favicon.ico] onto handler of type [class org.springframework.web.servlet.resource.ResourceHttpRequestHandler]
Started OrderServiceImplTest in 8.682 seconds (JVM running for 10.51)
HHH000397: Using ASTQueryTranslatorFactory
Closing org.springframework.web.context.support.GenericWebApplicationContext@6b695b06: startup date [Fri Nov 17 10:36:01 CST 2017]; root of context hierarchy
Closing JPA EntityManagerFactory for persistence unit 'default'
Starting OrderServiceImplTest on kzysuredeMacBook-Pro.local with PID 7032 (started by kzysure in /Users/kzysure/workspace/Test/sell)
No active profile set, falling back to default profiles: default
Refreshing org.springframework.web.context.support.GenericWebApplicationContext@6f53b8a: startup date [Fri Nov 17 13:12:00 CST 2017]; root of context hierarchy
HV000001: Hibernate Validator 5.3.5.Final
Building JPA container EntityManagerFactory for persistence unit 'default'
HHH000204: Processing PersistenceUnitInfo [
	name: default
	...]
HHH000412: Hibernate Core {5.0.12.Final}
HHH000206: hibernate.properties not found
HHH000021: Bytecode provider name : javassist
HCANN000001: Hibernate Commons Annotations {5.0.1.Final}
HHH000400: Using dialect: org.hibernate.dialect.MySQL5Dialect
Initialized JPA EntityManagerFactory for persistence unit 'default'
Looking for @ControllerAdvice: org.springframework.web.context.support.GenericWebApplicationContext@6f53b8a: startup date [Fri Nov 17 13:12:00 CST 2017]; root of context hierarchy
Mapped "{[/buyer/order/create],methods=[POST]}" onto public com.imooc.demo.VO.ResultVO<java.util.Map<java.lang.String, java.lang.String>> com.imooc.demo.controller.BuyerOrderController.createOrder(com.imooc.demo.form.OrderForm,org.springframework.validation.BindingResult)
Mapped "{[/buyer/product/list],methods=[GET]}" onto public com.imooc.demo.VO.ResultVO com.imooc.demo.controller.BuyerProductController.list()
Mapped "{[/error]}" onto public org.springframework.http.ResponseEntity<java.util.Map<java.lang.String, java.lang.Object>> org.springframework.boot.autoconfigure.web.BasicErrorController.error(javax.servlet.http.HttpServletRequest)
Mapped "{[/error],produces=[text/html]}" onto public org.springframework.web.servlet.ModelAndView org.springframework.boot.autoconfigure.web.BasicErrorController.errorHtml(javax.servlet.http.HttpServletRequest,javax.servlet.http.HttpServletResponse)
Mapped URL path [/webjars/**] onto handler of type [class org.springframework.web.servlet.resource.ResourceHttpRequestHandler]
Mapped URL path [/**] onto handler of type [class org.springframework.web.servlet.resource.ResourceHttpRequestHandler]
Mapped URL path [/**/favicon.ico] onto handler of type [class org.springframework.web.servlet.resource.ResourceHttpRequestHandler]
Started OrderServiceImplTest in 11.505 seconds (JVM running for 13.793)
Began transaction (1) for test context [DefaultTestContext@7bc1a03d testClass = OrderServiceImplTest, testInstance = com.imooc.demo.service.impl.OrderServiceImplTest@7b377a53, testMethod = paidOrder@OrderServiceImplTest, testException = [null], mergedContextConfiguration = [WebMergedContextConfiguration@70b0b186 testClass = OrderServiceImplTest, locations = '{}', classes = '{class com.imooc.demo.SellApplication}', contextInitializerClasses = '[]', activeProfiles = '{}', propertySourceLocations = '{}', propertySourceProperties = '{org.springframework.boot.test.context.SpringBootTestContextBootstrapper=true}', contextCustomizers = set[org.springframework.boot.test.context.SpringBootTestContextCustomizer@3327bd23, org.springframework.boot.test.context.filter.ExcludeFilterContextCustomizer@52a86356, org.springframework.boot.test.json.DuplicateJsonObjectContextCustomizerFactory$DuplicateJsonObjectContextCustomizer@5ec0a365, org.springframework.boot.test.mock.mockito.MockitoContextCustomizer@0, org.springframework.boot.test.autoconfigure.properties.PropertyMappingContextCustomizer@0, org.springframework.boot.test.autoconfigure.web.servlet.WebDriverContextCustomizerFactory$Customizer@65e2dbf3], resourceBasePath = 'src/main/webapp', contextLoader = 'org.springframework.boot.test.context.SpringBootContextLoader', parent = [null]]]; transaction manager [org.springframework.orm.jpa.JpaTransactionManager@2fdf22f7]; rollback [true]
HHH000397: Using ASTQueryTranslatorFactory
Rolled back transaction for test context [DefaultTestContext@7bc1a03d testClass = OrderServiceImplTest, testInstance = com.imooc.demo.service.impl.OrderServiceImplTest@7b377a53, testMethod = paidOrder@OrderServiceImplTest, testException = [null], mergedContextConfiguration = [WebMergedContextConfiguration@70b0b186 testClass = OrderServiceImplTest, locations = '{}', classes = '{class com.imooc.demo.SellApplication}', contextInitializerClasses = '[]', activeProfiles = '{}', propertySourceLocations = '{}', propertySourceProperties = '{org.springframework.boot.test.context.SpringBootTestContextBootstrapper=true}', contextCustomizers = set[org.springframework.boot.test.context.SpringBootTestContextCustomizer@3327bd23, org.springframework.boot.test.context.filter.ExcludeFilterContextCustomizer@52a86356, org.springframework.boot.test.json.DuplicateJsonObjectContextCustomizerFactory$DuplicateJsonObjectContextCustomizer@5ec0a365, org.springframework.boot.test.mock.mockito.MockitoContextCustomizer@0, org.springframework.boot.test.autoconfigure.properties.PropertyMappingContextCustomizer@0, org.springframework.boot.test.autoconfigure.web.servlet.WebDriverContextCustomizerFactory$Customizer@65e2dbf3], resourceBasePath = 'src/main/webapp', contextLoader = 'org.springframework.boot.test.context.SpringBootContextLoader', parent = [null]]].
Closing org.springframework.web.context.support.GenericWebApplicationContext@6f53b8a: startup date [Fri Nov 17 13:12:00 CST 2017]; root of context hierarchy
Closing JPA EntityManagerFactory for persistence unit 'default'
Closing org.springframework.boot.context.embedded.AnnotationConfigEmbeddedWebApplicationContext@29b23bc4: startup date [Thu Nov 16 10:27:32 CST 2017]; root of context hierarchy
Unregistering JMX-exposed beans on shutdown
Closing JPA EntityManagerFactory for persistence unit 'default'
HV000001: Hibernate Validator 5.3.5.Final
Starting SellApplication on kzysuredeMacBook-Pro.local with PID 7037 (/Users/kzysure/workspace/Test/sell/target/classes started by kzysure in /Users/kzysure/workspace/Test/sell)
No active profile set, falling back to default profiles: default
Refreshing org.springframework.boot.context.embedded.AnnotationConfigEmbeddedWebApplicationContext@22bac7bc: startup date [Fri Nov 17 13:12:56 CST 2017]; root of context hierarchy
Tomcat initialized with port(s): 8080 (http)
Starting service [Tomcat]
Starting Servlet Engine: Apache Tomcat/8.5.23
Initializing Spring embedded WebApplicationContext
Root WebApplicationContext: initialization completed in 3523 ms
Mapping servlet: 'dispatcherServlet' to [/]
Mapping filter: 'characterEncodingFilter' to: [/*]
Mapping filter: 'hiddenHttpMethodFilter' to: [/*]
Mapping filter: 'httpPutFormContentFilter' to: [/*]
Mapping filter: 'requestContextFilter' to: [/*]
Building JPA container EntityManagerFactory for persistence unit 'default'
HHH000204: Processing PersistenceUnitInfo [
	name: default
	...]
HHH000412: Hibernate Core {5.0.12.Final}
HHH000206: hibernate.properties not found
HHH000021: Bytecode provider name : javassist
HCANN000001: Hibernate Commons Annotations {5.0.1.Final}
HHH000400: Using dialect: org.hibernate.dialect.MySQL5Dialect
Initialized JPA EntityManagerFactory for persistence unit 'default'
Looking for @ControllerAdvice: org.springframework.boot.context.embedded.AnnotationConfigEmbeddedWebApplicationContext@22bac7bc: startup date [Fri Nov 17 13:12:56 CST 2017]; root of context hierarchy
Mapped "{[/buyer/order/create],methods=[POST]}" onto public com.imooc.demo.VO.ResultVO<java.util.Map<java.lang.String, java.lang.String>> com.imooc.demo.controller.BuyerOrderController.createOrder(com.imooc.demo.form.OrderForm,org.springframework.validation.BindingResult)
Mapped "{[/buyer/product/list],methods=[GET]}" onto public com.imooc.demo.VO.ResultVO com.imooc.demo.controller.BuyerProductController.list()
Mapped "{[/error]}" onto public org.springframework.http.ResponseEntity<java.util.Map<java.lang.String, java.lang.Object>> org.springframework.boot.autoconfigure.web.BasicErrorController.error(javax.servlet.http.HttpServletRequest)
Mapped "{[/error],produces=[text/html]}" onto public org.springframework.web.servlet.ModelAndView org.springframework.boot.autoconfigure.web.BasicErrorController.errorHtml(javax.servlet.http.HttpServletRequest,javax.servlet.http.HttpServletResponse)
Mapped URL path [/webjars/**] onto handler of type [class org.springframework.web.servlet.resource.ResourceHttpRequestHandler]
Mapped URL path [/**] onto handler of type [class org.springframework.web.servlet.resource.ResourceHttpRequestHandler]
Mapped URL path [/**/favicon.ico] onto handler of type [class org.springframework.web.servlet.resource.ResourceHttpRequestHandler]
Registering beans for JMX exposure on startup
Initializing ProtocolHandler ["http-nio-8080"]
Starting ProtocolHandler ["http-nio-8080"]
Using a shared selector for servlet write/read
Tomcat started on port(s): 8080 (http)
Started SellApplication in 11.026 seconds (JVM running for 18.363)
Initializing Spring FrameworkServlet 'dispatcherServlet'
FrameworkServlet 'dispatcherServlet': initialization started
FrameworkServlet 'dispatcherServlet': initialization completed in 25 ms
Closing org.springframework.boot.context.embedded.AnnotationConfigEmbeddedWebApplicationContext@22bac7bc: startup date [Fri Nov 17 13:12:56 CST 2017]; root of context hierarchy
Unregistering JMX-exposed beans on shutdown
Closing JPA EntityManagerFactory for persistence unit 'default'
HV000001: Hibernate Validator 5.3.5.Final
Starting SellApplication on kzysuredeMacBook-Pro.local with PID 7074 (/Users/kzysure/workspace/Test/sell/target/classes started by kzysure in /Users/kzysure/workspace/Test/sell)
No active profile set, falling back to default profiles: default
Refreshing org.springframework.boot.context.embedded.AnnotationConfigEmbeddedWebApplicationContext@79a1728c: startup date [Fri Nov 17 13:22:18 CST 2017]; root of context hierarchy
Tomcat initialized with port(s): 8080 (http)
Starting service [Tomcat]
Starting Servlet Engine: Apache Tomcat/8.5.23
Initializing Spring embedded WebApplicationContext
Root WebApplicationContext: initialization completed in 2916 ms
Mapping servlet: 'dispatcherServlet' to [/]
Mapping filter: 'characterEncodingFilter' to: [/*]
Mapping filter: 'hiddenHttpMethodFilter' to: [/*]
Mapping filter: 'httpPutFormContentFilter' to: [/*]
Mapping filter: 'requestContextFilter' to: [/*]
Building JPA container EntityManagerFactory for persistence unit 'default'
HHH000204: Processing PersistenceUnitInfo [
	name: default
	...]
HHH000412: Hibernate Core {5.0.12.Final}
HHH000206: hibernate.properties not found
HHH000021: Bytecode provider name : javassist
HCANN000001: Hibernate Commons Annotations {5.0.1.Final}
HHH000400: Using dialect: org.hibernate.dialect.MySQL5Dialect
Initialized JPA EntityManagerFactory for persistence unit 'default'
Looking for @ControllerAdvice: org.springframework.boot.context.embedded.AnnotationConfigEmbeddedWebApplicationContext@79a1728c: startup date [Fri Nov 17 13:22:18 CST 2017]; root of context hierarchy
Mapped "{[/buyer/order/create],methods=[POST]}" onto public com.imooc.demo.VO.ResultVO<java.util.Map<java.lang.String, java.lang.String>> com.imooc.demo.controller.BuyerOrderController.createOrder(com.imooc.demo.form.OrderForm,org.springframework.validation.BindingResult)
Mapped "{[/buyer/product/list],methods=[GET]}" onto public com.imooc.demo.VO.ResultVO com.imooc.demo.controller.BuyerProductController.list()
Mapped "{[/error]}" onto public org.springframework.http.ResponseEntity<java.util.Map<java.lang.String, java.lang.Object>> org.springframework.boot.autoconfigure.web.BasicErrorController.error(javax.servlet.http.HttpServletRequest)
Mapped "{[/error],produces=[text/html]}" onto public org.springframework.web.servlet.ModelAndView org.springframework.boot.autoconfigure.web.BasicErrorController.errorHtml(javax.servlet.http.HttpServletRequest,javax.servlet.http.HttpServletResponse)
Mapped URL path [/webjars/**] onto handler of type [class org.springframework.web.servlet.resource.ResourceHttpRequestHandler]
Mapped URL path [/**] onto handler of type [class org.springframework.web.servlet.resource.ResourceHttpRequestHandler]
Mapped URL path [/**/favicon.ico] onto handler of type [class org.springframework.web.servlet.resource.ResourceHttpRequestHandler]
Registering beans for JMX exposure on startup
Initializing ProtocolHandler ["http-nio-8080"]
Starting ProtocolHandler ["http-nio-8080"]
Using a shared selector for servlet write/read
Tomcat started on port(s): 8080 (http)
Started SellApplication in 9.734 seconds (JVM running for 16.446)
Initializing Spring FrameworkServlet 'dispatcherServlet'
FrameworkServlet 'dispatcherServlet': initialization started
FrameworkServlet 'dispatcherServlet': initialization completed in 23 ms
Closing org.springframework.boot.context.embedded.AnnotationConfigEmbeddedWebApplicationContext@79a1728c: startup date [Fri Nov 17 13:22:18 CST 2017]; root of context hierarchy
Unregistering JMX-exposed beans on shutdown
Closing JPA EntityManagerFactory for persistence unit 'default'
HV000001: Hibernate Validator 5.3.5.Final
Starting SellApplication on kzysuredeMacBook-Pro.local with PID 7092 (/Users/kzysure/workspace/Test/sell/target/classes started by kzysure in /Users/kzysure/workspace/Test/sell)
No active profile set, falling back to default profiles: default
Refreshing org.springframework.boot.context.embedded.AnnotationConfigEmbeddedWebApplicationContext@22bac7bc: startup date [Fri Nov 17 13:27:22 CST 2017]; root of context hierarchy
Tomcat initialized with port(s): 8080 (http)
Starting service [Tomcat]
Starting Servlet Engine: Apache Tomcat/8.5.23
Initializing Spring embedded WebApplicationContext
Root WebApplicationContext: initialization completed in 2670 ms
Mapping servlet: 'dispatcherServlet' to [/]
Mapping filter: 'characterEncodingFilter' to: [/*]
Mapping filter: 'hiddenHttpMethodFilter' to: [/*]
Mapping filter: 'httpPutFormContentFilter' to: [/*]
Mapping filter: 'requestContextFilter' to: [/*]
Building JPA container EntityManagerFactory for persistence unit 'default'
HHH000204: Processing PersistenceUnitInfo [
	name: default
	...]
HHH000412: Hibernate Core {5.0.12.Final}
HHH000206: hibernate.properties not found
HHH000021: Bytecode provider name : javassist
HCANN000001: Hibernate Commons Annotations {5.0.1.Final}
HHH000400: Using dialect: org.hibernate.dialect.MySQL5Dialect
Initialized JPA EntityManagerFactory for persistence unit 'default'
Looking for @ControllerAdvice: org.springframework.boot.context.embedded.AnnotationConfigEmbeddedWebApplicationContext@22bac7bc: startup date [Fri Nov 17 13:27:22 CST 2017]; root of context hierarchy
Mapped "{[/buyer/order/create],methods=[POST]}" onto public com.imooc.demo.VO.ResultVO<java.util.Map<java.lang.String, java.lang.String>> com.imooc.demo.controller.BuyerOrderController.createOrder(com.imooc.demo.form.OrderForm,org.springframework.validation.BindingResult)
Mapped "{[/buyer/product/list],methods=[GET]}" onto public com.imooc.demo.VO.ResultVO com.imooc.demo.controller.BuyerProductController.list()
Mapped "{[/error]}" onto public org.springframework.http.ResponseEntity<java.util.Map<java.lang.String, java.lang.Object>> org.springframework.boot.autoconfigure.web.BasicErrorController.error(javax.servlet.http.HttpServletRequest)
Mapped "{[/error],produces=[text/html]}" onto public org.springframework.web.servlet.ModelAndView org.springframework.boot.autoconfigure.web.BasicErrorController.errorHtml(javax.servlet.http.HttpServletRequest,javax.servlet.http.HttpServletResponse)
Mapped URL path [/webjars/**] onto handler of type [class org.springframework.web.servlet.resource.ResourceHttpRequestHandler]
Mapped URL path [/**] onto handler of type [class org.springframework.web.servlet.resource.ResourceHttpRequestHandler]
Mapped URL path [/**/favicon.ico] onto handler of type [class org.springframework.web.servlet.resource.ResourceHttpRequestHandler]
Registering beans for JMX exposure on startup
Initializing ProtocolHandler ["http-nio-8080"]
Starting ProtocolHandler ["http-nio-8080"]
Using a shared selector for servlet write/read
Tomcat started on port(s): 8080 (http)
Started SellApplication in 8.219 seconds (JVM running for 13.795)
Initializing Spring FrameworkServlet 'dispatcherServlet'
FrameworkServlet 'dispatcherServlet': initialization started
FrameworkServlet 'dispatcherServlet': initialization completed in 19 ms
Mapped URL path [/**/favicon.ico] onto handler of type [class org.springframework.web.servlet.resource.ResourceHttpRequestHandler]
Mapped "{[/buyer/product/list],methods=[GET]}" onto public com.imooc.demo.VO.ResultVO com.imooc.demo.controller.BuyerProductController.list()
Mapped "{[/error]}" onto public org.springframework.http.ResponseEntity<java.util.Map<java.lang.String, java.lang.Object>> org.springframework.boot.autoconfigure.web.BasicErrorController.error(javax.servlet.http.HttpServletRequest)
Mapped "{[/error],produces=[text/html]}" onto public org.springframework.web.servlet.ModelAndView org.springframework.boot.autoconfigure.web.BasicErrorController.errorHtml(javax.servlet.http.HttpServletRequest,javax.servlet.http.HttpServletResponse)
Mapped "{[/buyer/order/create],methods=[POST]}" onto public com.imooc.demo.VO.ResultVO<java.util.Map<java.lang.String, java.lang.String>> com.imooc.demo.controller.BuyerOrderController.createOrder(com.imooc.demo.form.OrderForm,org.springframework.validation.BindingResult)
Mapped "{[/buyer/order/list],methods=[GET]}" onto public com.imooc.demo.VO.ResultVO com.imooc.demo.controller.BuyerOrderController.findList(com.imooc.demo.form.ListForm)
Closing org.springframework.boot.context.embedded.AnnotationConfigEmbeddedWebApplicationContext@22bac7bc: startup date [Fri Nov 17 13:27:22 CST 2017]; root of context hierarchy
Unregistering JMX-exposed beans on shutdown
Closing JPA EntityManagerFactory for persistence unit 'default'
HV000001: Hibernate Validator 5.3.5.Final
Starting SellApplication on kzysuredeMacBook-Pro.local with PID 7276 (/Users/kzysure/workspace/Test/sell/target/classes started by kzysure in /Users/kzysure/workspace/Test/sell)
No active profile set, falling back to default profiles: default
Refreshing org.springframework.boot.context.embedded.AnnotationConfigEmbeddedWebApplicationContext@1ded7b14: startup date [Fri Nov 17 13:57:57 CST 2017]; root of context hierarchy
Tomcat initialized with port(s): 8080 (http)
Starting service [Tomcat]
Starting Servlet Engine: Apache Tomcat/8.5.23
Initializing Spring embedded WebApplicationContext
Root WebApplicationContext: initialization completed in 3264 ms
Mapping servlet: 'dispatcherServlet' to [/]
Mapping filter: 'characterEncodingFilter' to: [/*]
Mapping filter: 'hiddenHttpMethodFilter' to: [/*]
Mapping filter: 'httpPutFormContentFilter' to: [/*]
Mapping filter: 'requestContextFilter' to: [/*]
Building JPA container EntityManagerFactory for persistence unit 'default'
HHH000204: Processing PersistenceUnitInfo [
	name: default
	...]
HHH000412: Hibernate Core {5.0.12.Final}
HHH000206: hibernate.properties not found
HHH000021: Bytecode provider name : javassist
HCANN000001: Hibernate Commons Annotations {5.0.1.Final}
HHH000400: Using dialect: org.hibernate.dialect.MySQL5Dialect
Initialized JPA EntityManagerFactory for persistence unit 'default'
Looking for @ControllerAdvice: org.springframework.boot.context.embedded.AnnotationConfigEmbeddedWebApplicationContext@1ded7b14: startup date [Fri Nov 17 13:57:57 CST 2017]; root of context hierarchy
Mapped "{[/buyer/order/create],methods=[POST]}" onto public com.imooc.demo.VO.ResultVO<java.util.Map<java.lang.String, java.lang.String>> com.imooc.demo.controller.BuyerOrderController.createOrder(com.imooc.demo.form.OrderForm,org.springframework.validation.BindingResult)
Mapped "{[/buyer/order/list],methods=[GET]}" onto public com.imooc.demo.VO.ResultVO com.imooc.demo.controller.BuyerOrderController.findList(com.imooc.demo.form.ListForm)
Mapped "{[/buyer/product/list],methods=[GET]}" onto public com.imooc.demo.VO.ResultVO com.imooc.demo.controller.BuyerProductController.list()
Mapped "{[/error]}" onto public org.springframework.http.ResponseEntity<java.util.Map<java.lang.String, java.lang.Object>> org.springframework.boot.autoconfigure.web.BasicErrorController.error(javax.servlet.http.HttpServletRequest)
Mapped "{[/error],produces=[text/html]}" onto public org.springframework.web.servlet.ModelAndView org.springframework.boot.autoconfigure.web.BasicErrorController.errorHtml(javax.servlet.http.HttpServletRequest,javax.servlet.http.HttpServletResponse)
Mapped URL path [/webjars/**] onto handler of type [class org.springframework.web.servlet.resource.ResourceHttpRequestHandler]
Mapped URL path [/**] onto handler of type [class org.springframework.web.servlet.resource.ResourceHttpRequestHandler]
Mapped URL path [/**/favicon.ico] onto handler of type [class org.springframework.web.servlet.resource.ResourceHttpRequestHandler]
Registering beans for JMX exposure on startup
Initializing ProtocolHandler ["http-nio-8080"]
Starting ProtocolHandler ["http-nio-8080"]
Using a shared selector for servlet write/read
Tomcat started on port(s): 8080 (http)
Started SellApplication in 11.469 seconds (JVM running for 18.141)
Initializing Spring FrameworkServlet 'dispatcherServlet'
FrameworkServlet 'dispatcherServlet': initialization started
FrameworkServlet 'dispatcherServlet': initialization completed in 26 ms
HHH000397: Using ASTQueryTranslatorFactory
Closing org.springframework.boot.context.embedded.AnnotationConfigEmbeddedWebApplicationContext@1ded7b14: startup date [Fri Nov 17 13:57:57 CST 2017]; root of context hierarchy
Unregistering JMX-exposed beans on shutdown
Closing JPA EntityManagerFactory for persistence unit 'default'
HV000001: Hibernate Validator 5.3.5.Final
Starting SellApplication on kzysuredeMacBook-Pro.local with PID 7306 (/Users/kzysure/workspace/Test/sell/target/classes started by kzysure in /Users/kzysure/workspace/Test/sell)
No active profile set, falling back to default profiles: default
Refreshing org.springframework.boot.context.embedded.AnnotationConfigEmbeddedWebApplicationContext@63798ca7: startup date [Fri Nov 17 14:05:42 CST 2017]; root of context hierarchy
Tomcat initialized with port(s): 8080 (http)
Starting service [Tomcat]
Starting Servlet Engine: Apache Tomcat/8.5.23
Initializing Spring embedded WebApplicationContext
Root WebApplicationContext: initialization completed in 2743 ms
Mapping servlet: 'dispatcherServlet' to [/]
Mapping filter: 'characterEncodingFilter' to: [/*]
Mapping filter: 'hiddenHttpMethodFilter' to: [/*]
Mapping filter: 'httpPutFormContentFilter' to: [/*]
Mapping filter: 'requestContextFilter' to: [/*]
Building JPA container EntityManagerFactory for persistence unit 'default'
HHH000204: Processing PersistenceUnitInfo [
	name: default
	...]
HHH000412: Hibernate Core {5.0.12.Final}
HHH000206: hibernate.properties not found
HHH000021: Bytecode provider name : javassist
HCANN000001: Hibernate Commons Annotations {5.0.1.Final}
HHH000400: Using dialect: org.hibernate.dialect.MySQL5Dialect
Initialized JPA EntityManagerFactory for persistence unit 'default'
Looking for @ControllerAdvice: org.springframework.boot.context.embedded.AnnotationConfigEmbeddedWebApplicationContext@63798ca7: startup date [Fri Nov 17 14:05:42 CST 2017]; root of context hierarchy
Mapped "{[/buyer/order/list],methods=[GET]}" onto public com.imooc.demo.VO.ResultVO com.imooc.demo.controller.BuyerOrderController.findList(com.imooc.demo.form.ListForm)
Mapped "{[/buyer/order/create],methods=[POST]}" onto public com.imooc.demo.VO.ResultVO<java.util.Map<java.lang.String, java.lang.String>> com.imooc.demo.controller.BuyerOrderController.createOrder(com.imooc.demo.form.OrderForm,org.springframework.validation.BindingResult)
Mapped "{[/buyer/product/list],methods=[GET]}" onto public com.imooc.demo.VO.ResultVO com.imooc.demo.controller.BuyerProductController.list()
Mapped "{[/error]}" onto public org.springframework.http.ResponseEntity<java.util.Map<java.lang.String, java.lang.Object>> org.springframework.boot.autoconfigure.web.BasicErrorController.error(javax.servlet.http.HttpServletRequest)
Mapped "{[/error],produces=[text/html]}" onto public org.springframework.web.servlet.ModelAndView org.springframework.boot.autoconfigure.web.BasicErrorController.errorHtml(javax.servlet.http.HttpServletRequest,javax.servlet.http.HttpServletResponse)
Mapped URL path [/webjars/**] onto handler of type [class org.springframework.web.servlet.resource.ResourceHttpRequestHandler]
Mapped URL path [/**] onto handler of type [class org.springframework.web.servlet.resource.ResourceHttpRequestHandler]
Mapped URL path [/**/favicon.ico] onto handler of type [class org.springframework.web.servlet.resource.ResourceHttpRequestHandler]
Registering beans for JMX exposure on startup
Initializing ProtocolHandler ["http-nio-8080"]
Starting ProtocolHandler ["http-nio-8080"]
Using a shared selector for servlet write/read
Tomcat started on port(s): 8080 (http)
Started SellApplication in 9.071 seconds (JVM running for 14.259)
Initializing Spring FrameworkServlet 'dispatcherServlet'
FrameworkServlet 'dispatcherServlet': initialization started
FrameworkServlet 'dispatcherServlet': initialization completed in 38 ms
Mapped URL path [/**/favicon.ico] onto handler of type [class org.springframework.web.servlet.resource.ResourceHttpRequestHandler]
HHH000397: Using ASTQueryTranslatorFactory
列表长度为：17
Mapped URL path [/**/favicon.ico] onto handler of type [class org.springframework.web.servlet.resource.ResourceHttpRequestHandler]
Mapped URL path [/**/favicon.ico] onto handler of type [class org.springframework.web.servlet.resource.ResourceHttpRequestHandler]
Mapped URL path [/**/favicon.ico] onto handler of type [class org.springframework.web.servlet.resource.ResourceHttpRequestHandler]
Mapped URL path [/**/favicon.ico] onto handler of type [class org.springframework.web.servlet.resource.ResourceHttpRequestHandler]
Mapped URL path [/**/favicon.ico] onto handler of type [class org.springframework.web.servlet.resource.ResourceHttpRequestHandler]
Starting OrderServiceImplTest on kzysuredeMacBook-Pro.local with PID 7361 (started by kzysure in /Users/kzysure/workspace/Test/sell)
No active profile set, falling back to default profiles: default
Refreshing org.springframework.web.context.support.GenericWebApplicationContext@6f53b8a: startup date [Fri Nov 17 14:22:25 CST 2017]; root of context hierarchy
HV000001: Hibernate Validator 5.3.5.Final
Building JPA container EntityManagerFactory for persistence unit 'default'
HHH000204: Processing PersistenceUnitInfo [
	name: default
	...]
HHH000412: Hibernate Core {5.0.12.Final}
HHH000206: hibernate.properties not found
HHH000021: Bytecode provider name : javassist
HCANN000001: Hibernate Commons Annotations {5.0.1.Final}
HHH000400: Using dialect: org.hibernate.dialect.MySQL5Dialect
Initialized JPA EntityManagerFactory for persistence unit 'default'
Looking for @ControllerAdvice: org.springframework.web.context.support.GenericWebApplicationContext@6f53b8a: startup date [Fri Nov 17 14:22:25 CST 2017]; root of context hierarchy
Mapped "{[/buyer/order/list],methods=[GET]}" onto public com.imooc.demo.VO.ResultVO<java.util.List<com.imooc.demo.dto.OrderDTO>> com.imooc.demo.controller.BuyerOrderController.findList(com.imooc.demo.form.ListForm)
Mapped "{[/buyer/order/create],methods=[POST]}" onto public com.imooc.demo.VO.ResultVO<java.util.Map<java.lang.String, java.lang.String>> com.imooc.demo.controller.BuyerOrderController.createOrder(com.imooc.demo.form.OrderForm,org.springframework.validation.BindingResult)
Mapped "{[/buyer/product/list],methods=[GET]}" onto public com.imooc.demo.VO.ResultVO com.imooc.demo.controller.BuyerProductController.list()
Mapped "{[/error]}" onto public org.springframework.http.ResponseEntity<java.util.Map<java.lang.String, java.lang.Object>> org.springframework.boot.autoconfigure.web.BasicErrorController.error(javax.servlet.http.HttpServletRequest)
Mapped "{[/error],produces=[text/html]}" onto public org.springframework.web.servlet.ModelAndView org.springframework.boot.autoconfigure.web.BasicErrorController.errorHtml(javax.servlet.http.HttpServletRequest,javax.servlet.http.HttpServletResponse)
Mapped URL path [/webjars/**] onto handler of type [class org.springframework.web.servlet.resource.ResourceHttpRequestHandler]
Mapped URL path [/**] onto handler of type [class org.springframework.web.servlet.resource.ResourceHttpRequestHandler]
Mapped URL path [/**/favicon.ico] onto handler of type [class org.springframework.web.servlet.resource.ResourceHttpRequestHandler]
Started OrderServiceImplTest in 8.869 seconds (JVM running for 10.713)
HHH000397: Using ASTQueryTranslatorFactory
数据传输层数据：17
Closing org.springframework.web.context.support.GenericWebApplicationContext@6f53b8a: startup date [Fri Nov 17 14:22:25 CST 2017]; root of context hierarchy
Closing JPA EntityManagerFactory for persistence unit 'default'
Starting OrderServiceImplTest on kzysuredeMacBook-Pro.local with PID 7368 (started by kzysure in /Users/kzysure/workspace/Test/sell)
No active profile set, falling back to default profiles: default
Refreshing org.springframework.web.context.support.GenericWebApplicationContext@5c80cf32: startup date [Fri Nov 17 14:24:30 CST 2017]; root of context hierarchy
HV000001: Hibernate Validator 5.3.5.Final
Building JPA container EntityManagerFactory for persistence unit 'default'
HHH000204: Processing PersistenceUnitInfo [
	name: default
	...]
HHH000412: Hibernate Core {5.0.12.Final}
HHH000206: hibernate.properties not found
HHH000021: Bytecode provider name : javassist
HCANN000001: Hibernate Commons Annotations {5.0.1.Final}
HHH000400: Using dialect: org.hibernate.dialect.MySQL5Dialect
Initialized JPA EntityManagerFactory for persistence unit 'default'
Looking for @ControllerAdvice: org.springframework.web.context.support.GenericWebApplicationContext@5c80cf32: startup date [Fri Nov 17 14:24:30 CST 2017]; root of context hierarchy
Mapped "{[/buyer/order/create],methods=[POST]}" onto public com.imooc.demo.VO.ResultVO<java.util.Map<java.lang.String, java.lang.String>> com.imooc.demo.controller.BuyerOrderController.createOrder(com.imooc.demo.form.OrderForm,org.springframework.validation.BindingResult)
Mapped "{[/buyer/order/list],methods=[GET]}" onto public com.imooc.demo.VO.ResultVO<java.util.List<com.imooc.demo.dto.OrderDTO>> com.imooc.demo.controller.BuyerOrderController.findList(com.imooc.demo.form.ListForm)
Mapped "{[/buyer/product/list],methods=[GET]}" onto public com.imooc.demo.VO.ResultVO com.imooc.demo.controller.BuyerProductController.list()
Mapped "{[/error]}" onto public org.springframework.http.ResponseEntity<java.util.Map<java.lang.String, java.lang.Object>> org.springframework.boot.autoconfigure.web.BasicErrorController.error(javax.servlet.http.HttpServletRequest)
Mapped "{[/error],produces=[text/html]}" onto public org.springframework.web.servlet.ModelAndView org.springframework.boot.autoconfigure.web.BasicErrorController.errorHtml(javax.servlet.http.HttpServletRequest,javax.servlet.http.HttpServletResponse)
Mapped URL path [/webjars/**] onto handler of type [class org.springframework.web.servlet.resource.ResourceHttpRequestHandler]
Mapped URL path [/**] onto handler of type [class org.springframework.web.servlet.resource.ResourceHttpRequestHandler]
Mapped URL path [/**/favicon.ico] onto handler of type [class org.springframework.web.servlet.resource.ResourceHttpRequestHandler]
Started OrderServiceImplTest in 8.544 seconds (JVM running for 10.156)
HHH000397: Using ASTQueryTranslatorFactory
数据传输层数据：[]
Closing org.springframework.web.context.support.GenericWebApplicationContext@5c80cf32: startup date [Fri Nov 17 14:24:30 CST 2017]; root of context hierarchy
Closing JPA EntityManagerFactory for persistence unit 'default'
Starting OrderServiceImplTest on kzysuredeMacBook-Pro.local with PID 7401 (started by kzysure in /Users/kzysure/workspace/Test/sell)
No active profile set, falling back to default profiles: default
Refreshing org.springframework.web.context.support.GenericWebApplicationContext@7d3430a7: startup date [Fri Nov 17 14:34:46 CST 2017]; root of context hierarchy
HV000001: Hibernate Validator 5.3.5.Final
Building JPA container EntityManagerFactory for persistence unit 'default'
HHH000204: Processing PersistenceUnitInfo [
	name: default
	...]
HHH000412: Hibernate Core {5.0.12.Final}
HHH000206: hibernate.properties not found
HHH000021: Bytecode provider name : javassist
HCANN000001: Hibernate Commons Annotations {5.0.1.Final}
HHH000400: Using dialect: org.hibernate.dialect.MySQL5Dialect
Initialized JPA EntityManagerFactory for persistence unit 'default'
Looking for @ControllerAdvice: org.springframework.web.context.support.GenericWebApplicationContext@7d3430a7: startup date [Fri Nov 17 14:34:46 CST 2017]; root of context hierarchy
Mapped "{[/buyer/order/list],methods=[GET]}" onto public com.imooc.demo.VO.ResultVO<java.util.List<com.imooc.demo.dto.OrderDTO>> com.imooc.demo.controller.BuyerOrderController.findList(com.imooc.demo.form.ListForm)
Mapped "{[/buyer/order/create],methods=[POST]}" onto public com.imooc.demo.VO.ResultVO<java.util.Map<java.lang.String, java.lang.String>> com.imooc.demo.controller.BuyerOrderController.createOrder(com.imooc.demo.form.OrderForm,org.springframework.validation.BindingResult)
Mapped "{[/buyer/product/list],methods=[GET]}" onto public com.imooc.demo.VO.ResultVO com.imooc.demo.controller.BuyerProductController.list()
Mapped "{[/error]}" onto public org.springframework.http.ResponseEntity<java.util.Map<java.lang.String, java.lang.Object>> org.springframework.boot.autoconfigure.web.BasicErrorController.error(javax.servlet.http.HttpServletRequest)
Mapped "{[/error],produces=[text/html]}" onto public org.springframework.web.servlet.ModelAndView org.springframework.boot.autoconfigure.web.BasicErrorController.errorHtml(javax.servlet.http.HttpServletRequest,javax.servlet.http.HttpServletResponse)
Mapped URL path [/webjars/**] onto handler of type [class org.springframework.web.servlet.resource.ResourceHttpRequestHandler]
Mapped URL path [/**] onto handler of type [class org.springframework.web.servlet.resource.ResourceHttpRequestHandler]
Mapped URL path [/**/favicon.ico] onto handler of type [class org.springframework.web.servlet.resource.ResourceHttpRequestHandler]
Started OrderServiceImplTest in 9.905 seconds (JVM running for 12.119)
HHH000397: Using ASTQueryTranslatorFactory
Starting OrderServiceImplTest on kzysuredeMacBook-Pro.local with PID 7413 (started by kzysure in /Users/kzysure/workspace/Test/sell)
No active profile set, falling back to default profiles: default
Refreshing org.springframework.web.context.support.GenericWebApplicationContext@665e9289: startup date [Fri Nov 17 14:40:26 CST 2017]; root of context hierarchy
HV000001: Hibernate Validator 5.3.5.Final
Building JPA container EntityManagerFactory for persistence unit 'default'
HHH000204: Processing PersistenceUnitInfo [
	name: default
	...]
HHH000412: Hibernate Core {5.0.12.Final}
HHH000206: hibernate.properties not found
HHH000021: Bytecode provider name : javassist
HCANN000001: Hibernate Commons Annotations {5.0.1.Final}
HHH000400: Using dialect: org.hibernate.dialect.MySQL5Dialect
Initialized JPA EntityManagerFactory for persistence unit 'default'
Looking for @ControllerAdvice: org.springframework.web.context.support.GenericWebApplicationContext@665e9289: startup date [Fri Nov 17 14:40:26 CST 2017]; root of context hierarchy
Mapped "{[/buyer/order/list],methods=[GET]}" onto public com.imooc.demo.VO.ResultVO<java.util.List<com.imooc.demo.dto.OrderDTO>> com.imooc.demo.controller.BuyerOrderController.findList(com.imooc.demo.form.ListForm)
Mapped "{[/buyer/order/create],methods=[POST]}" onto public com.imooc.demo.VO.ResultVO<java.util.Map<java.lang.String, java.lang.String>> com.imooc.demo.controller.BuyerOrderController.createOrder(com.imooc.demo.form.OrderForm,org.springframework.validation.BindingResult)
Mapped "{[/buyer/product/list],methods=[GET]}" onto public com.imooc.demo.VO.ResultVO com.imooc.demo.controller.BuyerProductController.list()
Mapped "{[/error]}" onto public org.springframework.http.ResponseEntity<java.util.Map<java.lang.String, java.lang.Object>> org.springframework.boot.autoconfigure.web.BasicErrorController.error(javax.servlet.http.HttpServletRequest)
Mapped "{[/error],produces=[text/html]}" onto public org.springframework.web.servlet.ModelAndView org.springframework.boot.autoconfigure.web.BasicErrorController.errorHtml(javax.servlet.http.HttpServletRequest,javax.servlet.http.HttpServletResponse)
Mapped URL path [/webjars/**] onto handler of type [class org.springframework.web.servlet.resource.ResourceHttpRequestHandler]
Mapped URL path [/**] onto handler of type [class org.springframework.web.servlet.resource.ResourceHttpRequestHandler]
Mapped URL path [/**/favicon.ico] onto handler of type [class org.springframework.web.servlet.resource.ResourceHttpRequestHandler]
Started OrderServiceImplTest in 10.978 seconds (JVM running for 13.572)
HHH000397: Using ASTQueryTranslatorFactory
Starting OrderServiceImplTest on kzysuredeMacBook-Pro.local with PID 7420 (started by kzysure in /Users/kzysure/workspace/Test/sell)
No active profile set, falling back to default profiles: default
Refreshing org.springframework.web.context.support.GenericWebApplicationContext@7d3430a7: startup date [Fri Nov 17 14:41:37 CST 2017]; root of context hierarchy
HV000001: Hibernate Validator 5.3.5.Final
Building JPA container EntityManagerFactory for persistence unit 'default'
HHH000204: Processing PersistenceUnitInfo [
	name: default
	...]
HHH000412: Hibernate Core {5.0.12.Final}
HHH000206: hibernate.properties not found
HHH000021: Bytecode provider name : javassist
HCANN000001: Hibernate Commons Annotations {5.0.1.Final}
HHH000400: Using dialect: org.hibernate.dialect.MySQL5Dialect
Initialized JPA EntityManagerFactory for persistence unit 'default'
Looking for @ControllerAdvice: org.springframework.web.context.support.GenericWebApplicationContext@7d3430a7: startup date [Fri Nov 17 14:41:37 CST 2017]; root of context hierarchy
Mapped "{[/buyer/order/list],methods=[GET]}" onto public com.imooc.demo.VO.ResultVO<java.util.List<com.imooc.demo.dto.OrderDTO>> com.imooc.demo.controller.BuyerOrderController.findList(com.imooc.demo.form.ListForm)
Mapped "{[/buyer/order/create],methods=[POST]}" onto public com.imooc.demo.VO.ResultVO<java.util.Map<java.lang.String, java.lang.String>> com.imooc.demo.controller.BuyerOrderController.createOrder(com.imooc.demo.form.OrderForm,org.springframework.validation.BindingResult)
Mapped "{[/buyer/product/list],methods=[GET]}" onto public com.imooc.demo.VO.ResultVO com.imooc.demo.controller.BuyerProductController.list()
Mapped "{[/error]}" onto public org.springframework.http.ResponseEntity<java.util.Map<java.lang.String, java.lang.Object>> org.springframework.boot.autoconfigure.web.BasicErrorController.error(javax.servlet.http.HttpServletRequest)
Mapped "{[/error],produces=[text/html]}" onto public org.springframework.web.servlet.ModelAndView org.springframework.boot.autoconfigure.web.BasicErrorController.errorHtml(javax.servlet.http.HttpServletRequest,javax.servlet.http.HttpServletResponse)
Mapped URL path [/webjars/**] onto handler of type [class org.springframework.web.servlet.resource.ResourceHttpRequestHandler]
Mapped URL path [/**] onto handler of type [class org.springframework.web.servlet.resource.ResourceHttpRequestHandler]
Mapped URL path [/**/favicon.ico] onto handler of type [class org.springframework.web.servlet.resource.ResourceHttpRequestHandler]
Started OrderServiceImplTest in 11.914 seconds (JVM running for 14.362)
HHH000397: Using ASTQueryTranslatorFactory
Starting OrderServiceImplTest on kzysuredeMacBook-Pro.local with PID 7426 (started by kzysure in /Users/kzysure/workspace/Test/sell)
No active profile set, falling back to default profiles: default
Refreshing org.springframework.web.context.support.GenericWebApplicationContext@6f53b8a: startup date [Fri Nov 17 14:44:11 CST 2017]; root of context hierarchy
HV000001: Hibernate Validator 5.3.5.Final
Building JPA container EntityManagerFactory for persistence unit 'default'
HHH000204: Processing PersistenceUnitInfo [
	name: default
	...]
HHH000412: Hibernate Core {5.0.12.Final}
HHH000206: hibernate.properties not found
HHH000021: Bytecode provider name : javassist
HCANN000001: Hibernate Commons Annotations {5.0.1.Final}
HHH000400: Using dialect: org.hibernate.dialect.MySQL5Dialect
Initialized JPA EntityManagerFactory for persistence unit 'default'
Looking for @ControllerAdvice: org.springframework.web.context.support.GenericWebApplicationContext@6f53b8a: startup date [Fri Nov 17 14:44:11 CST 2017]; root of context hierarchy
Mapped "{[/buyer/order/list],methods=[GET]}" onto public com.imooc.demo.VO.ResultVO<java.util.List<com.imooc.demo.dto.OrderDTO>> com.imooc.demo.controller.BuyerOrderController.findList(com.imooc.demo.form.ListForm)
Mapped "{[/buyer/order/create],methods=[POST]}" onto public com.imooc.demo.VO.ResultVO<java.util.Map<java.lang.String, java.lang.String>> com.imooc.demo.controller.BuyerOrderController.createOrder(com.imooc.demo.form.OrderForm,org.springframework.validation.BindingResult)
Mapped "{[/buyer/product/list],methods=[GET]}" onto public com.imooc.demo.VO.ResultVO com.imooc.demo.controller.BuyerProductController.list()
Mapped "{[/error]}" onto public org.springframework.http.ResponseEntity<java.util.Map<java.lang.String, java.lang.Object>> org.springframework.boot.autoconfigure.web.BasicErrorController.error(javax.servlet.http.HttpServletRequest)
Mapped "{[/error],produces=[text/html]}" onto public org.springframework.web.servlet.ModelAndView org.springframework.boot.autoconfigure.web.BasicErrorController.errorHtml(javax.servlet.http.HttpServletRequest,javax.servlet.http.HttpServletResponse)
Mapped URL path [/webjars/**] onto handler of type [class org.springframework.web.servlet.resource.ResourceHttpRequestHandler]
Mapped URL path [/**] onto handler of type [class org.springframework.web.servlet.resource.ResourceHttpRequestHandler]
Mapped URL path [/**/favicon.ico] onto handler of type [class org.springframework.web.servlet.resource.ResourceHttpRequestHandler]
Started OrderServiceImplTest in 10.202 seconds (JVM running for 12.074)
HHH000397: Using ASTQueryTranslatorFactory
数据传输层数据：[]
Closing org.springframework.web.context.support.GenericWebApplicationContext@6f53b8a: startup date [Fri Nov 17 14:44:11 CST 2017]; root of context hierarchy
Closing JPA EntityManagerFactory for persistence unit 'default'
Starting OrderServiceImplTest on kzysuredeMacBook-Pro.local with PID 7428 (started by kzysure in /Users/kzysure/workspace/Test/sell)
No active profile set, falling back to default profiles: default
Refreshing org.springframework.web.context.support.GenericWebApplicationContext@665e9289: startup date [Fri Nov 17 14:44:43 CST 2017]; root of context hierarchy
HV000001: Hibernate Validator 5.3.5.Final
Building JPA container EntityManagerFactory for persistence unit 'default'
HHH000204: Processing PersistenceUnitInfo [
	name: default
	...]
HHH000412: Hibernate Core {5.0.12.Final}
HHH000206: hibernate.properties not found
HHH000021: Bytecode provider name : javassist
HCANN000001: Hibernate Commons Annotations {5.0.1.Final}
HHH000400: Using dialect: org.hibernate.dialect.MySQL5Dialect
Initialized JPA EntityManagerFactory for persistence unit 'default'
Looking for @ControllerAdvice: org.springframework.web.context.support.GenericWebApplicationContext@665e9289: startup date [Fri Nov 17 14:44:43 CST 2017]; root of context hierarchy
Mapped "{[/buyer/order/list],methods=[GET]}" onto public com.imooc.demo.VO.ResultVO<java.util.List<com.imooc.demo.dto.OrderDTO>> com.imooc.demo.controller.BuyerOrderController.findList(com.imooc.demo.form.ListForm)
Mapped "{[/buyer/order/create],methods=[POST]}" onto public com.imooc.demo.VO.ResultVO<java.util.Map<java.lang.String, java.lang.String>> com.imooc.demo.controller.BuyerOrderController.createOrder(com.imooc.demo.form.OrderForm,org.springframework.validation.BindingResult)
Mapped "{[/buyer/product/list],methods=[GET]}" onto public com.imooc.demo.VO.ResultVO com.imooc.demo.controller.BuyerProductController.list()
Mapped "{[/error]}" onto public org.springframework.http.ResponseEntity<java.util.Map<java.lang.String, java.lang.Object>> org.springframework.boot.autoconfigure.web.BasicErrorController.error(javax.servlet.http.HttpServletRequest)
Mapped "{[/error],produces=[text/html]}" onto public org.springframework.web.servlet.ModelAndView org.springframework.boot.autoconfigure.web.BasicErrorController.errorHtml(javax.servlet.http.HttpServletRequest,javax.servlet.http.HttpServletResponse)
Mapped URL path [/webjars/**] onto handler of type [class org.springframework.web.servlet.resource.ResourceHttpRequestHandler]
Mapped URL path [/**] onto handler of type [class org.springframework.web.servlet.resource.ResourceHttpRequestHandler]
Mapped URL path [/**/favicon.ico] onto handler of type [class org.springframework.web.servlet.resource.ResourceHttpRequestHandler]
Started OrderServiceImplTest in 10.455 seconds (JVM running for 12.664)
HHH000397: Using ASTQueryTranslatorFactory
Starting OrderServiceImplTest on kzysuredeMacBook-Pro.local with PID 7435 (started by kzysure in /Users/kzysure/workspace/Test/sell)
No active profile set, falling back to default profiles: default
Refreshing org.springframework.web.context.support.GenericWebApplicationContext@6f53b8a: startup date [Fri Nov 17 14:46:33 CST 2017]; root of context hierarchy
HV000001: Hibernate Validator 5.3.5.Final
Building JPA container EntityManagerFactory for persistence unit 'default'
HHH000204: Processing PersistenceUnitInfo [
	name: default
	...]
HHH000412: Hibernate Core {5.0.12.Final}
HHH000206: hibernate.properties not found
HHH000021: Bytecode provider name : javassist
HCANN000001: Hibernate Commons Annotations {5.0.1.Final}
HHH000400: Using dialect: org.hibernate.dialect.MySQL5Dialect
Initialized JPA EntityManagerFactory for persistence unit 'default'
Looking for @ControllerAdvice: org.springframework.web.context.support.GenericWebApplicationContext@6f53b8a: startup date [Fri Nov 17 14:46:33 CST 2017]; root of context hierarchy
Mapped "{[/buyer/order/create],methods=[POST]}" onto public com.imooc.demo.VO.ResultVO<java.util.Map<java.lang.String, java.lang.String>> com.imooc.demo.controller.BuyerOrderController.createOrder(com.imooc.demo.form.OrderForm,org.springframework.validation.BindingResult)
Mapped "{[/buyer/order/list],methods=[GET]}" onto public com.imooc.demo.VO.ResultVO<java.util.List<com.imooc.demo.dto.OrderDTO>> com.imooc.demo.controller.BuyerOrderController.findList(com.imooc.demo.form.ListForm)
Mapped "{[/buyer/product/list],methods=[GET]}" onto public com.imooc.demo.VO.ResultVO com.imooc.demo.controller.BuyerProductController.list()
Mapped "{[/error]}" onto public org.springframework.http.ResponseEntity<java.util.Map<java.lang.String, java.lang.Object>> org.springframework.boot.autoconfigure.web.BasicErrorController.error(javax.servlet.http.HttpServletRequest)
Mapped "{[/error],produces=[text/html]}" onto public org.springframework.web.servlet.ModelAndView org.springframework.boot.autoconfigure.web.BasicErrorController.errorHtml(javax.servlet.http.HttpServletRequest,javax.servlet.http.HttpServletResponse)
Mapped URL path [/webjars/**] onto handler of type [class org.springframework.web.servlet.resource.ResourceHttpRequestHandler]
Mapped URL path [/**] onto handler of type [class org.springframework.web.servlet.resource.ResourceHttpRequestHandler]
Mapped URL path [/**/favicon.ico] onto handler of type [class org.springframework.web.servlet.resource.ResourceHttpRequestHandler]
Started OrderServiceImplTest in 9.194 seconds (JVM running for 11.071)
HHH000397: Using ASTQueryTranslatorFactory
数据传输层数据：[]
Closing org.springframework.web.context.support.GenericWebApplicationContext@6f53b8a: startup date [Fri Nov 17 14:46:33 CST 2017]; root of context hierarchy
Closing JPA EntityManagerFactory for persistence unit 'default'
Starting OrderServiceImplTest on kzysuredeMacBook-Pro.local with PID 7437 (started by kzysure in /Users/kzysure/workspace/Test/sell)
No active profile set, falling back to default profiles: default
Refreshing org.springframework.web.context.support.GenericWebApplicationContext@6f53b8a: startup date [Fri Nov 17 14:46:50 CST 2017]; root of context hierarchy
HV000001: Hibernate Validator 5.3.5.Final
Building JPA container EntityManagerFactory for persistence unit 'default'
HHH000204: Processing PersistenceUnitInfo [
	name: default
	...]
HHH000412: Hibernate Core {5.0.12.Final}
HHH000206: hibernate.properties not found
HHH000021: Bytecode provider name : javassist
HCANN000001: Hibernate Commons Annotations {5.0.1.Final}
HHH000400: Using dialect: org.hibernate.dialect.MySQL5Dialect
Initialized JPA EntityManagerFactory for persistence unit 'default'
Looking for @ControllerAdvice: org.springframework.web.context.support.GenericWebApplicationContext@6f53b8a: startup date [Fri Nov 17 14:46:50 CST 2017]; root of context hierarchy
Mapped "{[/buyer/order/list],methods=[GET]}" onto public com.imooc.demo.VO.ResultVO<java.util.List<com.imooc.demo.dto.OrderDTO>> com.imooc.demo.controller.BuyerOrderController.findList(com.imooc.demo.form.ListForm)
Mapped "{[/buyer/order/create],methods=[POST]}" onto public com.imooc.demo.VO.ResultVO<java.util.Map<java.lang.String, java.lang.String>> com.imooc.demo.controller.BuyerOrderController.createOrder(com.imooc.demo.form.OrderForm,org.springframework.validation.BindingResult)
Mapped "{[/buyer/product/list],methods=[GET]}" onto public com.imooc.demo.VO.ResultVO com.imooc.demo.controller.BuyerProductController.list()
Mapped "{[/error]}" onto public org.springframework.http.ResponseEntity<java.util.Map<java.lang.String, java.lang.Object>> org.springframework.boot.autoconfigure.web.BasicErrorController.error(javax.servlet.http.HttpServletRequest)
Mapped "{[/error],produces=[text/html]}" onto public org.springframework.web.servlet.ModelAndView org.springframework.boot.autoconfigure.web.BasicErrorController.errorHtml(javax.servlet.http.HttpServletRequest,javax.servlet.http.HttpServletResponse)
Mapped URL path [/webjars/**] onto handler of type [class org.springframework.web.servlet.resource.ResourceHttpRequestHandler]
Mapped URL path [/**] onto handler of type [class org.springframework.web.servlet.resource.ResourceHttpRequestHandler]
Mapped URL path [/**/favicon.ico] onto handler of type [class org.springframework.web.servlet.resource.ResourceHttpRequestHandler]
Started OrderServiceImplTest in 8.629 seconds (JVM running for 10.317)
HHH000397: Using ASTQueryTranslatorFactory
数据传输层数据：[]
Closing org.springframework.web.context.support.GenericWebApplicationContext@6f53b8a: startup date [Fri Nov 17 14:46:50 CST 2017]; root of context hierarchy
Closing JPA EntityManagerFactory for persistence unit 'default'
Starting OrderServiceImplTest on kzysuredeMacBook-Pro.local with PID 7439 (started by kzysure in /Users/kzysure/workspace/Test/sell)
No active profile set, falling back to default profiles: default
Refreshing org.springframework.web.context.support.GenericWebApplicationContext@7d3430a7: startup date [Fri Nov 17 14:47:06 CST 2017]; root of context hierarchy
HV000001: Hibernate Validator 5.3.5.Final
Building JPA container EntityManagerFactory for persistence unit 'default'
HHH000204: Processing PersistenceUnitInfo [
	name: default
	...]
HHH000412: Hibernate Core {5.0.12.Final}
HHH000206: hibernate.properties not found
HHH000021: Bytecode provider name : javassist
HCANN000001: Hibernate Commons Annotations {5.0.1.Final}
HHH000400: Using dialect: org.hibernate.dialect.MySQL5Dialect
Initialized JPA EntityManagerFactory for persistence unit 'default'
Looking for @ControllerAdvice: org.springframework.web.context.support.GenericWebApplicationContext@7d3430a7: startup date [Fri Nov 17 14:47:06 CST 2017]; root of context hierarchy
Mapped "{[/buyer/order/list],methods=[GET]}" onto public com.imooc.demo.VO.ResultVO<java.util.List<com.imooc.demo.dto.OrderDTO>> com.imooc.demo.controller.BuyerOrderController.findList(com.imooc.demo.form.ListForm)
Mapped "{[/buyer/order/create],methods=[POST]}" onto public com.imooc.demo.VO.ResultVO<java.util.Map<java.lang.String, java.lang.String>> com.imooc.demo.controller.BuyerOrderController.createOrder(com.imooc.demo.form.OrderForm,org.springframework.validation.BindingResult)
Mapped "{[/buyer/product/list],methods=[GET]}" onto public com.imooc.demo.VO.ResultVO com.imooc.demo.controller.BuyerProductController.list()
Mapped "{[/error]}" onto public org.springframework.http.ResponseEntity<java.util.Map<java.lang.String, java.lang.Object>> org.springframework.boot.autoconfigure.web.BasicErrorController.error(javax.servlet.http.HttpServletRequest)
Mapped "{[/error],produces=[text/html]}" onto public org.springframework.web.servlet.ModelAndView org.springframework.boot.autoconfigure.web.BasicErrorController.errorHtml(javax.servlet.http.HttpServletRequest,javax.servlet.http.HttpServletResponse)
Mapped URL path [/webjars/**] onto handler of type [class org.springframework.web.servlet.resource.ResourceHttpRequestHandler]
Mapped URL path [/**] onto handler of type [class org.springframework.web.servlet.resource.ResourceHttpRequestHandler]
Mapped URL path [/**/favicon.ico] onto handler of type [class org.springframework.web.servlet.resource.ResourceHttpRequestHandler]
Started OrderServiceImplTest in 10.097 seconds (JVM running for 12.263)
HHH000397: Using ASTQueryTranslatorFactory
Mapped URL path [/webjars/**] onto handler of type [class org.springframework.web.servlet.resource.ResourceHttpRequestHandler]
Mapped URL path [/**] onto handler of type [class org.springframework.web.servlet.resource.ResourceHttpRequestHandler]
Mapped URL path [/**/favicon.ico] onto handler of type [class org.springframework.web.servlet.resource.ResourceHttpRequestHandler]
Mapped "{[/buyer/product/list],methods=[GET]}" onto public com.imooc.demo.VO.ResultVO com.imooc.demo.controller.BuyerProductController.list()
Mapped "{[/error]}" onto public org.springframework.http.ResponseEntity<java.util.Map<java.lang.String, java.lang.Object>> org.springframework.boot.autoconfigure.web.BasicErrorController.error(javax.servlet.http.HttpServletRequest)
Mapped "{[/error],produces=[text/html]}" onto public org.springframework.web.servlet.ModelAndView org.springframework.boot.autoconfigure.web.BasicErrorController.errorHtml(javax.servlet.http.HttpServletRequest,javax.servlet.http.HttpServletResponse)
Mapped "{[/buyer/order/list],methods=[GET]}" onto public com.imooc.demo.VO.ResultVO<java.util.List<com.imooc.demo.dto.OrderDTO>> com.imooc.demo.controller.BuyerOrderController.findList(com.imooc.demo.form.ListForm)
Mapped "{[/buyer/order/create],methods=[POST]}" onto public com.imooc.demo.VO.ResultVO<java.util.Map<java.lang.String, java.lang.String>> com.imooc.demo.controller.BuyerOrderController.createOrder(com.imooc.demo.form.OrderForm,org.springframework.validation.BindingResult)
Mapped "{[/buyer/order/one],methods=[GET]}" onto public com.imooc.demo.VO.ResultVO<java.util.List<com.imooc.demo.dto.OrderDTO>> com.imooc.demo.controller.BuyerOrderController.finOne(java.lang.String,java.lang.String)
Starting OrderServiceImplTest on kzysuredeMacBook-Pro.local with PID 7796 (started by kzysure in /Users/kzysure/workspace/Test/sell)
No active profile set, falling back to default profiles: default
Refreshing org.springframework.web.context.support.GenericWebApplicationContext@7a5ceedd: startup date [Fri Nov 17 16:01:29 CST 2017]; root of context hierarchy
HV000001: Hibernate Validator 5.3.5.Final
Building JPA container EntityManagerFactory for persistence unit 'default'
HHH000204: Processing PersistenceUnitInfo [
	name: default
	...]
HHH000412: Hibernate Core {5.0.12.Final}
HHH000206: hibernate.properties not found
HHH000021: Bytecode provider name : javassist
HCANN000001: Hibernate Commons Annotations {5.0.1.Final}
HHH000400: Using dialect: org.hibernate.dialect.MySQL5Dialect
Initialized JPA EntityManagerFactory for persistence unit 'default'
Looking for @ControllerAdvice: org.springframework.web.context.support.GenericWebApplicationContext@7a5ceedd: startup date [Fri Nov 17 16:01:29 CST 2017]; root of context hierarchy
Mapped "{[/buyer/order/one],methods=[GET]}" onto public com.imooc.demo.VO.ResultVO<java.util.List<com.imooc.demo.dto.OrderDTO>> com.imooc.demo.controller.BuyerOrderController.finOne(java.lang.String,java.lang.String)
Mapped "{[/buyer/order/list],methods=[GET]}" onto public com.imooc.demo.VO.ResultVO<java.util.List<com.imooc.demo.dto.OrderDTO>> com.imooc.demo.controller.BuyerOrderController.findList(com.imooc.demo.form.ListForm)
Mapped "{[/buyer/order/create],methods=[POST]}" onto public com.imooc.demo.VO.ResultVO<java.util.Map<java.lang.String, java.lang.String>> com.imooc.demo.controller.BuyerOrderController.createOrder(com.imooc.demo.form.OrderForm,org.springframework.validation.BindingResult)
Mapped "{[/buyer/product/list],methods=[GET]}" onto public com.imooc.demo.VO.ResultVO com.imooc.demo.controller.BuyerProductController.list()
Mapped "{[/error]}" onto public org.springframework.http.ResponseEntity<java.util.Map<java.lang.String, java.lang.Object>> org.springframework.boot.autoconfigure.web.BasicErrorController.error(javax.servlet.http.HttpServletRequest)
Mapped "{[/error],produces=[text/html]}" onto public org.springframework.web.servlet.ModelAndView org.springframework.boot.autoconfigure.web.BasicErrorController.errorHtml(javax.servlet.http.HttpServletRequest,javax.servlet.http.HttpServletResponse)
Mapped URL path [/webjars/**] onto handler of type [class org.springframework.web.servlet.resource.ResourceHttpRequestHandler]
Mapped URL path [/**] onto handler of type [class org.springframework.web.servlet.resource.ResourceHttpRequestHandler]
Mapped URL path [/**/favicon.ico] onto handler of type [class org.springframework.web.servlet.resource.ResourceHttpRequestHandler]
Started OrderServiceImplTest in 13.303 seconds (JVM running for 15.238)
HHH000397: Using ASTQueryTranslatorFactory
数据传输层数据：[OrderDTO(orderId=15107401539468244729, buyerName=喵星人, buyerPhone=18888888888, buyerAddress=上高, buyerOpenid=yrl, orderAmount=1040.00, orderStatus=0, payStatus=0, createTime=2017-11-15 10:02:34.0, updateTime=2017-11-15 10:02:34.0, orderDetailList=null), OrderDTO(orderId=15107409604174384225, buyerName=喵星人, buyerPhone=18888888888, buyerAddress=上高, buyerOpenid=yrl, orderAmount=1040.00, orderStatus=0, payStatus=0, createTime=2017-11-15 10:16:00.0, updateTime=2017-11-15 10:16:00.0, orderDetailList=null)]
Closing org.springframework.web.context.support.GenericWebApplicationContext@7a5ceedd: startup date [Fri Nov 17 16:01:29 CST 2017]; root of context hierarchy
Closing JPA EntityManagerFactory for persistence unit 'default'
Closing org.springframework.boot.context.embedded.AnnotationConfigEmbeddedWebApplicationContext@63798ca7: startup date [Fri Nov 17 14:05:42 CST 2017]; root of context hierarchy
Unregistering JMX-exposed beans on shutdown
Closing JPA EntityManagerFactory for persistence unit 'default'
HV000001: Hibernate Validator 5.3.5.Final
Starting SellApplication on kzysuredeMacBook-Pro.local with PID 7799 (/Users/kzysure/workspace/Test/sell/target/classes started by kzysure in /Users/kzysure/workspace/Test/sell)
No active profile set, falling back to default profiles: default
Refreshing org.springframework.boot.context.embedded.AnnotationConfigEmbeddedWebApplicationContext@43f82e78: startup date [Fri Nov 17 16:01:50 CST 2017]; root of context hierarchy
Tomcat initialized with port(s): 8080 (http)
Starting service [Tomcat]
Starting Servlet Engine: Apache Tomcat/8.5.23
Initializing Spring embedded WebApplicationContext
Root WebApplicationContext: initialization completed in 2516 ms
Mapping servlet: 'dispatcherServlet' to [/]
Mapping filter: 'characterEncodingFilter' to: [/*]
Mapping filter: 'hiddenHttpMethodFilter' to: [/*]
Mapping filter: 'httpPutFormContentFilter' to: [/*]
Mapping filter: 'requestContextFilter' to: [/*]
Building JPA container EntityManagerFactory for persistence unit 'default'
HHH000204: Processing PersistenceUnitInfo [
	name: default
	...]
HHH000412: Hibernate Core {5.0.12.Final}
HHH000206: hibernate.properties not found
HHH000021: Bytecode provider name : javassist
HCANN000001: Hibernate Commons Annotations {5.0.1.Final}
HHH000400: Using dialect: org.hibernate.dialect.MySQL5Dialect
Initialized JPA EntityManagerFactory for persistence unit 'default'
Looking for @ControllerAdvice: org.springframework.boot.context.embedded.AnnotationConfigEmbeddedWebApplicationContext@43f82e78: startup date [Fri Nov 17 16:01:50 CST 2017]; root of context hierarchy
Mapped "{[/buyer/order/list],methods=[GET]}" onto public com.imooc.demo.VO.ResultVO<java.util.List<com.imooc.demo.dto.OrderDTO>> com.imooc.demo.controller.BuyerOrderController.findList(com.imooc.demo.form.ListForm)
Mapped "{[/buyer/order/one],methods=[GET]}" onto public com.imooc.demo.VO.ResultVO<java.util.List<com.imooc.demo.dto.OrderDTO>> com.imooc.demo.controller.BuyerOrderController.finOne(java.lang.String,java.lang.String)
Mapped "{[/buyer/order/create],methods=[POST]}" onto public com.imooc.demo.VO.ResultVO<java.util.Map<java.lang.String, java.lang.String>> com.imooc.demo.controller.BuyerOrderController.createOrder(com.imooc.demo.form.OrderForm,org.springframework.validation.BindingResult)
Mapped "{[/buyer/product/list],methods=[GET]}" onto public com.imooc.demo.VO.ResultVO com.imooc.demo.controller.BuyerProductController.list()
Mapped "{[/error]}" onto public org.springframework.http.ResponseEntity<java.util.Map<java.lang.String, java.lang.Object>> org.springframework.boot.autoconfigure.web.BasicErrorController.error(javax.servlet.http.HttpServletRequest)
Mapped "{[/error],produces=[text/html]}" onto public org.springframework.web.servlet.ModelAndView org.springframework.boot.autoconfigure.web.BasicErrorController.errorHtml(javax.servlet.http.HttpServletRequest,javax.servlet.http.HttpServletResponse)
Mapped URL path [/webjars/**] onto handler of type [class org.springframework.web.servlet.resource.ResourceHttpRequestHandler]
Mapped URL path [/**] onto handler of type [class org.springframework.web.servlet.resource.ResourceHttpRequestHandler]
Mapped URL path [/**/favicon.ico] onto handler of type [class org.springframework.web.servlet.resource.ResourceHttpRequestHandler]
Registering beans for JMX exposure on startup
Initializing ProtocolHandler ["http-nio-8080"]
Starting ProtocolHandler ["http-nio-8080"]
Using a shared selector for servlet write/read
Tomcat started on port(s): 8080 (http)
Started SellApplication in 7.94 seconds (JVM running for 13.497)
Initializing Spring FrameworkServlet 'dispatcherServlet'
FrameworkServlet 'dispatcherServlet': initialization started
FrameworkServlet 'dispatcherServlet': initialization completed in 18 ms
HHH000397: Using ASTQueryTranslatorFactory
